2025-11-05 23:14:01 | 용어집 노드 실행: Vision Transformer가 뭐야?
2025-11-05 23:14:01 | 난이도: easy
2025-11-05 23:14:02 | 검색 결과: 258 글자
2025-11-05 23:14:02 | 수준 'elementary' 답변 생성 시작
2025-11-05 23:14:04 | 수준 'elementary' 답변 생성 완료: 315 글자
2025-11-05 23:14:04 | ================================================================================
2025-11-05 23:14:04 | [elementary 답변 전체 내용]
2025-11-05 23:14:04 | **Vision Transformer(ViT)🖼️🤖**는 **이미지를 이해하는 인공지능 친구**예요!  

- **이미지를 조각내서 공부해요** ➡️ 마치 **레고 조각을 하나씩 보듯** 그림을 작은 칸으로 나누고(패치), 각 조각을 '시각 단어'로 바꿔요.  
- **관계를 찾아 이해해** ➡️ 트랜스포머가 이 조각들 사이의 연결고리(예: "강아지의 귀와 몸")를 발견해 전체 그림을 파악하죠! **퀴즈 풀 때 힌트를 조합하는 것**과 비슷해요.  

예를 들어, **퍼즐 맞추기**처럼 조각들을 보며 "아! 이건 강아지 사진이구나!"라고 알아내는 거예요 ✨🐶
2025-11-05 23:14:04 | ================================================================================
2025-11-05 23:14:04 | 수준 'beginner' 답변 생성 시작
2025-11-05 23:14:07 | 수준 'beginner' 답변 생성 완료: 824 글자
2025-11-05 23:14:07 | ================================================================================
2025-11-05 23:14:07 | [beginner 답변 전체 내용]
2025-11-05 23:14:07 | **Vision Transformer (ViT, 비전 트랜스포머)**를 쉽게 설명해 드릴게요! 🌟

### 🔍 핵심 개념
ViT는 원래 **텍스트 분석**에 사용하던 트랜스포머(Transformer) 기술을 **이미지 처리**에 적용한 모델이에요.  
이미지를 작은 조각(패치)으로 나누어 각 조각을 "시각 단어"로 변환한 뒤, 전체 이미지의 관계를 학습하는 방식이죠.  
(트랜스포머: 문장에서 단어 간 관계를 분석하는 AI 모델)

### 🍝 실생활 비유
"피자 조각처럼 이미지를 잘게 나누어 맛보고,  
전체 피자 맛을 유추하는 것"과 비슷해요!  
각 패치(조각)가 주변 패치와 어떻게 연결되는지 학습해  
이미지 전체를 이해하게 됩니다.

### 📷 구체적 예시
1. **강아지 vs 고양이 분류**  
   - 이미지를 16x16 픽셀 조각으로 나눈 후, 각 조각이 귀, 눈, 코와 같은 특징을 가졌는지 분석해 동물을 구별합니다.
2. **의료 영상 분석**  
   - X-ray 이미지를 패치 단위로 나누어 종양 위치를 정확히 찾아낼 수 있어요.

### ⚠️ 관련 용어
- **과적합(Overfitting)**: ViT는 데이터가 부족할 때 패치 간 관계를 잘못 학습할 수 있어요. (예: "고양이 귀"만 보고 다른 동물까지 고양이라고 판단)
- **CNN(합성곱 신경망)**: ViT 이전에 이미지 처리의 표준 기술이었지만, ViT는 더 넓은 범위의 관계를 학습할 수 있다는 장점이 있어요!

### 💡 한 줄 요약
"ViT는 이미지를 조각내어 트랜스포머로 학습시키는 모델로,  
텍스트처럼 이미지의 전체적인 맥락을 이해하는 컴퓨터 비전 기술이에요!" 😊
2025-11-05 23:14:07 | ================================================================================
