2025-11-05 15:11:07 | RAG 검색 노드 실행: "Attention Is All You Need" 논문 요약해서 저장해줘
2025-11-05 15:11:07 | 난이도: easy
2025-11-05 15:11:08 | 검색 결과: 4382 글자
2025-11-05 15:11:08 | 수준 'elementary' 답변 생성 시작
2025-11-05 15:11:11 | 수준 'elementary' 답변 생성 완료: 668 글자
2025-11-05 15:11:11 | ================================================================================
2025-11-05 15:11:11 | [elementary 답변 전체 내용]
2025-11-05 15:11:11 | 📚 **"중요한 것 찾는 방법"** (원제: "Attention Is All You Need") 논문을 소개할게요!  

1. **중요한 것 찾는 방법** (2017, Vaswani 과학자 등)  
   ✨ 이 논문은 **문장을 번역하거나 이해할 때 "중요한 단어에 집중"**하는 인공지능 기술을 설명합니다.  
   예를 들어 "고양이가 소파에 앉았다"를 번역할 때 "고양이"와 "앉았다"에 더 주목하는 거죠! (🔍 논문 유사도 0.5720)  

2. **번역 기계의 비밀** (2019, Felix 과학자)  
   🌐 이 논문은 **컴퓨터가 여러 언어를 어떻게 번역하는지** 종합적으로 분석한 리뷰 논문이에요.  
   "중요한 것 찾는 방법" 기술도 번역에 활용된다는 사실! 알고 보니 이 방법이 엄청 유용하네요. (📖 유사도 0.5721)  

3. **말소리를 글로 바꾸는 기술** (2022, Chendong 과학자 등)  
   🗣️ 음성을 텍스트로 변환할 때 **"중요한 소리에만 집중"**하는 효율적인 방법을 연구했어요.  
   "중요한 것 찾는 방법"을 응용해 더 빠르고 정확하게 변환한다고 해요! (🔬 유사도 0.5777)  

> 💡 초등학생이 이해하기 쉽게 요약하자면,  
> **"중요한 부분에만 집중하는 인공지능 기술"**이 여러 분야에서 활약한다는 거예요! 😊
2025-11-05 15:11:11 | ================================================================================
2025-11-05 15:11:11 | 수준 'beginner' 답변 생성 시작
2025-11-05 15:11:15 | 수준 'beginner' 답변 생성 완료: 940 글자
2025-11-05 15:11:15 | ================================================================================
2025-11-05 15:11:15 | [beginner 답변 전체 내용]
2025-11-05 15:11:15 | 질문하신 **"Attention Is All You Need"** 논문은 검색 결과에는 직접 포함되어 있지 않지만, 여러 논문에서 **참조된 핵심 연구**입니다. 유사도 점수가 낮은 논문들(1~3번) 중에서도 이 논문이 언급되고 있답니다! 아래에 쉽게 설명해 드릴게요.  

---

### 1. **Attention Is All You Need** (Vaswani et al., 2017)  
- **제목**: *"Attention Is All You Need"* (트랜스포머의 탄생 논문)  
- **핵심 내용**:  
  - 기존 순환 신경망(RNN)이나 합성곱 신경망(CNN) 대신 **어텐션 메커니즘**만으로 번역 모델을 설계했습니다.  
  - **트랜스포머(Transformer)**라는 새로운 아키텍처를 제안해 병렬 처리 속도를 획기적으로 개선했어요.  
  - "멀티-헤드 어텐션"이라는 기술로 단어 간 관계를 동시에 분석하면서도 계산 효율성을 높였습니다.  
  - 번역 작업에서 당시 최고 성능을 기록하며 NLP 분야의 패러다임을 바꿨습니다.  

- **왜 중요한가요?**  
  - 현재 GPT, BERT 등 대부분의 AI 모델의 기반이 되는 트랜스포머의 시초입니다.  
  - RNN의 순차적 처리 한계를 극복해 **고속 학습**과 **긴 문장 처리**가 가능해졌습니다.  

- **참고**: 검색 결과 1~3번 논문의 참고문헌으로 등장하며, 유사도 점수는 없지만 **NLP 역사의 이정표**로 꼽히는 논문입니다.  

---

### 추가 설명  
- **어텐션 메커니즘**: 문장에서 중요한 단어에 "집중"해 번역하는 방식 (예: "사과를 먹다"에서 "먹다"에 집중해 동사 처리).  
- **트랜스포머**: 병렬 계산으로 RNN보다 훨씬 빠르게 대규모 데이터 학습이 가능합니다.  

이 논문 이후로 AI 모델은 점점 더 커지고 정교해졌답니다! 😊
2025-11-05 15:11:15 | ================================================================================
