2025-11-09 21:46:54 | 첫 실행: 새 채팅 자동 생성 (난이도: easy)
2025-11-09 21:46:56 | 용어 추출 범위 변경 (슬라이더): 1-17개
2025-11-09 21:47:09 | 사용자 질문: "Attention Is All You Need" 논문 요약해줘
2025-11-09 21:47:09 | Agent 실행 시작 (난이도: easy)
2025-11-09 21:47:47 | 선택된 도구: summarize (📄 논문 요약)
2025-11-09 21:47:47 | 답변 생성 완료 (926 글자)
2025-11-09 21:47:58 | 용어집에 5개 용어 자동 저장 (설정: 1-17개)
2025-11-09 21:47:58 | 답변 품질 평가 시작
2025-11-09 21:48:32 | 평가 완료 - 총점: 33/40
2025-11-09 21:50:25 | 사용자 질문: 이 논문의 한계점은 뭐야?
2025-11-09 21:50:25 | Agent 실행 시작 (난이도: easy)
2025-11-09 21:50:42 | 선택된 도구: search_paper (📚 RAG 논문 검색)
2025-11-09 21:50:42 | 답변 생성 완료 (2218 글자)
2025-11-09 21:50:55 | 용어집에 6개 용어 자동 저장 (설정: 1-17개)
2025-11-09 21:50:55 | 답변 품질 평가 시작
2025-11-09 21:52:04 | 평가 완료 - 총점: 15/40
2025-11-09 21:52:12 | 사용자 질문: 2024년 BERT 계열 논문 통계 보여주고 대표 논문 하나 요약해줘
2025-11-09 21:52:12 | Agent 실행 시작 (난이도: easy)
2025-11-09 21:52:39 | 선택된 도구: search_paper (📚 RAG 논문 검색)
2025-11-09 21:52:39 | 답변 생성 완료 (1338 글자)
2025-11-09 21:52:49 | 용어집에 6개 용어 자동 저장 (설정: 1-17개)
2025-11-09 21:52:49 | 답변 품질 평가 시작
2025-11-09 21:53:18 | 평가 완료 - 총점: 22/40
2025-11-09 21:53:35 | 사용자 질문: 개선한 후속 연구 있어?
2025-11-09 21:53:35 | Agent 실행 시작 (난이도: easy)
2025-11-09 21:53:49 | 선택된 도구: search_paper (📚 RAG 논문 검색)
2025-11-09 21:53:49 | 답변 생성 완료 (1216 글자)
2025-11-09 21:54:00 | 용어집에 5개 용어 자동 저장 (설정: 1-17개)
2025-11-09 21:54:00 | 답변 품질 평가 시작
2025-11-09 21:54:37 | 평가 완료 - 총점: 19/40
2025-11-09 21:54:54 | 사용자 질문: 2022년 이후 Attention 메커니즘 관련 논문을 연도별로 보여줘
2025-11-09 21:54:54 | Agent 실행 시작 (난이도: easy)
2025-11-09 21:55:10 | 선택된 도구: search_paper (📚 RAG 논문 검색)
2025-11-09 21:55:10 | 답변 생성 완료 (1725 글자)
2025-11-09 21:55:28 | 용어집에 14개 용어 자동 저장 (설정: 1-17개)
2025-11-09 21:55:28 | 답변 품질 평가 시작
2025-11-09 21:55:37 | 평가 완료 - 총점: 25/40
2025-11-09 21:56:12 | 사용자 질문: 카테고리별 논문 수 통계 보여줘
2025-11-09 21:56:12 | Agent 실행 시작 (난이도: easy)
2025-11-09 21:56:16 | 선택된 도구: text2sql (📊 통계 조회)
2025-11-09 21:56:16 | 답변 생성 완료 (890 글자)
2025-11-09 21:56:16 | 용어 추출 스킵 (도구: text2sql)
2025-11-09 21:56:16 | 답변 품질 평가 시작
2025-11-09 21:56:41 | 평가 완료 - 총점: 17/40
2025-11-09 21:57:06 | 사용자 질문: 2024년 인용 수 상위 10개 논문 제목 알려줘
2025-11-09 21:57:06 | Agent 실행 시작 (난이도: easy)
2025-11-09 21:57:22 | 선택된 도구: search_paper (📚 RAG 논문 검색)
2025-11-09 21:57:22 | 답변 생성 완료 (1215 글자)
2025-11-09 21:57:32 | 용어집에 4개 용어 자동 저장 (설정: 1-17개)
2025-11-09 21:57:32 | 답변 품질 평가 시작
2025-11-09 21:58:25 | 평가 완료 - 총점: 17/40
2025-11-09 21:58:40 | 사용자 질문: 2024년에 나온 AI 논문 몇 개야?
2025-11-09 21:58:40 | Agent 실행 시작 (난이도: easy)
2025-11-09 21:58:44 | 선택된 도구: text2sql (📊 통계 조회)
2025-11-09 21:58:44 | 답변 생성 완료 (895 글자)
2025-11-09 21:58:44 | 용어 추출 스킵 (도구: text2sql)
2025-11-09 21:58:44 | 답변 품질 평가 시작
2025-11-09 21:58:51 | 평가 완료 - 총점: 22/40
2025-11-09 21:59:01 | 사용자 질문: 전체 대화 저장해줘
2025-11-09 21:59:01 | Agent 실행 시작 (난이도: easy)
2025-11-09 21:59:01 | 선택된 도구: save_file (💾 파일 저장)
2025-11-09 21:59:01 | 답변 생성 완료 (122 글자)
2025-11-09 21:59:01 | 용어 추출 스킵 (도구: save_file)
2025-11-09 21:59:01 | 답변 품질 평가 시작
2025-11-09 21:59:12 | 평가 완료 - 총점: 25/40
