2025-11-01 03:15:49 | 세션 시작: session_002
2025-11-01 03:15:49 | 폴더 경로: experiments/20251101/20251101_031549_session_002
2025-11-01 03:15:49 | ============================================================
2025-11-01 03:15:49 | AI Agent 실행 시작
2025-11-01 03:15:49 | ============================================================
2025-11-01 03:15:49 | Agent 그래프 생성 시작
2025-11-01 03:15:49 | Agent 그래프 생성 시작
2025-11-01 03:15:49 | Agent 그래프 컴파일 완료
2025-11-01 03:15:49 | Agent 그래프 생성 완료
2025-11-01 03:15:49 | ChatMemoryManager 초기화 완료
2025-11-01 03:15:49 | ------------------------------------------------------------
2025-11-01 03:15:49 | 질문 1: Transformer 모델의 핵심 개념을 설명해줘
2025-11-01 03:15:49 | 난이도: easy
2025-11-01 03:15:49 | Agent invoke 시작
2025-11-01 03:15:50 | Agent invoke 완료
2025-11-01 03:15:50 | 선택된 도구: summarize
2025-11-01 03:15:50 | 답변 길이: 189 글자
2025-11-01 03:15:50 | 대화 메모리에 추가 완료
2025-11-01 03:15:50 | ------------------------------------------------------------
2025-11-01 03:15:50 | 질문 2: Attention is All You Need 논문을 요약해줘
2025-11-01 03:15:50 | 난이도: hard
2025-11-01 03:15:50 | Agent invoke 시작
2025-11-01 03:15:52 | Agent invoke 완료
2025-11-01 03:15:52 | 선택된 도구: summarize
2025-11-01 03:15:52 | 답변 길이: 189 글자
2025-11-01 03:15:52 | 대화 메모리에 추가 완료
2025-11-01 03:15:52 | ------------------------------------------------------------
2025-11-01 03:15:52 | 질문 3: Self-Attention이 뭐야?
2025-11-01 03:15:52 | 난이도: easy
2025-11-01 03:15:52 | Agent invoke 시작
2025-11-01 03:15:53 | Agent invoke 완료
2025-11-01 03:15:53 | 선택된 도구: glossary
2025-11-01 03:15:53 | 답변 길이: 188 글자
2025-11-01 03:15:53 | 대화 메모리에 추가 완료
2025-11-01 03:15:53 | ------------------------------------------------------------
2025-11-01 03:15:53 | 질문 4: BERT와 GPT의 차이점을 논문 검색해서 알려줘
2025-11-01 03:15:53 | 난이도: hard
2025-11-01 03:15:53 | Agent invoke 시작
2025-11-01 03:15:53 | Agent invoke 완료
2025-11-01 03:15:53 | 선택된 도구: search_paper
2025-11-01 03:15:53 | 답변 길이: 89 글자
2025-11-01 03:15:53 | 대화 메모리에 추가 완료
2025-11-01 03:15:53 | ------------------------------------------------------------
2025-11-01 03:15:53 | 질문 5: NLP 논문 최신 동향을 웹에서 검색해줘
2025-11-01 03:15:53 | 난이도: easy
2025-11-01 03:15:53 | Agent invoke 시작
2025-11-01 03:16:08 | Agent invoke 완료
2025-11-01 03:16:08 | 선택된 도구: web_search
2025-11-01 03:16:08 | 답변 길이: 816 글자
2025-11-01 03:16:08 | 대화 메모리에 추가 완료
2025-11-01 03:16:08 | ============================================================
2025-11-01 03:16:08 | AI Agent 실행 완료
2025-11-01 03:16:08 | 총 질문 수: 5개
2025-11-01 03:16:08 | 대화 메모리 메시지 수: 10개
2025-11-01 03:16:08 | ============================================================
2025-11-01 03:16:08 | ==================================================
2025-11-01 03:16:08 | 실험 종료
2025-11-01 03:16:08 | ==================================================
