2025-11-05 23:13:29 | 첫 실행: 새 채팅 자동 생성 (난이도: easy)
2025-11-05 23:14:01 | 사용자 질문: Vision Transformer가 뭐야?
2025-11-05 23:14:01 | Agent 실행 시작 (난이도: easy)
2025-11-05 23:14:07 | 선택된 도구: glossary (📖 RAG 용어집)
2025-11-05 23:14:07 | 답변 생성 완료 (824 글자)
2025-11-05 23:14:11 | 사용자 질문: 관련 논문 찾아줘
2025-11-05 23:14:11 | Agent 실행 시작 (난이도: easy)
2025-11-05 23:14:13 | 용어집에 1개 용어 자동 저장 (설정: 1-5개)
2025-11-05 23:14:23 | 선택된 도구: search_paper (📚 RAG 논문 검색)
2025-11-05 23:14:23 | 답변 생성 완료 (1826 글자)
2025-11-05 23:14:33 | 용어집에 2개 용어 자동 저장 (설정: 1-5개)
2025-11-05 23:14:33 | 답변 품질 평가 시작
2025-11-05 23:15:08 | 평가 완료 - 총점: 20/40
2025-11-05 23:16:41 | 사용자 질문: GPT 논문 찾아서 요약해서 저장해줘
2025-11-05 23:16:41 | Agent 실행 시작 (난이도: easy)
2025-11-05 23:17:33 | 선택된 도구: save_file (💾 파일 저장)
2025-11-05 23:17:33 | 답변 생성 완료 (122 글자)
2025-11-05 23:17:33 | 용어 추출 스킵 (도구: save_file)
2025-11-05 23:17:33 | 답변 품질 평가 시작
2025-11-05 23:18:03 | 평가 완료 - 총점: 31/40
