2025-11-09 20:55:05 | 용어집 노드 실행: 이 논문의 한계점은 뭐야?
2025-11-09 20:55:05 | 난이도: easy
2025-11-09 20:55:06 | 검색 결과: 17 글자
2025-11-09 20:55:06 | 수준 'elementary' 답변 생성 시작
2025-11-09 20:55:07 | 수준 'elementary' 답변 생성 완료: 220 글자
2025-11-09 20:55:07 | ================================================================================
2025-11-09 20:55:07 | [elementary 답변 전체 내용]
2025-11-09 20:55:07 | 이 논문의 한계점은 아직 알 수 없어요! 🤔  
마치 **레고 블록으로 만든 탑이 완성되기 전에**  
어디가 부족한지 확인하기 어려운 것처럼,  
아직 이 논문을 제대로 분석하지 못했기 때문이에요.  

논문에서 다루지 않은 부분이나 실험 데이터가 부족하다면  
그건 마치 **학교 시험에서 틀린 문제를 다시 풀지 않는 것**과 같을 거예요!  
더 자세히 알려주시면 쉽게 설명해 드릴게요 ✨
2025-11-09 20:55:07 | ================================================================================
2025-11-09 20:55:07 | 수준 'beginner' 답변 생성 시작
2025-11-09 20:55:10 | 수준 'beginner' 답변 생성 완료: 727 글자
2025-11-09 20:55:10 | ================================================================================
2025-11-09 20:55:10 | [beginner 답변 전체 내용]
2025-11-09 20:55:10 | 논문에서 다루는 주제와 관련된 용어를 찾은 것 같아요! 😊  
하지만 검색 결과에서 직접적인 한계점이 언급되지 않았네요. 일반적으로 학술 논문의 한계점은 다음과 같은 유형으로 나타나요.  

### 🔍 논문 한계점의 흔한 예시 (실생활 비유 포함)
1. **데이터 부족**  
   - *"시험 공부할 때 참고서 하나만 보고 시험 보는 것과 같아요"*  
   - 예: "실험 데이터가 특정 지역/인종에 치우쳐 있어 일반화하기 어렵다"  

2. **방법론의 제약**  
   - *"요리할 때 레시피 없이 감으로 만드는 것과 비슷해요"*  
   - 예: "이론적 배경 없이 실험적 접근만 사용해 검증이 부족하다"  

3. **외부 변수 통제 불가**  
   - *"비가 오는 날에만 우산이 효과적인지 실험하는 것"*  
   - 예: "사회경제적 요인을 고려하지 못해 결과 해석에 편향이 있을 수 있다"  

4. **기술적 한계**  
   - *"스마트폰 카메라로 천체 사진을 찍는 것"*  
   - 예: "저해상도 장비 사용으로 미세한 패턴을 포착하지 못했다"  

### 💡 한계점 분석 팁  
- **반대 개념**: "강점(Strength)"과 대비되어 논문의 신뢰성을 평가하는 기준이 됩니다.  
- **향후 연구 방향**과 연결해 언급되면 더 명확해져요. (예: "더 다양한 샘플 수집이 필요하다")  

논문의 구체적인 내용을 알려주시면 더 정확히 분석해 드릴 수 있어요! 😊
2025-11-09 20:55:10 | ================================================================================
