2025-11-05 12:08:27 | RAG 검색 노드 실행: Attention 논문 찾아서 요약해줘
2025-11-05 12:08:27 | 난이도: easy
2025-11-05 12:08:29 | 검색 결과: 4857 글자
2025-11-05 12:08:29 | 수준 'elementary' 답변 생성 시작
2025-11-05 12:08:31 | 수준 'elementary' 답변 생성 완료: 494 글자
2025-11-05 12:08:31 | ================================================================================
2025-11-05 12:08:31 | [elementary 답변 전체 내용]
2025-11-05 12:08:31 | 앗! **Attention** 논문은 검색 결과에 없네요. 🔍  
대신 **생체 의학 분야 AI**에 관한 재미있는 논문 3개를 소개해 드릴게요!  

1. **"의학 논문 읽는 똑똑한 AI" (MedicalBERT)**  
   🌟 의학 글을 잘 이해하는 AI 모델을 개발한 논문이에요. 과학자들이 의료 기록을 분석하거나 진단을 도울 수 있도록 훈련시켰답니다!  

2. **"단백질 친구 찾기 대작전" (GPT/BERT 단백질 상호작용 분석)**  
   🧬 AI가 과학 논문에서 단백질들이 어떻게 협력하는지 찾아내는 방법을 연구한 거예요. 마치 단백질들의 우정을 탐구하는 것 같아요!  

3. **"생물 이름 사전 만들기" (LINNAEUS 코퍼스)**  
   📖 과학 논문에서 박테리아·바이러스 등의 이름을 자동으로 정리하는 데이터셋을 소개한 논문입니다. 생물 분류의 달인이 될 수 있어요!  

> Attention 관련 논문이 필요하면 다른 키워드로 검색해 볼까요? 😊
2025-11-05 12:08:31 | ================================================================================
2025-11-05 12:08:31 | 수준 'beginner' 답변 생성 시작
2025-11-05 12:08:38 | 수준 'beginner' 답변 생성 완료: 1640 글자
2025-11-05 12:08:38 | ================================================================================
2025-11-05 12:08:38 | [beginner 답변 전체 내용]
2025-11-05 12:08:38 | 검색된 논문 중 **"Attention"** 메커니즘과 직접적으로 관련된 논문은 없지만, BERT와 GPT 기반 모델을 다룬 논문들을 통해 간접적으로 연관된 내용을 소개할 수 있습니다. 특히 BERT는 **"Self-Attention"** 메커니즘을 핵심으로 하는 트랜스포머 아키텍처를 사용합니다. 아래는 검색 결과와 유사한 주제의 논문 요약입니다:

---

### 1. **MedicalBERT: enhancing biomedical natural language processing using pretrained BERT-based model**  
- **저자**: K. Sahit Reddy 외 (2025)  
- **핵심 내용**:  
  - 의료 분야 텍스트를 분석하기 위해 BERT 모델을 특화시킨 **MedicalBERT**를 제안했습니다.  
  - PubMed 등의 논문에서 추출한 2,000개 이상의 초록을 화학 분류(48개 클래스)로 수동 라벨링해 학습했습니다.  
  - 생물 의학 분야(예: 세균학, 의학)에서 **생물 종 이름 인식** 정확도를 개선했습니다.  
- **중요성**:  
  - BERT의 **Self-Attention** 메커니즘이 의학 용어 간의 복잡한 관계를 포착하는 데 효과적임을 입증했습니다.  
  - 의료 NLP 작업의 표준화된 데이터셋 구축에 기여했습니다.  
- **유사도 점수**: 0.6269~0.6277  

---

### 2. **Evaluation of GPT and BERT-based models on identifying protein-protein interactions in biomedical text**  
- **저자**: Hasin Rehana 외 (2023)  
- **핵심 내용**:  
  - GPT와 BERT 모델을 비교해 **단백질 상호작용**을 텍스트에서 추출하는 성능을 평가했습니다.  
  - 생물학 논문(예: *J Biomed Semantics*)에서 발췌한 데이터를 활용했습니다.  
  - BERT가 **관계 추출** 작업에서 GPT보다 우수한 성능을 보였습니다.  
- **중요성**:  
  - BERT의 Attention 메커니즘이 **과학적 문헌에서의 관계 분석**에 적합함을 확인했습니다.  
  - 단백질 상호작용 예측 모델 개발에 활용 가능합니다.  
- **유사도 점수**: 0.6361~0.6366  

---

### 참고: 원본 "Attention" 논문  
검색 결과에는 없지만, **Attention 메커니즘**을 처음 제안한 논문은 다음과 같습니다:  
- **"Attention Is All You Need" (Vaswani et al., 2017)**  
  - 트랜스포머 모델의 핵심 아이디어인 **Self-Attention**을 소개했습니다.  
  - 번역 작업에서 RNN/LSTM을 대체하는 혁신적인 아키텍처로, 현재 BERT/GPT의 기반이 됩니다.  

---

### 요약  
- 검색된 논문은 모두 **BERT/GPT의 응용**을 다루며, 간접적으로 Attention 메커니즘의 중요성을 보여줍니다.  
- 의료나 생물학 텍스트에서 **복잡한 관계 추출**에 BERT가 효과적임을 강조했습니다.  
- 원본 Attention 논문을 찾으신다면 위의 2017년 논문을 참고하세요! 😊
2025-11-05 12:08:38 | ================================================================================
2025-11-05 12:08:38 | RAG 검색 노드 실행: Transformer 논문 검색해서 요약하고 저장해줘
2025-11-05 12:08:38 | 난이도: easy
2025-11-05 12:08:38 | 검색 결과: 4617 글자
2025-11-05 12:08:39 | 수준 'elementary' 답변 생성 시작
2025-11-05 12:08:41 | 수준 'elementary' 답변 생성 완료: 690 글자
2025-11-05 12:08:41 | ================================================================================
2025-11-05 12:08:41 | [elementary 답변 전체 내용]
2025-11-05 12:08:41 | 🌟 **초등학생을 위한 과학 논문 소개** 📖  

1. **"의학 지식을 배우는 똑똑한 AI"** (MedicalBERT)  
   🏥 이 논문은 의학 용어와 연구 논문을 잘 이해하는 AI 모델을 개발한 거예요. 과학자들이 환자 기록이나 의학 글을 빠르게 분석할 때 도움을 주는 친구랍니다! (저자: K. Sahit Reddy 외 여러 과학자)  

2. **"언어 모델의 숨겨진 규칙 찾기"** (Formal Aspects of Language Modeling)  
   🔍 이 논문은 AI가 언어를 배우는 과정을 수학처럼 분석하는 거예요. 문장 속 숨은 규칙을 발견해 더 똑똑한 번역기나 챗봇을 만들 수 있도록 도와줘요! (저자: Ryan Cotterell 외 과학자 팀)  

3. **"번역 AI의 비밀"** (Google 신경망 번역 시스템)  
   🌍 구글의 번역 기술이 어떻게 사람보다 자연스럽게 변했는지 연구한 논문이에요. 단어를 조합하는 새로운 방법으로 언어 장벽을 낮추는 데 기여했답니다! (참고: Y. Wu 외 과학자)  

> 📌 **추가 설명**:  
> - 첫 번째 논문은 **의학 AI**, 두 번째는 **언어 규칙 분석**, 세 번째는 **번역 기술**에 집중했어요.  
> - 모두 **BERT**나 **Transformer** 같은 AI 기술을 활용해 인간의 언어를 더 잘 이해하려는 시도예요! 😊
2025-11-05 12:08:41 | ================================================================================
2025-11-05 12:08:41 | 수준 'beginner' 답변 생성 시작
2025-11-05 12:08:46 | 수준 'beginner' 답변 생성 완료: 1326 글자
2025-11-05 12:08:46 | ================================================================================
2025-11-05 12:08:46 | [beginner 답변 전체 내용]
2025-11-05 12:08:46 | 안녕하세요! 검색 결과를 살펴보니 **Transformer**와 직접 관련된 논문은 없었지만, **MedicalBERT**와 **언어 모델링의 형식적 측면**을 다룬 논문들을 요약해서 소개합니다. BERT는 Transformer 구조를 기반으로 하기 때문에 간접적으로 도움이 될 거예요! 😊

---

### 1. **MedicalBERT: enhancing biomedical natural language processing using pretrained BERT-based model**  
- **저자**: K. Sahit Reddy 외 (2025)  
- **핵심 내용**:  
  - 의료 및 생명과학 분야의 텍스트 분석을 위해 BERT 모델을 특화한 **MedicalBERT**를 제안.  
  - 임상 기록, 연구 논문 등 전문 용어로 구성된 데이터를 학습해 **질병 진단**, **약물-부작용 유추** 등의 작업에 최적화.  
  - 기존 BERT보다 생체의학 문맥 이해도가 높아짐.  
- **중요성**:  
  - 의료 AI의 핵심 기술인 **자연어 처리(NLP)** 성능을 향상시켜, 환자 기록 자동 분석이나 논문 요약 등에 활용 가능.  
- **유사도 점수**: 0.6057 (낮은 값이 높은 유사도를 의미)  

---

### 2. **Formal Aspects of Language Modeling**  
- **저자**: Ryan Cotterell 외 (2023)  
- **핵심 내용**:  
  - 언어 모델(예: Transformer)의 수학적 원리와 **형식적 구조**를 분석.  
  - "이상적인 언어 모델"이 어떻게 **논리적 추론**이나 **의미 추론**을 수행할 수 있는지 이론적 탐구.  
  - 모델의 한계(예: 순환 논리 오류)를 지적하고 개선 방향 제시.  
- **중요성**:  
  - Transformer의 내부 동작을 이해해 **더 강력한 AI 모델** 설계에 기여.  
  - 복잡한 언어 작업(예: 수학적 증명 생성)에 적용 가능성 열림.  
- **유사도 점수**: 0.6122  

---

### 📌 참고 사항  
- 검색 결과 1~3번은 동일한 **MedicalBERT** 논문으로 보이며, 참조 문헌 목록이 중복되어 나타난 것으로 추정됩니다.  
- **Transformer**와 직접 연결되는 논문은 없었지만, BERT는 Transformer의 **인코더 구조**를 사용하므로 간접적으로 관련이 있습니다.  
- 향후 검색 시에는 "Transformer", "Attention Mechanism" 등의 키워드를 추가해 보시는 걸 추천드려요!  

궁금한 점이 있다면 언제든 질문해 주세요! 😊
2025-11-05 12:08:46 | ================================================================================
