2025-11-05 14:05:27 | RAG 검색 노드 실행: "Attention Is All You Need" 논문 요약해줘
2025-11-05 14:05:27 | 난이도: easy
2025-11-05 14:05:28 | 검색 결과: 4488 글자
2025-11-05 14:05:28 | 수준 'elementary' 답변 생성 시작
2025-11-05 14:05:31 | 수준 'elementary' 답변 생성 완료: 588 글자
2025-11-05 14:05:31 | ================================================================================
2025-11-05 14:05:31 | [elementary 답변 전체 내용]
2025-11-05 14:05:31 | 📚 **"중요한 것만 집중하는 똑똑한 번역기"** 논문을 소개할게요!  

1. **"중요한 것 찾는 방법" 연구** (Vaswani 과학자 등, 2017)  
🔬 이 논문은 **"번역할 때 중요한 단어에 집중하는 기술"**에 대한 거예요. "Attention(주의)"만 잘 활용하면 번역기나 음성 인식 모델을 더 빠르고 정확하게 만들 수 있다는 게 핵심이에요! ✨  

2. **음성 인식 최적화 연구** (Chendong 과학자 등, 2022)  
🔊 이 논문은 **"말소리를 글자로 바꿀 때 중요한 부분만 골라내는 방법"**을 다뤘어요. 복잡한 소리에서도 핵심만 집중적으로 분석하는 기술을 개발했답니다! 🎯  

3. **번역기 종합 보고서** (Felix 과학자, 2019)  
📖 이 논문은 **"인공지능 번역기의 발전 과정"**을 정리한 거예요. "Attention 기술"이 어떻게 번역 품질을 바꿨는지 쉽게 설명해 줘요. 🌍  

> 🎯 원문에서 찾은 [37번 논문]이 바로 **"Attention Is All You Need"**예요! 복잡한 모델 대신 **"집중하는 기술"**만으로 뛰어난 성능을 보인 혁신적인 연구로 유명하답니다. 😊
2025-11-05 14:05:31 | ================================================================================
2025-11-05 14:05:31 | 수준 'beginner' 답변 생성 시작
2025-11-05 14:05:38 | 수준 'beginner' 답변 생성 완료: 1570 글자
2025-11-05 14:05:38 | ================================================================================
2025-11-05 14:05:38 | [beginner 답변 전체 내용]
2025-11-05 14:05:38 | "Attention Is All You Need" (2017) 논문 요약과 함께, 검색 결과에서 관련된 논문들을 쉽게 설명해드릴게요!  

---

### 🔍 1. **"Attention Is All You Need" (Vaswani et al., 2017)**  
- **핵심 내용**:  
  - **트랜스포머(Transformer)** 모델을 제안하며, 기존 RNN(순환 신경망) 기반 기계 번역 모델을 대체했습니다.  
  - **"셀프 어텐션(Self-Attention)"** 메커니즘을 핵심으로 사용해 입력 시퀀스의 모든 단어 관계를 병렬로 처리합니다.  
  - **인코더-디코더 구조**로 구성되며, 위치 인코딩(Positional Encoding)으로 단어 순서 정보를 보존합니다.  
  - 번역 작업에서 기존 모델 대비 **더 빠른 학습 속도**와 **높은 정확도**를 달성했습니다.  

- **중요한 이유**:  
  - 현재 NLP(자연어 처리) 분야의 **표준 아키텍처**가 되었으며, BERT, GPT 등 대부분의 최신 모델의 기반이 됩니다.  
  - 병렬 처리 덕분에 **대규모 데이터 학습**이 가능해졌습니다.  

---

### 📚 검색 결과 중 관련 논문 (트랜스포머 기반 연구)  
#### 1. **"Adaptive Sparse and Monotonic Attention for Transformer-based ASR"** (Zhao et al., 2022)  
- **유사도 점수**: 0.5558 (낮을수록 유사)  
- **핵심 내용**:  
  - 음성 인식(ASR)에 트랜스포머를 적용할 때 **계산 효율성**을 높이기 위해 **희소(Sparse) 어텐션**과 **단조(Monotonic) 어텐션**을 결합했습니다.  
  - "단조 어텐션"은 음성 신호가 시간 순으로 입력되는 특성을 활용한 방식입니다.  
- **중요한 이유**:  
  - 트랜스포머의 계산 복잡도를 줄여 **실시간 음성 인식**에 적합하도록 개선했습니다.  

#### 2. **"Neural Machine Translation: A Review and Survey"** (Stahlberg, 2019)  
- **유사도 점수**: 0.5636  
- **핵심 내용**:  
  - 신경망 기반 기계 번역(NMT)의 발전사를 총정리한 리뷰 논문입니다.  
  - 트랜스포머를 포함한 다양한 모델(Seq2Seq, 어텐션 메커니즘 등)을 비교하며 장단점을 분석합니다.  
- **중요한 이유**:  
  - 트랜스포머의 등장과 영향력을 **역사적 맥락**에서 이해할 수 있습니다.  

---

### 💡 쉽게 이해하는 용어 설명  
- **어텐션(Attention)**: 문장에서 중요한 단어에 "집중"해 의미를 파악하는 기술 (예: "사과"를 "과일"로 해석할 때 "맛있다"에 집중).  
- **셀프 어텐션(Self-Attention)**: 문장 내 모든 단어 간 관계를 계산해 문맥 정보를 학습합니다.  
- **희소 어텐션(Sparse Attention)**: 계산량을 줄이기 위해 일부 연결만 선택적으로 학습합니다.  

도움이 되셨다면 추가로 궁금한 점을 알려주세요! 😊
2025-11-05 14:05:38 | ================================================================================
