2025-11-06 15:02:55 | 첫 실행: 새 채팅 자동 생성 (난이도: easy)
2025-11-06 15:03:29 | 사용자 질문: CNN에서 필터가 하는 일이 뭐야?
2025-11-06 15:03:29 | Agent 실행 시작 (난이도: easy)
2025-11-06 15:03:36 | 선택된 도구: glossary (📖 RAG 용어집)
2025-11-06 15:03:36 | 답변 생성 완료 (780 글자)
2025-11-06 15:03:43 | 답변 품질 평가 시작
2025-11-06 15:04:15 | 평가 완료 - 총점: 29/40
2025-11-06 15:05:00 | 사용자 질문: RAG가 뭔지 설명하고 관련 논문도 요약해서 저장해줘
2025-11-06 15:05:00 | Agent 실행 시작 (난이도: easy)
2025-11-06 15:05:40 | 선택된 도구: save_file (💾 파일 저장)
2025-11-06 15:05:40 | 답변 생성 완료 (274 글자)
2025-11-06 15:05:40 | 용어 추출 스킵 (도구: save_file)
2025-11-06 15:05:40 | 답변 품질 평가 시작
2025-11-06 15:06:16 | 평가 완료 - 총점: 25/40
2025-11-06 15:07:20 | 사용자 질문: 전체 내용 저장해줘
2025-11-06 15:07:20 | Agent 실행 시작 (난이도: easy)
2025-11-06 15:07:20 | 선택된 도구: save_file (💾 파일 저장)
2025-11-06 15:07:20 | 답변 생성 완료 (122 글자)
2025-11-06 15:07:20 | 용어 추출 스킵 (도구: save_file)
2025-11-06 15:07:20 | 답변 품질 평가 시작
2025-11-06 15:07:41 | 평가 완료 - 총점: 25/40
2025-11-06 15:07:43 | 사용자 질문: Multimodal Learning 최신 연구 논문 검색해줘
2025-11-06 15:07:43 | Agent 실행 시작 (난이도: easy)
2025-11-06 15:07:47 | 새 채팅 생성: 난이도=hard
2025-11-06 15:07:49 | 사용자 질문: Multimodal Learning 최신 연구 논문 검색해줘
2025-11-06 15:07:49 | Agent 실행 시작 (난이도: hard)
2025-11-06 15:17:50 | 선택된 도구: general (🗣️ 일반 답변)
2025-11-06 15:17:50 | 답변 생성 완료 (7178 글자)
2025-11-06 15:18:50 | 용어집에 5개 용어 자동 저장 (설정: 1-5개)
2025-11-06 15:18:50 | 답변 품질 평가 시작
2025-11-06 15:19:22 | 평가 완료 - 총점: 36/40
2025-11-06 15:23:19 | 사용자 질문: 전체 저장해줘
2025-11-06 15:23:19 | Agent 실행 시작 (난이도: hard)
2025-11-06 15:23:19 | 선택된 도구: save_file (💾 파일 저장)
2025-11-06 15:23:19 | 답변 생성 완료 (122 글자)
2025-11-06 15:23:19 | 용어 추출 스킵 (도구: save_file)
2025-11-06 15:23:19 | 답변 품질 평가 시작
2025-11-06 15:23:45 | 평가 완료 - 총점: 11/40
