2025-11-05 15:22:07 | 용어집 노드 실행: Transformer가 뭐야?
2025-11-05 15:22:07 | 난이도: easy
2025-11-05 15:22:08 | 검색 결과: 783 글자
2025-11-05 15:22:08 | 수준 'elementary' 답변 생성 시작
2025-11-05 15:22:11 | 수준 'elementary' 답변 생성 완료: 677 글자
2025-11-05 15:22:11 | ================================================================================
2025-11-05 15:22:11 | [elementary 답변 전체 내용]
2025-11-05 15:22:11 | 트랜스포머(Transformer)는 **🗺️ 길 찾는 마법 지도** 같은 AI 모델이에요!  
마치 친구가 여러 명 있을 때, 누구와 어떤 이야기를 나눴는지 기억하면서 **중요한 말에만 집중**할 수 있도록 도와주는 거죠.  

### 🔍 트랜스포머의 비밀 무기
1. **어텐션 메커니즘**(Attention Mechanism)  
   - 긴 문장을 읽을 때 **"형광펜 밑줄"** 치듯 중요한 단어에 집중해요.  
   - 예: "고양이 🐱가 소파에 앉았다" → "고양이"와 "앉았다" 사이를 강하게 연결 🎯  

2. **전문가 팀**(Mixture of Experts)  
   - 어떤 문제냐에 따라 다른 "전문가 모듈"을 불러요.  
   - 수학 문제는 **수학 전문가**, 그림 문제는 **그림 전문가**가 처리하는 것처럼요! 🧑🏫  

3. **밀집 모델 vs 트랜스포머**  
   - 예전 AI(밀집 모델)는 **모든 뉴런을 항상 사용**해 느렸지만,  
   - 트랜스포머는 **필요한 부분만 쏙쏙** 골라 빠르게 계산해요. ⚡  

> 💡 **생활 속 비유**:  
> "교실에서 선생님이 **너만 보고 말할 때**(Attention)처럼,  
> 트랜스포머는 **중요한 정보만 골라 학습**해요!"  

이제 "고양이 🐱와 강아지 🐶"를 동시에 이해할 수 있는 마법 같은 기술이죠! ✨
2025-11-05 15:22:11 | ================================================================================
2025-11-05 15:22:11 | 수준 'beginner' 답변 생성 시작
2025-11-05 15:22:14 | 수준 'beginner' 답변 생성 완료: 955 글자
2025-11-05 15:22:14 | ================================================================================
2025-11-05 15:22:14 | [beginner 답변 전체 내용]
2025-11-05 15:22:14 | **Transformer(트랜스포머)**는 2017년 등장한 혁신적인 딥러닝 모델로, **"어텐션 메커니즘(Attention Mechanism)"**을 핵심으로 사용합니다!  

### 🔍 쉽게 풀어 설명해요
- **핵심 개념**: 단어들의 관계를 동시에 분석해 문맥을 이해합니다. 예를 들어 "고양이가 쥐를 쫓았다"에서 "쥐"와 "쫓았다"의 연결을 직접 파악하는 방식이에요.
- **실생활 비유**: 책 읽을 때 중요한 부분에 형광펜 칠하면서 **전체 페이지를 한 번에** 보는 것과 같아요. 기존 RNN은 단어 하나씩 순차적으로 읽었지만, 트랜스포머는 전체를 동시에 분석합니다!

### 📌 구체적인 예시
1. **번역**: "나는 학교에 간다" → "I go to school"  
   - "간다"와 "school"의 관계를 직접 연결해 정확한 번역을 생성합니다.
2. **챗봇**: "오늘 날씨 어때?" 질문 시, "날씨"라는 키워드에 집중해 관련 답변을 찾습니다.

### ⚡ 검색 결과 연결
- **어텐션 메커니즘**: 트랜스포머의 핵심 기술로, 중요한 정보에 집중하는 방식입니다(예: 번역 시 관련 단어 강조).
- **밀집(Dense) 모델 vs 트랜스포머**: 밀집 모델은 모든 파라미터를 항상 사용하지만, 트랜스포머는 어텐션으로 **필요한 부분에 선택적으로 집중**해 효율적입니다.
- **Mixture of Experts(MoE)**: 최근 트랜스포머는 MoE와 결합해 더 큰 모델을 효율적으로 운영하기도 합니다.

### 💡 반대 개념/관련 용어
- **RNN(순환 신경망)**: 단어를 순차적으로 처리해 장기 의존성 문제가 있었습니다.
- **CNN(합성곱 신경망)**: 이미지 처리에 강점이 있지만, 시퀀스 데이터에는 트랜스포머가 더 적합해요.

트랜스포머는 현재 **GPT, BERT** 같은 대형 언어 모델의 기반이 되는 기술로, 자연어 처리 분야를 완전히 바꿔놓았답니다! 😊
2025-11-05 15:22:14 | ================================================================================
