2025-11-05 15:22:15 | RAG 검색 노드 실행: Transformer 관련 논문 찾아줘
2025-11-05 15:22:15 | 난이도: easy
2025-11-05 15:22:15 | 검색 결과: 4470 글자
2025-11-05 15:22:15 | 수준 'elementary' 답변 생성 시작
2025-11-05 15:22:18 | 수준 'elementary' 답변 생성 완료: 577 글자
2025-11-05 15:22:18 | ================================================================================
2025-11-05 15:22:18 | [elementary 답변 전체 내용]
2025-11-05 15:22:18 | 👩🏫 **초등학생을 위한 트랜스포머 과학 논문 소개**  

1. **"고슴도치와 고슴도치 사촌: 중요한 것 찾는 새로운 방법"**  
   🔬 이 논문은 컴퓨터(?)가 문장에서 **핵심 단어를 효율적으로 찾는 기술**을 개선한 거예요! 고슴도치처럼 뾰족한 집중력으로 복잡한 계산을 간단히 만들었어요 ✨ (Michael Zhang 과학자팀, 2024)  

2. **"주목만 하는 인공지능: MLP를 주목 기술로 구현하기"**  
   📖 이 논문은 **"인공지능의 브레인"**을 더 단순하게 만들려는 연구예요. 복잡한 계산을 주목(Attention) 기능만으로 해결할 수 있다고 해요! (Robert Huben 과학자팀, 2023)  

3. **"트랜스포머의 비밀: 커널로 이해하기"**  
   🧠 이 논문은 트랜스포머가 어떻게 **단어를 연결하는지** 수학적으로 분석한 거예요. 마치 퍼즐 조각을 맞추는 것처럼요! (Ashish Vaswani 과학자팀, 2019)  

> ✨ **추가 설명**: 트랜스포머는 번역이나 채팅봇에서 많이 쓰이는 AI 기술이에요. 복잡한 문장을 사람처럼 이해하는 방법을 연구한 논문들이랍니다! 😊
2025-11-05 15:22:18 | ================================================================================
2025-11-05 15:22:18 | 수준 'beginner' 답변 생성 시작
2025-11-05 15:22:24 | 수준 'beginner' 답변 생성 완료: 1732 글자
2025-11-05 15:22:24 | ================================================================================
2025-11-05 15:22:24 | [beginner 답변 전체 내용]
2025-11-05 15:22:24 | 안녕하세요! Transformer 관련 논문 5편을 쉽고 친절하게 소개해 드릴게요. 😊  

---

### 1. **The Hedgehog & the Porcupine: Expressive Linear Attentions with Softmax Mimicry**  
- **저자**: Michael Zhang 외 (2024)  
- **핵심 내용**:  
  기존 Transformer의 복잡한 "소프트맥스 어텐션"을 **선형 어텐션**으로 대체하면서도 표현력을 유지하는 방법을 제안합니다.  
  "고슴도치"와 "고슴도치쥐" 두 가지 기법을 통해 계산 효율성을 높이면서도 성능을 유지하는 것이 핵심입니다.  
  (소프트맥스 어텐션 = 입력 토큰 간의 중요도 가중치 계산 방식)  
- **중요성**:  
  대형 모델에서도 빠르게 학습할 수 있는 어텐션 메커니즘을 개발해 **계산 비용**과 **메모리 사용량을 줄이는 데 기여**했습니다.  
- **유사도 점수**: 0.5523  

---

### 2. **Attention-Only Transformers and Implementing MLPs with Attention Heads**  
- **저자**: Robert Huben, Valerie Morris (2023)  
- **핵심 내용**:  
  Transformer의 핵심 구성 요소인 **MLP(Feed-Forward Layer)**를 완전히 제거하고, 오직 어텐션 헤드만으로 구현하는 방법을 연구했습니다.  
  어텐션 헤드만으로 복잡한 연산을 모델링할 수 있음을 실험적으로 증명했어요.  
- **중요성**:  
  Transformer 구조를 단순화하여 **해석 가능성**을 높이고, 향후 모델 설계에 새로운 방향을 제시했습니다.  
- **유사도 점수**: 0.5543  

---

### 3. **Transformer Dissection: A Unified Understanding for Transformer’s Attention via the Lens of Kernel**  
- **저자**: EMNLP 2019 논문 (Vaswani 외)  
- **핵심 내용**:  
  Transformer의 어텐션 메커니즘을 **커널 함수**(수학적 변환 도구)로 해석해 통합 이론을 제시했습니다.  
  어텐션이 어떻게 입력 데이터의 관계를 학습하는지 수학적으로 분석한 기초 연구입니다.  
- **중요성**:  
  "Attention Is All You Need"(2017) 논문의 이론적 배경을 확장해 **Transformer의 동작 원리를 체계적으로 이해**하는 데 도움을 줍니다.  
- **참고**:  
  검색 결과에는 요약이 부족하지만, 이 논문은 Transformer 이론의 **중요 클래식**으로 꼽힙니다.  

---

### 4-5. 중복 논문 제외  
검색 결과에서 1번과 2번 논문이 각각 중복되어 나타납니다.  
- 1번 논문(0.5525)과 3번 논문(0.5523)은 동일한 연구이며,  
- 4번 논문(0.5543)도 2번 논문과 같은 내용입니다.  

---

### ✨ 추가 팁  
- **초보자 추천**: "Attention Is All You Need"(2017)를 먼저 읽으면 Transformer의 기본 개념을 잡기 좋습니다.  
- **최신 트렌드**: 선형 어텐션(1번 논문)과 어텐션-온리 모델(2번 논문)은 **효율적 모델 설계** 분야에서 활발히 연구 중입니다.  

궁금한 점이 있다면 언제든 질문해 주세요! 😊
2025-11-05 15:22:24 | ================================================================================
2025-11-05 15:22:44 | RAG 검색 노드 실행: "Attention Is All You Need" 논문 요약해줘
2025-11-05 15:22:44 | 난이도: easy
2025-11-05 15:22:45 | 검색 결과: 4488 글자
2025-11-05 15:22:45 | 수준 'elementary' 답변 생성 시작
2025-11-05 15:22:47 | 수준 'elementary' 답변 생성 완료: 582 글자
2025-11-05 15:22:47 | ================================================================================
2025-11-05 15:22:47 | [elementary 답변 전체 내용]
2025-11-05 15:22:47 | 🌟 **"중요한 것 찾기만 하면 다 된다!"** 논문 소개 📖  

1. **🔬 "중요한 것 찾기만 하면 다 된다" (Attention Is All You Need)**  
   이 논문은 번역기나 음성 인식 같은 AI 모델이 복잡한 문장 구조를 이해할 때 **"중요한 단어에 집중하는 방법"**만으로 모든 문제를 해결할 수 있다고 설명해요! (Vaswani 과학자 팀, 2017)  

2. **🎧 "실시간 음성 인식 개선법"**  
   AI가 말하는 소리를 문자로 바꿀 때 **"필요 없는 정보는 건너뛰고 핵심만 빠르게 학습"**하는 기술을 개발했어요. (Fan 과학자 팀, 2019)  

3. **🌐 "동시 번역을 위한 주의 기술"**  
   번역이 끝나기 전에 실시간으로 결과를 내보낼 때 **"시간을 되돌리지 않고도 정확하게 집중하는 방법"**을 연구했어요. (Arivazhagan 과학자 팀, 2019)  

> 💡 "Attention(주의)"는 AI가 **"어떤 정보를 강조할지 선택하는 능력"**이에요. 예를 들어, "고양이가 모자를 썼다"라는 문장에서 **"고양이"와 "썼다"**에 집중해야 정답을 맞출 수 있죠! 😺⚡
2025-11-05 15:22:47 | ================================================================================
2025-11-05 15:22:47 | 수준 'beginner' 답변 생성 시작
2025-11-05 15:22:54 | 수준 'beginner' 답변 생성 완료: 1681 글자
2025-11-05 15:22:54 | ================================================================================
2025-11-05 15:22:54 | [beginner 답변 전체 내용]
2025-11-05 15:22:54 | **질문: "Attention Is All You Need" 논문 요약해줘**  

검색 결과에서 **"Attention Is All You Need"** 논문을 직접 다루진 않았지만, 1~3번 논문과 4~5번 논문이 **트랜스포머(Transformer)** 및 **어텐션 메커니즘**과 깊은 연관이 있습니다. 특히 1~3번 논문은 이 논문의 핵심 기술(어텐션)을 음성 인식에 적용한 연구입니다.  

### 📌 관련 논문 요약 (최대 2개만 핵심적으로 설명)  
#### 1. **"Adaptive Sparse and Monotonic Attention..."** (2022)  
- **핵심 내용**:  
  - 기존 트랜스포머 모델의 **어텐션 메커니즘**을 개선해 음성 인식 성능을 높였습니다.  
  - **"희소(Sparse) 어텐션"**: 불필요한 계산을 줄여 효율성을 높임.  
  - **"단조(Monotonic) 어텐션"**: 음성 신호가 시간 순서대로 처리되도록 최적화 (예: "가→나→다" 순서로 인식).  
  - 트랜스포머의 장점(병렬 처리)을 유지하면서도 실시간 처리에 적합하도록 변형했습니다.  

- **중요성**:  
  - "Attention Is All You Need"에서 제안된 어텐션을 실제 응용 분야(음성 인식)에 적용해 **실용성**을 증명한 연구입니다.  

#### 2. **"Neural Machine Translation: A Review..."** (2019)  
- **핵심 내용**:  
  - 신경망 기반 번역(NMT)의 발전사를 총정리한 논문입니다.  
  - **"트랜스포머"**가 기존 RNN/LSTM 기반 모델을 대체한 이유를 설명 (예: 병렬 처리, 장기 의존성 해결).  
  - 어텐션 메커니즘의 진화 과정을 다루며, "Attention Is All You Need"를 핵심 이정표로 강조합니다.  

- **중요성**:  
  - 트랜스포머의 영향력을 **번역 분야**에서 체계적으로 분석한 리뷰 논문입니다.  

---

### 🔍 "Attention Is All You Need" 논문 핵심 요약 (직접 설명)  
- **제목**: "Attention Is All You Need" (Vaswani et al., 2017)  
- **핵심 내용**:  
  1. **트랜스포머 아키텍처** 제안:  
     - RNN/LSTM 없이도 **어텐션 메커니즘**만으로 번역 모델을 구축 가능함을 증명.  
     - **셀프 어텐션(Self-Attention)**: 문장 내 단어 간 관계를 동시에 분석해 장기 의존성 문제 해결.  
  2. **병렬 처리**:  
     - 순차적 처리(RNN)가 아닌 **모든 단어를 동시 처리**해 학습 속도 향상.  
  3. **인코더-디코더 구조**:  
     - 인코더가 입력 문장을 압축하고, 디코더가 어텐션을 통해 출력 문장을 생성.  

- **중요성**:  
  - 현재 **BERT, GPT, 음성 인식 모델** 등 거의 모든 최신 AI의 기반이 된 논문입니다.  
  - "어텐션"이 모델의 핵심임을 보여주며, NLP 분야를 혁명적으로 변화시켰습니다.  

> 💡 **참고**: 검색 결과에 포함된 [37]번 참고문헌이 바로 이 논문입니다! (유사도 점수는 다른 논문과의 비교 기준이므로 무시해도 됩니다.)  

더 자세한 내용이 필요하시면 언제든지 물어보세요! 😊
2025-11-05 15:22:54 | ================================================================================
