2025-11-05 15:23:48 | 용어집 노드 실행: AI가 뭐야?
2025-11-05 15:23:48 | 난이도: easy
2025-11-05 15:23:49 | 검색 결과: 764 글자
2025-11-05 15:23:49 | 수준 'elementary' 답변 생성 시작
2025-11-05 15:23:51 | 수준 'elementary' 답변 생성 완료: 488 글자
2025-11-05 15:23:51 | ================================================================================
2025-11-05 15:23:51 | [elementary 답변 전체 내용]
2025-11-05 15:23:51 | AI는 **똑똑한 도우미 로봇** 같은 거예요! 🤖✨  
예를 들어, 학교에서 **레고 블록**을 조립하듯 AI는 많은 데이터와 규칙(문제 푸는 방법)을 학습해서 답을 찾아줍니다.  

- **파인튜닝(Fine-tuning)**:  
  이미 한국어를 잘하는 AI에게 "동물 이름 맞추기" 같은 특별한 게임을 가르치는 것과 같아요. 처음부터 배우는 것보다 훨씬 빠르죠! 🐶📚  

- **블루 스코어(BLEU Score)**:  
  AI가 번역한 문장이 사람이 쓴 것처럼 자연스러운지 **0~100점**으로 평가하는 거예요. 100점이면 "완벽한 번역!"이라는 뜻이랍니다. ✨🔤  

- **믹스처 오브 엑스퍼트(MoE)**:  
  교실마다 다른 선생님(수학, 과학 등)이 있는 학교처럼, AI도 입력에 따라 **필요한 전문가만 골라 사용**해요. 계산 속도가 빨라지는 마법! 🎯👩🏫  

AI는 우리 생활을 편리하게 해주는 **디지털 친구**라고 생각하면 쉬워요! 😊
2025-11-05 15:23:51 | ================================================================================
2025-11-05 15:23:51 | 수준 'beginner' 답변 생성 시작
2025-11-05 15:23:55 | 수준 'beginner' 답변 생성 완료: 761 글자
2025-11-05 15:23:55 | ================================================================================
2025-11-05 15:23:55 | [beginner 답변 전체 내용]
2025-11-05 15:23:55 | 안녕하세요! AI(인공지능)를 **요리사**에 비유해 쉽게 설명해 드릴게요 😊

### 🔍 AI가 뭐예요?
AI는 **"사람처럼 생각하고 학습하는 컴퓨터 시스템"**이에요.  
예를 들어, 요리사가 다양한 레시피를 배워 맛있는 음식을 만드는 것처럼, AI는 데이터를 학습해 문제를 해결하거나 예측합니다.  
(검색 결과의 Fine-tuning은 이미 요리법을 아는 셰프에게 **특화된 메뉴**(예: 한식)를 추가로 가르치는 것과 비슷해요!)

---

### 🧠 AI의 핵심 개념 3가지
1. **학습 능력**  
   - AI는 대량의 데이터(재료)를 분석해 패턴(레시피)을 찾아요.  
   *예: 번역 AI는 영어-한국어 문장 쌍을 수천 개 학습해요. (BLEU Score로 번역 품질을 평가하기도 하죠!)*

2. **적응력**  
   - 사전 학습된 모델을 특정 작업에 맞춰 조정(Fine-tuning)할 수 있어요.  
   *예: 일반 채팅봇을 의료 상담에 특화되게 재학습시킵니다.*

3. **효율성**  
   - 복잡한 문제를 분해할 수 있어요.  
   *예: MoE(Mixture of Experts)는 수학/역사 문제를 각각 전담하는 "전문가 모듈"을 선택적으로 사용해 빠르게 답변해요.*

---

### 🤖 vs 🧑 반대 개념
- **규칙 기반 시스템**: 미리 입력된 규칙만 따르는 "로봇 요리사"라면,  
- **AI**: 경험으로 스스로 판단하는 "유연한 인간 요리사"예요!

궁금한 점이 또 있다면 언제든 물어봐 주세요~ 🌟
2025-11-05 15:23:55 | ================================================================================
2025-11-05 15:24:09 | 용어집 노드 실행: CNN에서 필터가 하는 일이 뭐야?
2025-11-05 15:24:09 | 난이도: easy
2025-11-05 15:24:09 | 검색 결과: 17 글자
2025-11-05 15:24:09 | 수준 'elementary' 답변 생성 시작
2025-11-05 15:24:11 | 수준 'elementary' 답변 생성 완료: 305 글자
2025-11-05 15:24:11 | ================================================================================
2025-11-05 15:24:11 | [elementary 답변 전체 내용]
2025-11-05 15:24:11 | CNN에서 필터는 **사진 속 특징을 찾는 돋보기** 같은 거예요! 🔍✨  

예를 들어, 레고 블록으로 만든 강아지 그림을 본다고 생각해요. 필터는 "귀 모양", "눈", "꼬리" 같은 부분을 **작은 창문으로 슬라이드하며 탐색**하는 것과 같아요. 🐶🔍  
- 각 필터는 특정 모양(예: 세로 줄무늬, 동그라미)에 반응하도록 학습돼요.  
- 마치 숨바꼭질할 때 "빨간색 옷 입은 친구만 찾는 규칙"처럼, **패턴만 골라내는 역할**을 한답니다! 🎯  

그래서 여러 필터가 협력하면 사진에서 고양이 vs 강아지를 구별할 수 있게 돼요! 😺🤖
2025-11-05 15:24:11 | ================================================================================
2025-11-05 15:24:11 | 수준 'beginner' 답변 생성 시작
2025-11-05 15:24:15 | 수준 'beginner' 답변 생성 완료: 1049 글자
2025-11-05 15:24:15 | ================================================================================
2025-11-05 15:24:15 | [beginner 답변 전체 내용]
2025-11-05 15:24:15 | 안녕하세요! CNN에서 필터가 하는 일을 **초보자도 이해할 수 있게** 설명해 드릴게요 🌟  

### 🔍 필터의 역할: "이미지에서 특징을 찾아내는 돋보기"
CNN(합성곱 신경망)에서 **필터(Filter)**는 입력 이미지(예: 고양이 사진)를 스캔하며 **특정 패턴**(예: 모서리, 눈 모양, 줄무늬)을 발견하는 역할을 합니다. 마치 레고로 만든 모형에서 특정 모양을 찾는 돋보기와 같아요!  

> ⚠️ **전문 용어 설명**  
> - **합성곱 연산(Convolution)**: 필터를 이미지에 "밀어붙이며" 계산하는 과정  
> - **특징 맵(Feature Map)**: 필터를 적용한 결과 (어떤 패턴이 얼마나 강하게 나타났는지 기록)  

---

### 🧩 실생활 비유: "샌드위치 속 햄 찾기"
- **필터**: "햄 탐지기" 역할  
  - 샌드위치를 한 조각씩 슬라이스하며 햄이 있는지 확인합니다.  
  - CNN은 이미지를 작은 조각으로 나눠 필터가 "선", "곡선" 등을 탐지합니다.  

---

### 📌 예시 1: 모서리 탐지 필터  
- 3x3 필터에 특정 숫자 배열이 있으면 **수직 모서리**를 강조합니다.  
  - 예: `[[-1, 0, 1], [-2, 0, 2], [-1, 0, 1]]`  
  - 이 필터를 이미지에 적용하면 "계단 모양 경계"가 선명하게 나타납니다.  

### 📌 예시 2: 얼굴 인식 필터  
- 여러 필터가 협력하면 "눈", "코", "입" 같은 복잡한 패턴을 조합해 최종적으로 얼굴을 인식합니다.  

---

### ✅ 핵심 개념 3줄 요약  
1. 필터는 이미지의 **지역적 특징**을 탐지하는 "작은 검색 도구"입니다.  
2. 여러 필터를 쌓으면 간단한 모양 → 복잡한 객체까지 계층적으로 인식할 수 있습니다.  
3. 필터 무게는 학습을 통해 자동으로 최적화되며, 이게 CNN의 강력한 점이에요!  

> 💡 **반대 개념**: 풀링(Pooling)은 필터가 찾은 특징의 위치를 약간 무시하고 **중요한 정보만 요약**하는 역할을 합니다.  

궁금한 점이 있다면 언제든 물어봐 주세요 😊
2025-11-05 15:24:15 | ================================================================================
2025-11-05 15:24:29 | 용어집 노드 실행: Transformer가 뭐야?
2025-11-05 15:24:29 | 난이도: easy
2025-11-05 15:24:30 | 검색 결과: 783 글자
2025-11-05 15:24:30 | 수준 'elementary' 답변 생성 시작
2025-11-05 15:24:33 | 수준 'elementary' 답변 생성 완료: 493 글자
2025-11-05 15:24:33 | ================================================================================
2025-11-05 15:24:33 | [elementary 답변 전체 내용]
2025-11-05 15:24:33 | **트랜스포머(Transformer)는 🧠 "똑똑한 번역가 비서" 같은 AI 모델이에요!**  

1. **Attention Mechanism** (주목 기술)을 사용해, 문장에서 **중요한 단어에 집중**해요.  
   → 마치 책에서 **형광펜 칠한 부분**만 읽는 것처럼요! ✨  
   - 예: "고양이가 소파를 긁었다" → "긁었다"와 "소파"를 연결해 이해해요.  

2. **MoE(Mixture of Experts)**와 달리, **모든 부분을 동시에 처리**해요.  
   → 밀집(Dense) 모델처럼 **모든 뉴런**이 협력하지만,  
   Attention으로 **필요한 정보에 더 빠르게 집중**합니다. 🎯  

3. **레고 블록 조립**처럼 단어 조각을 조합해 문장을 생성해요.  
   - 예시: "오늘 날씨가 [맑다/흐리다]" → 앞뒤 맥락을 보고 선택해 완성!  

트랜스포머는 번역, 챗GPT 같은 **복잡한 언어 작업**에 특화된 AI예요! 🤖📚
2025-11-05 15:24:33 | ================================================================================
2025-11-05 15:24:33 | 수준 'beginner' 답변 생성 시작
2025-11-05 15:24:37 | 수준 'beginner' 답변 생성 완료: 968 글자
2025-11-05 15:24:37 | ================================================================================
2025-11-05 15:24:37 | [beginner 답변 전체 내용]
2025-11-05 15:24:37 | **Transformer**는 "문장의 순서를 잘 이해하면서도 중요한 부분에 집중할 수 있는 AI 모델 구조"예요! 🧠  

### 📌 핵심 개념 3줄 요약
1. **순차적 처리 대신 "동시 처리"**: 기존 RNN/LSTM과 달리 문장 전체를 한 번에 분석해 빠릅니다.  
2. **어텐션 메커니즘 필수 장착**: 단어 간 관계를 계산해 "핵심 연결고리"를 찾아냅니다. (예: "나는 [사과]를 먹었다"에서 '사과'에 집중)  
3. **전문가 협업 시스템(MoE)과 호환 가능**: 일부 Transformer는 MoE로 효율성을 높이기도 합니다.  

---

### 🏕️ 실생활 비유
**"뉴스 기사 요약하기"**  
- **기존 모델(RNN)**: 문장을 한 단어씩 읽으며 기억해야 해서, 앞내용을 잊을 수 있음.  
- **Transformer**: 기사 전체를 펼쳐놓고 "키워드"(예: '주요 사건', '결과')에 형광펜 칠하듯 집중 → 정확한 요약 생성!  

---

### 📊 구체적 예시
1. **번역**: "I love NLP because it's fascinating" → "나는 NLP를 사랑한다 왜냐하면 매혹적이기 때문이다"  
   - 'love'와 '사랑한다', 'fascinating'과 '매혹적'을 연결하는 관계를 어텐션으로 포착.  
2. **챗봇**: "피자 반죽 레시피 알려줘" → '피자'와 '반죽'에 집중해 관련 재료(밀가루, 효모 등)를 추천.  

---

### ⚠️ 관련 용어
- **반대 개념**: RNN/LSTM (순차적 처리로 느림)  
- **친구 개념**: **밀집(Dense) 모델** (Transformer의 기본 구성 요소로, 모든 단어를 동시에 처리)  
- **업그레이드 버전**: MoE-Transformer (계산 효율성을 위해 전문가 모듈 선택적 사용)  

Transformer는 현재 GPT, BERT 등 대부분의 최신 AI 모델의 기반이 된답니다! 😊
2025-11-05 15:24:37 | ================================================================================
2025-11-05 15:24:52 | 용어집 노드 실행: Attention Mechanism이 뭔지 알려줘
2025-11-05 15:24:52 | 난이도: easy
2025-11-05 15:24:52 | 검색 결과: 17 글자
2025-11-05 15:24:53 | 수준 'elementary' 답변 생성 시작
2025-11-05 15:24:54 | 수준 'elementary' 답변 생성 완료: 295 글자
2025-11-05 15:24:54 | ================================================================================
2025-11-05 15:24:54 | [elementary 답변 전체 내용]
2025-11-05 15:24:54 | **Attention Mechanism**은 🧠 **집중하는 방법**을 알려주는 AI 기술이에요!  
마치 **선생님이 교실에서 친구 이름을 부를 때** "OO야, 잘 들어봐!"라고 말하는 것처럼,  
AI가 중요한 정보에 집중하는 거예요.  

예를 들어, 긴 문장에서 **핵심 단어**를 찾아 강조하거나,  
**레고 블록을 조립할 때** 중요한 부분을 먼저 맞추는 것과 같아요 ✨  
"다른 부분은 잠시 잊고, 여기만 봐!"라고 속삭이는 거죠 🎯  

이게 있으면 AI가 **더 정확하고 빠르게** 학습할 수 있답니다! 🚀
2025-11-05 15:24:54 | ================================================================================
2025-11-05 15:24:54 | 수준 'beginner' 답변 생성 시작
2025-11-05 15:24:57 | 수준 'beginner' 답변 생성 완료: 716 글자
2025-11-05 15:24:57 | ================================================================================
2025-11-05 15:24:57 | [beginner 답변 전체 내용]
2025-11-05 15:24:57 | **어텐션 메커니즘(Attention Mechanism)**을 쉽게 설명해 드릴게요! 🌟  

### 📌 핵심 개념  
"어텐션"은 모델이 **중요한 정보에 집중**하도록 도와주는 기술입니다. 예를 들어, 긴 문장에서 핵심 단어를 강조하거나, 번역 시 관련된 단어들을 매칭시키는 거죠.  

### 💡 쉬운 비유: 시험 공부할 때  
선생님이 "이번 시험에 5단원만 나온다"고 알려주면, 당신은 **5단원**에만 집중하는 것처럼, 어텐션은 모델이 **필요한 부분**에 무게를 두게 해요.  

### 🎯 예시 1: 번역기  
- 영어 "I **love** NLP" → 한국어 "나는 **NLP를** 사랑해"에서  
  "love"와 "NLP를"을 연결해 번역 정확도를 높입니다.  

### 🎯 예시 2: 챗봇  
- 질문 "파리의 **에펠탑** 높이는?"에서  
  "에펠탑" 관련 정보만 추출해 답변합니다.  

### ⚠️ 반대 개념: "과적합(Overfitting)"  
- 어텐션이 지나치면 사소한 단어까지 집중해 오히려 성능이 떨어질 수 있어요.  

### 🔍 관련 용어  
- **트랜스포머(Transformer)**: 어텐션을 핵심으로 한 모델 (예: GPT, BERT).  
- **셀프 어텐션(Self-Attention)**: 문장 내 단어끼리 관계를 분석하는 기술.  

간단히 말해, 어텐션은 **"이 부분은 중요해!"**라고 알려주는 똑똑한 필터입니다 😊
2025-11-05 15:24:57 | ================================================================================
2025-11-05 15:27:16 | 용어집 노드 실행: RAG가 뭔지 설명하고 관련 논문도 보여줘
2025-11-05 15:27:16 | 난이도: easy
2025-11-05 15:27:16 | 검색 결과: 17 글자
2025-11-05 15:27:16 | 수준 'elementary' 답변 생성 시작
2025-11-05 15:27:18 | 수준 'elementary' 답변 생성 완료: 521 글자
2025-11-05 15:27:18 | ================================================================================
2025-11-05 15:27:18 | [elementary 답변 전체 내용]
2025-11-05 15:27:18 | **RAG(검색 증강 생성)**는 🤖 **똑똑한 답변 도우미**와 같아요!  

1. **일상 비유**:  
   - "학교 시험에서 모르는 문제가 나왔을 때, 교과서를 찾아 답변을 완성하는 것"과 같아요 📚✏️  
   - 먼저 책(인터넷 자료)에서 정보를 검색(Retrieve)하고, 그 정보를 바탕으로 답변을 생성(Generate)해요 ✨  

2. **간단한 설명**:  
   - "질문 → 관련 자료 찾기 → 찾은 자료로 답변 만들기"라는 2단계 과정을 거쳐요 🔍👉🗣️  
   - 예) "강아지 훈련법"을 물으면, 인터넷에서 최신 자료를 검색해 답변을 만들어요!  

3. **초등학생 예시**:  
   - 레고 블록(정보 조각)을 모아 멋진 작품(답변)을 만드는 것과 비슷해요 🧱👉🏰  

⚠️ **논문 추천**:  
RAG는 최신 기술이라 논문 대부분이 어려워요. 대신 🌟 **초등학생용 비유**로 설명드렸으니, 나중에 커서 컴퓨터 공부를 하면 더 자세히 알아보세요!  

궁금한 점이 있다면 또 물어봐 주세요 💬
2025-11-05 15:27:18 | ================================================================================
2025-11-05 15:27:18 | 수준 'beginner' 답변 생성 시작
2025-11-05 15:27:23 | 수준 'beginner' 답변 생성 완료: 1165 글자
2025-11-05 15:27:23 | ================================================================================
2025-11-05 15:27:23 | [beginner 답변 전체 내용]
2025-11-05 15:27:23 | 안녕하세요! **RAG(Retrieval-Augmented Generation)**를 쉽게 설명해 드릴게요 😊

### 1. RAG란? (비유 포함)
**"검색 능력 + 생성 능력"을 합친 AI 기술**이에요.  
예를 들어, 시험 공부할 때 교과서(검색)에서 답을 찾고, 그 내용을 바탕으로 친구에게 설명(생성)하는 것과 비슷해요!

- **검색(Retrieval)**: 방대한 데이터베이스에서 관련 정보를 찾아냅니다.  
- **생성(Generation)**: 찾은 정보를 바탕으로 자연스러운 문장을 만듭니다.

### 2. 왜 필요할까요? (예시)
- **예시 1**: "2024년 한국의 GDP는?"  
  → RAG는 최신 경제 보고서를 검색한 후, 그 데이터를 바탕으로 정확한 답변을 생성합니다.  
- **예시 2**: 의학 논문 분석  
  → 관련 연구 자료를 검색해 환자 질문에 전문적인 답변을 만들 수 있습니다.

### 3. 핵심 개념 (3문장 요약)
- 기존 AI 모델(예: GPT)은 자체 지식만 활용하지만, RAG는 **실시간 외부 자료**를 참조해 정확성을 높입니다.  
- "검색-생성" 두 단계를 통해 **거짓 답변(Hallucination)** 문제를 줄입니다.  
- 금융/의료 등 **신뢰도가 중요한 분야**에서 유용합니다.

### 4. 관련 논문 (대표적인 것)
1. **"Retrieval-Augmented Generation for Knowledge-Intensive NLP Tasks"** (2020)  
   - Facebook AI 연구팀이 제안한 **최초의 RAG 논문**이에요.  
   - [논문 링크](https://arxiv.org/abs/2005.11401)  
2. **"RealTime QA: Towards Real-Time Open-Domain Question Answering"**  
   - 빠른 검색을 강조한 후속 연구입니다.

### 5. 반대 개념/관련 용어
- **Few-shot Learning**: 외부 자료 없이 적은 예시로 학습하는 방법  
- **Fine-tuning**: 특정 데이터로 모델을 미세 조정하는 기술  
- **Hybrid RAG**: 검색 + 생성 + 파인튜닝을 결합한 방식

RAG는 **"아는 것(기억) + 찾는 능력(검색)"**을 모두 갖춘 똑똑한 AI 시스템이에요! 🧠🔍
2025-11-05 15:27:23 | ================================================================================
2025-11-05 15:27:52 | 용어집 노드 실행: Vision Transformer가 뭐야?
2025-11-05 15:27:52 | 난이도: easy
2025-11-05 15:27:52 | 검색 결과: 258 글자
2025-11-05 15:27:52 | 수준 'elementary' 답변 생성 시작
2025-11-05 15:27:54 | 수준 'elementary' 답변 생성 완료: 290 글자
2025-11-05 15:27:54 | ================================================================================
2025-11-05 15:27:54 | [elementary 답변 전체 내용]
2025-11-05 15:27:54 | **Vision Transformer(ViT)**는 🖼️ 그림을 이해하는 AI 친구예요!  

기존 텍스트 처리 AI(트랜스포머)를 📸 이미지 분석에 적용한 거죠. 이미지를 작은 조각(패치)으로 자르는데, 마치 🧩 퍼즐 조각을 맞추듯 각 부분의 관계를 분석해 전체 그림을 이해해요. 예를 들어 강아지 사진을 작은 블록으로 나눈 뒤, "귀", "꼬리" 같은 특징을 연결해 "강아지!"라고 판단하는 거랍니다 ✨  

> "책 페이지 읽기" 비유대로, ViT는 이미지를 단어처럼 분해해 읽는 AI라고 생각하면 쉬워요!" 📚🤖
2025-11-05 15:27:54 | ================================================================================
2025-11-05 15:27:54 | 수준 'beginner' 답변 생성 시작
2025-11-05 15:27:58 | 수준 'beginner' 답변 생성 완료: 707 글자
2025-11-05 15:27:58 | ================================================================================
2025-11-05 15:27:58 | [beginner 답변 전체 내용]
2025-11-05 15:27:58 | **Vision Transformer(ViT, 비전 트랜스포머)**는 **"이미지를 분석하는 똑똑한 번역기"**라고 생각하면 쉬워요! 😊  

### 📌 핵심 개념 (3문장 요약)
1. 원래는 **텍스트 번역**(NLP)에 쓰이던 트랜스포머 모델을 **이미지 분석**에 적용한 기술입니다.  
2. 이미지를 작은 조각(**패치**)으로 나누어 각각을 '단어'처럼 처리한 후, 전체 맥락을 이해해 분류합니다.  
3. 예를 들어 강아지 사진을 "귀 모양, 털 질감, 눈 위치" 같은 패치들의 관계로 분석해 "강아지"라고 판단합니다.  

### 🥠 실생활 비유
> **"퍼즐 맞추기"**와 비슷해요!  
> 이미지 조각을 하나씩 떼어낸 뒤, 각 조각이 전체 그림에서 어떤 위치에 있고 어떤 의미를 가지는지 트랜스포머가 학습합니다.  

### 📷 구체적 예시
1. **의료 영상 분석**: X-ray 이미지를 패치 단위로 나누어 종양 위치를 정확히 찾을 수 있습니다.  
2. **자율 주행**: 도로 사진을 분석해 차량, 보행자, 신호등의 관계를 동시에 파악합니다.  

### ⚠️ 주의사항 & 반대 개념
- **과적합**되기 쉬워 대량의 데이터가 필요합니다. (예: 1400만 장 이상의 이미지)  
- 전통적인 **CNN(합성곱 신경망)**과 달리, 이미지를 '공간적 지역성'보다 '전체적 관계'로 봅니다.  

궁금한 점이 있다면 언제든 물어봐 주세요! 😊
2025-11-05 15:27:58 | ================================================================================
