2025-11-06 21:18:15 | 용어집 노드 실행: RAG (Retrieval-Augmented Generation) tutorial for beginners, survey papers on RAG (재작성된 질문)
2025-11-06 21:18:15 | 난이도: easy
2025-11-06 21:18:16 | 검색 결과: 17 글자
2025-11-06 21:18:16 | 수준 'elementary' 답변 생성 시작
2025-11-06 21:18:29 | 용어집 노드 실행: RAG Retrieval-Augmented Generation survey OR tutorial OR overview (재작성된 질문)
2025-11-06 21:18:29 | 난이도: easy
2025-11-06 21:18:30 | 검색 결과: 17 글자
2025-11-06 21:18:30 | 수준 'elementary' 답변 생성 시작
2025-11-06 21:18:32 | 수준 'elementary' 답변 생성 완료: 335 글자
2025-11-06 21:18:32 | ================================================================================
2025-11-06 21:18:32 | [elementary 답변 전체 내용]
2025-11-06 21:18:32 | RAG(검색 강화 생성)에 대해 알려드릴게요! 🌟

RAG는 **"책 찾기 + 이야기 만들기"**를 함께 하는 AI 기술이에요.  
예를 들어, 레고로 성을 만들 때 🧱:  
1. **검색(Retrieval)**: "성 설계도"를 책장에서 찾아요 (관련 자료 검색)  
2. **생성(Generation)**: 찾은 설계도를 보며 멋지게 성을 조립해요 (재미있는 이야기 만들기)  

마치 선생님이 도서관에서 책을 찾아 📚 질문에 답하는 것처럼,  
RAG는 정확한 정보를 찾고 자연스럽게 설명해 주는 거예요! ✨  

(※ 검색 결과가 없어 기본 개념으로 설명했어요. 더 궁금하면 질문해 주세요!)
2025-11-06 21:18:32 | ================================================================================
2025-11-06 21:18:32 | 수준 'beginner' 답변 생성 시작
2025-11-06 21:18:37 | 수준 'beginner' 답변 생성 완료: 1154 글자
2025-11-06 21:18:37 | ================================================================================
2025-11-06 21:18:37 | [beginner 답변 전체 내용]
2025-11-06 21:18:37 | **RAG (Retrieval-Augmented Generation, 검색 증강 생성)**를 쉽게 설명해 드릴게요!  

### 📌 핵심 개념 (3문장 요약)
1. **RAG**는 "지식 검색 + 생성형 AI"의 결합 기술로,  
   - 먼저 외부 데이터베이스나 문서에서 관련 정보를 검색(**Retrieval**)한 뒤,  
   - 그 정보를 바탕으로 자연스러운 답변을 생성(**Generation**)합니다.  
2. 마치 시험 공부하듯이, AI가 "교과서(데이터베이스)를 찾아본 뒤" 답을 만드는 방식이에요.  
3. 기존 AI 모델보다 **정확도**와 **최신성**이 뛰어나며, 특히 전문 분야(QA, 의료, 법률)에 유용합니다.

---

### 🏠 실생활 비유: "요리하는 AI 셰프"
- **검색(Retrieval)**: 냉장고(데이터베이스)에서 레시피 재료를 찾는 단계  
  (예: "토마토 스파게티" 재료 검색 → 파스타 면, 토마토 소스, 마늘 등 추출)  
- **생성(Generation)**: 찾은 재료로 실제 요리를 완성하는 단계  
  (예: "마늘은 먼저 볶아야 해요"라는 조리법 생성)  
→ RAG는 재료 준비부터 요리까지 한 번에 처리해 주는 AI 셰프라고 볼 수 있죠!

---

### 🔍 구체적 예시
1. **고객 서비스 챗봇**:  
   - 사용자: "내 주문 배송 상태는?"  
   - RAG 작동: [배송 DB]에서 주문 번호 검색 → "현재 물류센터에서 출발 대기 중입니다"라는 답변 생성  
2. **의료 진단 보조**:  
   - 의사: "코로나19 후遗症 관련 최신 연구 알려줘"  
   - RAG 작동: [의학 논문 DB]에서 2023년 논문 검색 → "피로감과 인지 장애가 흔히 보고됨"이라는 요약 제공  

---

### ⚠️ 관련 용어 & 반대 개념
- **반대 개념**: **Fine-tuning** (사전 학습만 하고 추가 지식 업데이트가 어려움)  
- **유사 기술**:  
  - **FAISS** (빠른 검색을 위한 오픈소스 도구)  
  - **HyDE** (가상의 질문을 만들어 검색 정확도 높이는 기술)  

RAG는 특히 **빠른 정보 업데이트**가 필요할 때 강점이 있습니다. 예를 들어, 2024년 새 법규가 생기면 모델을 재학습하지 않고도 바로 반영할 수 있죠! 😊
2025-11-06 21:18:37 | ================================================================================
