2025-11-05 10:29:15 | 첫 실행: 새 채팅 자동 생성 (난이도: easy)
2025-11-05 10:30:06 | 사용자 질문: 최근 Attention Mechanism 관련 논문을 찾고, 핵심 내용을 요약해줘
2025-11-05 10:30:06 | Agent 실행 시작 (난이도: easy)
2025-11-05 10:30:22 | 선택된 도구: search_paper (📚 RAG 논문 검색)
2025-11-05 10:30:22 | 답변 생성 완료 (1628 글자)
2025-11-05 10:30:31 | 용어집에 3개 용어 자동 저장 (설정: 1-5개)
2025-11-05 10:30:31 | 답변 품질 평가 시작
2025-11-05 10:31:27 | 평가 완료 - 총점: 27/40
2025-11-05 10:34:55 | 사용자 질문: 저장 해줘
2025-11-05 10:34:55 | Agent 실행 시작 (난이도: easy)
2025-11-05 10:34:55 | 에러 발생: '\n  "tools"'
2025-11-05 10:35:39 | 사용자 질문: 2024년 이후 Reinforcement Learning 관련 논문 중 상위 인용 5개만 골라서 보여줘
2025-11-05 10:35:39 | Agent 실행 시작 (난이도: easy)
2025-11-05 10:35:39 | 에러 발생: '\n  "tools"'
2025-11-05 10:35:45 | 첫 실행: 새 채팅 자동 생성 (난이도: easy)
2025-11-05 10:35:48 | 사용자 질문: 2024년 이후 Reinforcement Learning 관련 논문 중 상위 인용 5개만 골라서 보여줘
2025-11-05 10:35:48 | Agent 실행 시작 (난이도: easy)
2025-11-05 10:35:48 | 에러 발생: '\n  "tools"'
2025-11-05 10:36:09 | 사용자 질문: 최근 AI 윤리(Ethics) 관련 논문이 있다면 찾아서 주요 논점을 요약해줘
2025-11-05 10:36:09 | Agent 실행 시작 (난이도: easy)
2025-11-05 10:36:32 | 선택된 도구: general (🗣️ 일반 답변)
2025-11-05 10:36:32 | 답변 생성 완료 (1571 글자)
2025-11-05 10:36:41 | 용어집에 2개 용어 자동 저장 (설정: 1-5개)
2025-11-05 10:36:41 | 답변 품질 평가 시작
2025-11-05 10:37:32 | 평가 완료 - 총점: 21/40
2025-11-05 10:42:55 | 새 채팅 생성: 난이도=hard
2025-11-05 10:43:22 | 사용자 질문: “Multimodal AI” 관련 논문을 찾아서 주요 응용 사례를 정리해줘
2025-11-05 10:43:22 | Agent 실행 시작 (난이도: hard)
2025-11-05 10:47:28 | 선택된 도구: search_paper (📚 RAG 논문 검색)
2025-11-05 10:47:28 | 답변 생성 완료 (4968 글자)
2025-11-05 10:49:19 | 용어집에 5개 용어 자동 저장 (설정: 1-5개)
2025-11-05 10:49:19 | 답변 품질 평가 시작
2025-11-05 10:49:46 | 평가 완료 - 총점: 29/40
