2025-11-05 23:25:51 | RAG 검색 노드 실행: 관련 논문 찾아줘
2025-11-05 23:25:51 | 난이도: easy
2025-11-05 23:25:52 | 검색 결과: 4114 글자
2025-11-05 23:25:52 | 수준 'elementary' 답변 생성 시작
2025-11-05 23:25:55 | 수준 'elementary' 답변 생성 완료: 522 글자
2025-11-05 23:25:55 | ================================================================================
2025-11-05 23:25:55 | [elementary 답변 전체 내용]
2025-11-05 23:25:55 | 초등학생 친구들을 위해 **인공지능이 글을 이해하는 방법**에 관한 재미있는 논문을 소개해 드릴게요! 🧠📖  

1. **"틀린 말 고치는 인공지능 도우미"** 🆕  
   - *Xiaoye Qu 과학자* 팀이 개발한 기술이에요. AI가 그림이나 사진을 보고 설명할 때 실수하지 않도록 도와주는 방법을 연구했어요. (예: "고양이를 보고 '강아지'라고 말하는 실수 줄이기")  

2. **"관계 찾기 게임 마스터"** 🔍  
   - *Kohei Makino 과학자* 팀이 만든 이 논문은 AI가 글 속에서 단어들의 관계를 정확히 파악하는 방법을 설명해요. (예: "사탕-달콤함", "겨울-눈" 같은 연결고리 찾기)  

3. **"의학 용어 척척박사 BERT"** 👩⚕️  
   - *K. Sahit Reddy 과학자* 팀이 개발한 **MedicalBERT**는 의학 논문을 이해해 환자 진료나 연구에 도움을 주는 AI예요. (예: "코로나19 치료제" 관련 논문 빠르게 분석하기)  

더 궁금한 게 있으면 질문해 주세요! ✨
2025-11-05 23:25:55 | ================================================================================
2025-11-05 23:25:55 | 수준 'beginner' 답변 생성 시작
2025-11-05 23:26:02 | 수준 'beginner' 답변 생성 완료: 1827 글자
2025-11-05 23:26:02 | ================================================================================
2025-11-05 23:26:02 | [beginner 답변 전체 내용]
2025-11-05 23:26:02 | 안녕하세요! 요청하신 검색 결과를 바탕으로 **RAG(Retrieval-Augmented Generation, 검색 증강 생성)**와 관련된 논문 5편을 쉽게 설명해 드릴게요. 😊  

---

### 1. **대규모 시각-언어 모델의 환각 현상 완화를 위한 능동 검색 증강**  
(저자: Xiaoye Qu 외, 2024)  
- **핵심 내용**:  
  이미지 설명 생성 시 모델이 사실이 아닌 내용(환각)을 생성하는 문제를 해결하기 위해 **실시간 검색**을 도입했습니다.  
  예를 들어, "이 그림에서 개는 빨간 목걸이를 하고 있습니다"라는 잘못된 설명을 방지하기 위해 외부 데이터베이스에서 관련 정보를 검색해 보완합니다.  
- **중요한 이유**:  
  AI가 생성한 가짜 정보를 줄여 신뢰성을 높이는 데 기여하며, 특히 의료/법률 분야처럼 정확성이 중요한 영역에 유용합니다.  
- 유사도 점수: **0.6129**  

---

### 2. **관계 추출을 위한 엔드-투-엔드 훈련 가능한 검색 증강 생성**  
(저자: Kohei Makino 외, 2024)  
- **핵심 내용**:  
  텍스트 내에서 "A-B는 친구 관계"와 같은 **개체 간 관계**를 추출할 때, 검색 시스템을 통합해 맥락에 맞는 정보를 자동으로 참조합니다.  
  예를 들어, "스티브 잡스는 애플의 공동 창립자로, 마크 저커버그와 협업한 적이 있다"는 문장에서 "공동 창립자" 관계를 정확히 포착합니다.  
- **중요한 이유**:  
  기존 모델의 한계인 **문맥 무시 문제**를 해결하며, 뉴스/학술 논문 분석에 적용 가능합니다.  
- 유사도 점수: **0.6165**  

---

### 3. **검색 증강 생성: 아키텍처, 개선 기법, 강건성 연구 종합 조사**  
(저자: Chaitanya Sharma, 2025)  
- **핵심 내용**:  
  RAG 기술의 모든 것(구조, 성능 향상 방법, 안정성)을 체계적으로 정리한 **종합 가이드**입니다.  
  검색 단계의 정확도 개선, 생성 단계의 창의성 유지 등 다양한 접근법을 비교 분석합니다.  
- **중요한 이유**:  
  RAG의 **최신 트렌드**를 한눈에 파악할 수 있어 연구자나 개발자에게 유용합니다.  
- 유사도 점수: **0.6195**  

---

### 4. **생의학 텍스트에서 단백질-단백질 상호작용 식별을 위한 GPT/BERT 모델 평가**  
(저자: Hasin Rehana 외, 2023)  
- **핵심 내용**:  
  의학 논문에서 단백질 간 상호작용을 자동으로 탐지하는 데 **BERT/GPT 모델**을 적용했습니다.  
  예: "단백질 X는 Y와 결합해 세포 신호를 조절한다"는 문장에서 "X-Y 결합" 관계를 추출합니다.  
- **중요한 이유**:  
  생의학 분야의 **문헌 마이닝**을 가속화하여 신약 개발 등에 기여할 수 있습니다.  
- 유사도 점수: **0.6358**  

---

### 5. **MedicalBERT: 생의학 자연어 처리 강화를 위한 사전 훈련된 BERT 기반 모델**  
(저자: K. Sahit Reddy 외, 2025)  
- **핵심 내용**:  
  PubMed 논문 데이터로 훈련된 **MedicalBERT**를 개발해 의학 용어 처리 성능을 개선했습니다.  
  일반 BERT보다 "유전자 변이"나 "약물 부작용" 같은 전문 용어를 더 정확히 이해합니다.  
- **중요한 이유**:  
  의료 기록 분석이나 진단 보조 시스템 같은 **도메인 특화 AI**에 필수적입니다.  
- 유사도 점수: **0.6359**  

---  
도움이 되셨다면, 특정 논문을 더 깊게 설명드릴 수도 있어요! 😊
2025-11-05 23:26:02 | ================================================================================
