2025-11-05 23:25:38 | 용어집 노드 실행: Vision Transformer가 뭐야?
2025-11-05 23:25:38 | 난이도: easy
2025-11-05 23:25:39 | 검색 결과: 258 글자
2025-11-05 23:25:39 | 수준 'elementary' 답변 생성 시작
2025-11-05 23:25:41 | 수준 'elementary' 답변 생성 완료: 301 글자
2025-11-05 23:25:41 | ================================================================================
2025-11-05 23:25:41 | [elementary 답변 전체 내용]
2025-11-05 23:25:41 | Vision Transformer(ViT)🖼️는 **이미지를 처리하는 AI 선생님**이에요!  
기존 텍스트 분석 AI가 책 읽기📖를 좋아한다면, ViT는 **그림을 조각내어 그림으로 읽는 것**처럼 학습해요.  

1️⃣ 먼저 이미지를 작은 네모 조각('시각 단어')으로 나누고,  
2️⃣ 이 조각들이 서로 어떻게 연결되는지 트랜스포머로 이해해요.  
예를 들어 레고 블록🧱 하나하나를 보는 대신, 전체 모형을 조립하는 방법을 배우는 것과 비슷하죠! ✨  

이렇게 하면 AI가 사진 속 사물이나 장면을 더 잘 인식할 수 있답니다~ 😊
2025-11-05 23:25:41 | ================================================================================
2025-11-05 23:25:41 | 수준 'beginner' 답변 생성 시작
2025-11-05 23:25:45 | 수준 'beginner' 답변 생성 완료: 886 글자
2025-11-05 23:25:45 | ================================================================================
2025-11-05 23:25:45 | [beginner 답변 전체 내용]
2025-11-05 23:25:45 | **Vision Transformer(ViT, 비전 트랜스포머)**는 **"이미지를 이해하는 AI 선생님"**이에요! 😊

### 📌 쉬운 설명 & 비유
원래 트랜스포머는 문장 속 단어 관계를 분석하는 언어 모델이었는데, ViT는 이걸 **이미지에 적용**했어요.  
이미지를 작은 조각('패치')으로 잘라 **시각 단어**처럼 처리한 뒤, 이 조각들 사이의 관계를 트랜스포머로 학습합니다.  
→ 마치 **퍼즐 조각을 맞추며 전체 그림을 이해**하는 것과 비슷하죠!

### 🧩 예시 1
강아지 사진을 16x16 픽셀 조각으로 나누면, 각 조각은 '귀', '눈', '다리' 같은 부분 정보가 됩니다.  
ViT는 이 조각들을 연결해 **"아, 이건 강아지구나!"**라고 인식해요.

### 🧩 예시 2
의료 영상에서 작은 병변을 찾을 때, ViT는 전체 이미지를 조각 단위로 분석해 **미세한 패턴**까지 포착할 수 있어요.

### ⚠️ 핵심 개념
1. **이미지 분할**: 이미지를 작은 패치로 잘라 입력값으로 사용 (예: 16x16 픽셀).  
2. **위치 정보 추가**: 조각의 배열 순서를 기억해 공간적 관계를 유지 (마치 책에 페이지 번호가 있는 것처럼).  
3. **트랜스포머 학습**: 조각들 간의 유사성/차이를 분석해 객체나 패턴을 인식.  

### 🔍 관련 용어
- **반대 개념**: 전통적인 CNN(합성곱 신경망)은 지역적인 특징(예: 모서리, 질감)을 단계적으로 학습합니다.  
- **확장 기술**: ViT에 기반한 **Swin Transformer**는 계층적 패치 분석으로 더 효율적이에요.

> "ViT는 이미지를 **단어처럼 해석**하는 혁신적인 접근이에요. 기존 CNN보다 **긴 의존성**(예: 이미지 양쪽 끝의 관계)을 잘 포착하죠!" 💡
2025-11-05 23:25:45 | ================================================================================
