2025-11-05 20:31:00 | 첫 실행: 새 채팅 자동 생성 (난이도: easy)
2025-11-05 20:31:08 | 사용자 질문: Attention is all you need 논문 찾아줘
2025-11-05 20:31:08 | Agent 실행 시작 (난이도: easy)
2025-11-05 20:31:23 | 선택된 도구: search_paper (📚 RAG 논문 검색)
2025-11-05 20:31:23 | 답변 생성 완료 (1467 글자)
2025-11-05 20:31:31 | 용어집에 3개 용어 자동 저장 (설정: 1-5개)
2025-11-05 20:31:31 | 답변 품질 평가 시작
2025-11-05 20:32:12 | 평가 완료 - 총점: 24/40
2025-11-05 20:36:17 | 사용자 질문: mamba가 뭐야?
2025-11-05 20:36:17 | Agent 실행 시작 (난이도: easy)
2025-11-05 20:36:29 | 선택된 도구: search_paper (📚 RAG 논문 검색)
2025-11-05 20:36:29 | 답변 생성 완료 (1288 글자)
2025-11-05 20:36:36 | 답변 품질 평가 시작
2025-11-05 20:37:06 | 평가 완료 - 총점: 18/40
2025-11-05 20:37:21 | 사용자 질문: nlp 용어가 뭐야?
2025-11-05 20:37:21 | Agent 실행 시작 (난이도: easy)
2025-11-05 20:37:33 | 선택된 도구: search_paper (📚 RAG 논문 검색)
2025-11-05 20:37:33 | 답변 생성 완료 (1815 글자)
2025-11-05 20:37:41 | 용어집에 4개 용어 자동 저장 (설정: 1-5개)
2025-11-05 20:37:41 | 답변 품질 평가 시작
2025-11-05 20:38:11 | 평가 완료 - 총점: 19/40
2025-11-05 21:06:53 | 사용자 질문: six challenges for neural machain translation 논문의 내용을 설명해줘
2025-11-05 21:06:53 | Agent 실행 시작 (난이도: easy)
2025-11-05 21:07:56 | 선택된 도구: general (🗣️ 일반 답변)
2025-11-05 21:07:56 | 답변 생성 완료 (2107 글자)
2025-11-05 21:08:04 | 답변 품질 평가 시작
2025-11-05 21:08:49 | 평가 완료 - 총점: 19/40
