2025-11-04 19:28:50 | 세션 시작: session_004
2025-11-04 19:28:50 | 폴더 경로: experiments/20251104/20251104_192850_session_004
2025-11-04 19:28:50 | ==================================================
2025-11-04 19:28:50 | 실험 종료
2025-11-04 19:28:50 | ==================================================
2025-11-04 19:28:50 | 빈 폴더 삭제: experiments/20251104/20251104_173603_session_002/evaluation
2025-11-04 19:28:50 | 빈 폴더 삭제: experiments/20251104/20251104_173603_session_002/database
2025-11-04 19:28:50 | 빈 폴더 삭제: experiments/20251104/20251104_173603_session_002/prompts
2025-11-04 19:28:50 | 빈 폴더 삭제: experiments/20251104/20251104_185658_session_003/evaluation
2025-11-04 19:28:50 | 빈 폴더 삭제: experiments/20251104/20251104_185658_session_003/database
2025-11-04 19:28:50 | 빈 폴더 삭제: experiments/20251104/20251104_185658_session_003/prompts
2025-11-04 19:28:50 | 빈 폴더 삭제: experiments/20251104/20251104_140033_session_001/evaluation
2025-11-04 19:28:50 | 빈 폴더 삭제: experiments/20251104/20251104_140033_session_001/database
2025-11-04 19:28:50 | 빈 폴더 삭제: experiments/20251104/20251104_140033_session_001/prompts
2025-11-04 19:28:50 | 빈 폴더 삭제: experiments/20251104/20251104_192850_session_004/evaluation
2025-11-04 19:28:50 | 빈 폴더 삭제: experiments/20251104/20251104_192850_session_004/ui
2025-11-04 19:28:50 | 빈 폴더 삭제: experiments/20251104/20251104_192850_session_004/outputs
2025-11-04 19:28:50 | 빈 폴더 삭제: experiments/20251104/20251104_192850_session_004/database
2025-11-04 19:28:50 | 빈 폴더 삭제: experiments/20251104/20251104_192850_session_004/tools
2025-11-04 19:28:50 | 빈 폴더 삭제: experiments/20251104/20251104_192850_session_004/prompts
2025-11-04 19:28:50 | 총 15개의 빈 폴더 삭제 완료
