2025-11-09 20:52:13 | 첫 실행: 새 채팅 자동 생성 (난이도: easy)
2025-11-09 20:52:52 | 사용자 질문: "Attention Is All You Need" 논문 요약해줘
2025-11-09 20:52:52 | Agent 실행 시작 (난이도: easy)
2025-11-09 20:53:36 | 선택된 도구: summarize (📄 논문 요약)
2025-11-09 20:53:36 | 답변 생성 완료 (900 글자)
2025-11-09 20:53:44 | 답변 품질 평가 시작
2025-11-09 20:54:29 | 평가 완료 - 총점: 36/40
2025-11-09 20:55:05 | 사용자 질문: 이 논문의 한계점은 뭐야?
2025-11-09 20:55:05 | Agent 실행 시작 (난이도: easy)
2025-11-09 20:55:28 | 선택된 도구: search_paper (📚 RAG 논문 검색)
2025-11-09 20:55:28 | 답변 생성 완료 (1585 글자)
2025-11-09 20:55:36 | 답변 품질 평가 시작
2025-11-09 20:56:00 | 평가 완료 - 총점: 13/40
2025-11-09 20:56:21 | 사용자 질문: 2024년 BERT 계열 논문 통계 보여주고 대표 논문 하나 요약해줘
2025-11-09 20:56:21 | Agent 실행 시작 (난이도: easy)
2025-11-09 20:56:55 | 선택된 도구: summarize (📄 논문 요약)
2025-11-09 20:56:55 | 답변 생성 완료 (2058 글자)
2025-11-09 20:57:05 | 답변 품질 평가 시작
2025-11-09 20:57:53 | 평가 완료 - 총점: 20/40
2025-11-09 20:57:57 | 사용자 질문: 개선한 후속 연구 있어?
2025-11-09 20:57:57 | Agent 실행 시작 (난이도: easy)
2025-11-09 20:58:16 | 선택된 도구: search_paper (📚 RAG 논문 검색)
2025-11-09 20:58:16 | 답변 생성 완료 (2194 글자)
2025-11-09 20:58:27 | 답변 품질 평가 시작
2025-11-09 20:59:05 | 평가 완료 - 총점: 16/40
2025-11-09 20:59:06 | 사용자 질문: 2022년 이후 Attention 메커니즘 관련 논문을 연도별로 보여줘
2025-11-09 20:59:06 | Agent 실행 시작 (난이도: easy)
2025-11-09 20:59:21 | 선택된 도구: search_paper (📚 RAG 논문 검색)
2025-11-09 20:59:21 | 답변 생성 완료 (1616 글자)
2025-11-09 20:59:28 | 답변 품질 평가 시작
2025-11-09 21:00:11 | 평가 완료 - 총점: 24/40
2025-11-09 21:00:29 | 사용자 질문: 카테고리별 논문 수 통계 보여줘
2025-11-09 21:00:29 | Agent 실행 시작 (난이도: easy)
2025-11-09 21:01:15 | 선택된 도구: general (🗣️ 일반 답변)
2025-11-09 21:01:15 | 답변 생성 완료 (1754 글자)
2025-11-09 21:01:21 | 답변 품질 평가 시작
2025-11-09 21:02:23 | 평가 완료 - 총점: 12/40
2025-11-09 21:03:04 | 사용자 질문: 2024년 인용 수 상위 10개 논문 제목 알려줘
2025-11-09 21:03:04 | Agent 실행 시작 (난이도: easy)
2025-11-09 21:03:22 | 선택된 도구: search_paper (📚 RAG 논문 검색)
2025-11-09 21:03:22 | 답변 생성 완료 (1653 글자)
2025-11-09 21:03:29 | 용어집에 1개 용어 자동 저장 (설정: 1-5개)
2025-11-09 21:03:29 | 답변 품질 평가 시작
2025-11-09 21:04:12 | 평가 완료 - 총점: 19/40
2025-11-09 21:04:23 | 사용자 질문: 2024년에 나온 AI 논문 몇 개야?
2025-11-09 21:04:23 | Agent 실행 시작 (난이도: easy)
2025-11-09 21:05:18 | 선택된 도구: general (🗣️ 일반 답변)
2025-11-09 21:05:18 | 답변 생성 완료 (1303 글자)
2025-11-09 21:05:23 | 답변 품질 평가 시작
2025-11-09 21:05:38 | 평가 완료 - 총점: 11/40
2025-11-09 21:05:40 | 사용자 질문: 전체 대화 저장해줘
2025-11-09 21:05:40 | Agent 실행 시작 (난이도: easy)
2025-11-09 21:05:40 | 선택된 도구: save_file (💾 파일 저장)
2025-11-09 21:05:40 | 답변 생성 완료 (122 글자)
2025-11-09 21:05:40 | 용어 추출 스킵 (도구: save_file)
2025-11-09 21:05:40 | 답변 품질 평가 시작
2025-11-09 21:05:47 | 평가 완료 - 총점: 20/40
