2025-11-06 11:42:55 | 용어집 노드 실행: RAG가 뭔지 설명하고 관련 논문도 요약해서 저장해줘
2025-11-06 11:42:55 | 난이도: easy
2025-11-06 11:42:56 | 검색 결과: 17 글자
2025-11-06 11:42:56 | 수준 'elementary' 답변 생성 시작
2025-11-06 11:42:59 | 수준 'elementary' 답변 생성 완료: 676 글자
2025-11-06 11:42:59 | ================================================================================
2025-11-06 11:42:59 | [elementary 답변 전체 내용]
2025-11-06 11:42:59 | **RAG(Retrieval-Augmented Generation)가 뭐냐구요?** 🤖✨  

**RAG는 "정보 찾기 + 창의적인 글쓰기"를 합친 AI 기술**이에요!  
🔍 **마치 도서관에서 책을 찾은 뒤 독후감을 쓰는 것**과 같아요.  
1️⃣ 먼저 인터넷에서 관련 정보를 찾아내고(검색 로봇처럼!)  
2️⃣ 그 정보를 바탕으로 자연스러운 답변을 만들어줘요(이야기꾼처럼!).  

예시: "한국에서 가장 높은 산은?" → **먼저 "한라산/백두산" 정보를 검색** → **그 뒤 "한반도에서 가장 높은 산은 백두산입니다!"라고 답변**  

---  

### 📄 **관련 논문 요약 (간단히!)**  
- **"Retrieval-Augmented Generation for Knowledge-Intensive NLP Tasks"** (Facebook AI, 2020)  
  - **핵심**: RAG는 기존 AI가 모르는 정보도 검색해 답변할 수 있게 해줘요.  
  - **장점**: "거짓말"하는 확률이 줄어들고, 최신 정보를 반영할 수 있어요.  
  - **사용처**: 챗봇, 자동 답변 시스템, 복잡한 질문 해결 등에 활용돼요.  

> 💡 **초등학생 비유**: RAG는 **"퀴즈 대회에서 힌트 책을 보는 AI"** 같아요! 책을 뒤적여 정답을 찾고, 그걸로 멋진 답을 만들죠~ 📚🎯
2025-11-06 11:42:59 | ================================================================================
2025-11-06 11:42:59 | 수준 'beginner' 답변 생성 시작
2025-11-06 11:43:04 | 수준 'beginner' 답변 생성 완료: 1422 글자
2025-11-06 11:43:04 | ================================================================================
2025-11-06 11:43:04 | [beginner 답변 전체 내용]
2025-11-06 11:43:04 | **RAG (Retrieval-Augmented Generation)를 쉽게 설명해 드릴게요!**  

### 🔍 **RAG란?**  
"검색 강화 생성"이라는 의미로, **AI가 사용자에게 답변할 때 외부 지식(인터넷, 문서 등)을 실시간으로 검색해 활용하는 기술**이에요.  

- **핵심 개념**:  
  1. **검색(Retrieval)**: 사용자의 질문과 관련된 정보를 데이터베이스나 문서에서 찾아줍니다.  
  2. **생성(Generation)**: 찾은 정보를 바탕으로 자연스러운 답변을 만듭니다.  
  *(예: "기후 변화 원인"을 물으면 최신 연구 자료를 검색해 답변 생성)*  

- **실생활 비유**:  
  도서관 사서가 질문에 답하기 전에 **책을 찾아본 뒤** 설명하는 것과 같아요. 기존의 AI는 "머리 속에 저장된 지식만" 사용했지만, RAG는 **새로운 정보를 끊임없이 참고**할 수 있어요.  

- **반대 개념**:  
  - **Fine-tuning (미세 조정)**: 미리 모든 지식을 모델에 학습시키는 방식 (새로 추가된 정보 반영 어려움).  
  - **단순한 생성 모델**: 외부 검색 없이 기존 데이터만으로 답변 (구식 정보, 환각 현상 발생 가능).  

---

### 📚 **대표 논문 요약: "Retrieval-Augmented Generation for Knowledge-Intensive NLP Tasks" (2020, Facebook AI)**  
1. **목적**:  
   - 기존 언어 모델(GPT 등)의 **지식 한계**와 **환각(hallucination) 문제**를 해결하기 위해 개발.  
   - (환각: AI가 사실과 무관한 답변을 만들어내는 현상)  

2. **방법**:  
   - **두 단계 프로세스** 적용:  
     ① 질문과 관련된 문서를 검색(벡터 데이터베이스 사용).  
     ② 검색된 문서를 참조해 답변 생성.  

3. **성과**:  
   - 오픈QA(개방형 질의응답), 사실 확인(Fact-Checking) 등 **지식 집약적 작업**에서 기존 모델 대비 **성능 50% 이상 향상**.  
   - 예: "아인슈타인이 태어난 연도"를 물을 때, 최신 데이터베이스에서 정확한 연도(1879년)를 검색해 답변.  

4. **중요성**:  
   - **실시간 정보 반영**이 가능해 의료, 법률, 기술 지원 등 **정확성이 중요한 분야**에 적용 중.  

---

### 💡 **예시**  
1. **챗봇 서비스**: "최신 iPhone 모델 가격은?" → RAG는 애플 공식 사이트에서 가격을 검색해 답변.  
2. **의학 상담**: "코로나19 최신 치료법은?" → WHO 가이드라인 문서를 참조해 설명.  

RAG는 **"검색 + 생성"의 협업**으로 더 스마트하고 정확한 AI를 만드는 핵심 기술이에요! 😊
2025-11-06 11:43:04 | ================================================================================
