2025-11-06 11:52:24 | 웹 검색 노드 실행: 2023년 이후 인용 많은 논문 찾아줘
2025-11-06 11:52:24 | 난이도: easy
2025-11-06 11:52:24 | Tavily Search API 초기화 완료
2025-11-06 11:52:24 | Tavily Search API 호출 시작
2025-11-06 11:52:28 | 검색 결과 수: 5
2025-11-06 11:52:28 | ArxivPaperHandler 초기화: 저장 폴더=data/raw/pdfs
2025-11-06 11:52:28 | PDF 추출기: pypdf
2025-11-06 11:52:28 | 수준 'elementary' 답변 생성 시작
2025-11-06 11:52:35 | 수준 'elementary' 답변 생성 완료: 1364 글자
2025-11-06 11:52:35 | ================================================================================
2025-11-06 11:52:35 | [elementary 답변 전체 내용]
2025-11-06 11:52:35 | 🌟 **2023년 이후 한국의 멋진 과학 논문 소식!** 🌟  

1. **📊 한국이 과학 논문에서 두 마리 토끼 잡았어요!**  
   한국은 2023년 세계에서 **12위**로 SCI 논문 75,325편을 발표했어요! 논문 한 편당 인용 횟수도 세계 평균(1.53회)보다 높은 **1.8회**로, 다른 나라들보다 더 많이 참고되고 있답니다. 특히 우주과학 분야에서 두각을 나타냈어요! 🚀  
   *🔗 여기서 더 보기: [결과 1 링크](https://www.kistep.re.kr/board.es?mid=a10306010000&bid=0031&list_no=94238&act=view)*  

2. **📈 경희대의 피인용 논문이 2배로 늘어났어요!**  
   경희대학교는 국제 공동 연구를 활발히 해서 **피인용 상위 10% 논문**을 2019년 1,837편에서 2024년 2,951편으로 늘렸어요! 양자물질 연구센터에서 개발한 기술도 주목받고 있답니다. ✨  
   *🔗 여기서 더 보기: [결과 3 링크](https://www.khu.ac.kr/news_kor/user/webzine/gType.do?wcId=3914)*  

3. **🚨 한국, 7년째 피인용 1% 논문 순위는 제자리걸음**  
   한국의 피인용 상위 1% 논문 점유율은 **세계 14위**로, 7년 동안 순위가 변하지 않았어요. 정부는 2026년까지 이 비율을 4.8%로 높이려고 노력 중이에요. 💪  
   *🔗 여기서 더 보기: [결과 2 링크](https://www.yna.co.kr/view/AKR20251022148300017)*  

4. **🎯 한국은 5년 만에 논문 점유율 반등 성공!**  
   2021년 한국의 SCI 논문 점유율은 **2.4%**로 5년 만에 처음으로 상승했어요! 하지만 상위 국가들과의 격차는 여전히 커서 더 많은 노력이 필요해요. 📈  
   *🔗 여기서 더 보기: [결과 4 링크](https://www.yna.co.kr/view/AKR20230401023200017)*  

5. **🔍 한국의 피인용 1% 논문, 11년간 1.2배 증가!**  
   2013~2023년 한국의 피인용 상위 1% 논문 비중은 **1.07%**로 세계 평균(1%)을 넘었어요! 앞으로 더 혁신적인 연구 결과가 기대됩니다. 🎉  
   *🔗 여기서 더 보기: [결과 5 링크](https://www.kyosu.net/news/articleView.html?idxno=147607)*  

> **✍️ 선생님 한마디**: 한국은 논문 수와 질 모두에서 성장하고 있지만, 미국·중국 같은 강국들과 경쟁하려면 **국제 협력**과 **핵심 기술 연구**에 더 집중해야 해요! 우리 친구들도 미래에 멋진 과학자로 자라나길 기대할게요! 🌍🔬
2025-11-06 11:52:35 | ================================================================================
2025-11-06 11:52:35 | 수준 'beginner' 답변 생성 시작
2025-11-06 11:52:47 | 수준 'beginner' 답변 생성 완료: 2332 글자
2025-11-06 11:52:47 | ================================================================================
2025-11-06 11:52:47 | [beginner 답변 전체 내용]
2025-11-06 11:52:47 | ### 2023년 이후 한국의 논문 발표 및 피인용 현황 분석  

#### 1. **2023년 한국의 과학기술논문 발표 및 피인용 현황**  
- **핵심 내용**:  
  - 한국은 2023년 전 세계 논문 발표 수에서 12위(75,325편, 점유율 2.35%)를 기록했으나, **논문당 평균 피인용 횟수(1.8회)**는 세계 평균(1.53회)을 상회했습니다.  
  - **상위 1% 고인용 논문**은 2013년 463편에서 2023년 967편으로 2배 이상 증가했으며, 특히 다학제 및 우주과학 분야에서 두드러진 성과를 보였습니다.  
  - 연구 방향성: 국제 공동 연구 확대, 전략 분야 집중 지원, 연구 성과의 실용화 강조가 필요합니다.  
- **출처**: **2023년 한국의 과학기술논문 발표 및 피인용 현황** ([링크](https://www.kistep.re.kr/board.es?mid=a10306010000&bid=0031&list_no=94238&act=view))  

#### 2. **한국, 피인용 상위 1% 논문 점유율 14위…7년째 정체**  
- **핵심 내용**:  
  - 한국의 피인용 상위 1% 논문 점유율은 2023년 기준 세계 14위로, 7년간 순위 변동이 없었습니다.  
  - 정부는 2026년까지 피인용 상위 1% 논문 점유율을 4.8%로 높이는 목표를 설정했으나, 아직 진전이 부족한 상황입니다.  
- **출처**: **한국, 피인용 상위 1% 논문 점유율 14위…7년째 정체** ([링크](https://www.yna.co.kr/view/AKR20251022148300017))  

#### 3. **국내 종합대학 5위 연구 질적 수준 반영하는 '피인용' 성과 두드러져**  
- **핵심 내용**:  
  - 경희대학교는 2020~2024년 국제공동연구 비율이 크게 증가했으며, **피인용 상위 10% 논문**이 2019년 1,837편에서 2024년 2,951편으로 급증했습니다.  
  - 국제공동연구의 FWCI(Field-Weighted Citation Impact) 평균은 2.63으로, 국내 연구(1.0 기준)보다 월등히 높았습니다.  
  - 사례: 양자물질 연구센터의 단일 광자 발생기 연구가 대표 성과로 꼽힙니다.  
- **출처**: **국내 종합대학 5위 연구 질적 수준 반영하는 '피인용' 성과 두드러져** ([링크](https://www.khu.ac.kr/news_kor/user/webzine/gType.do?wcId=3914))  

#### 4. **한국 SCI 논문 수 세계 12위…점유율 5년만에 반등**  
- **핵심 내용**:  
  - 2021년 한국의 SCI 논문 수는 83,680편으로 세계 12위(점유율 2.4%)를 기록했으며, 5년 만에 점유율이 반등했습니다.  
  - 논문당 피인용 횟수는 증가했으나, 상위 국가들과의 격차는 여전히 존재합니다. 경제적 규모(GDP)와 논문 생산성은 높은 상관관계가 있습니다.  
- **출처**: **한국 SCI 논문 수 세계 12위…점유율 5년만에 반등** ([링크](https://www.yna.co.kr/view/AKR20230401023200017))  

#### 5. **피인용 상위 1% 논문 세계 14위…최근 11년간 논문 점유율 1.2배 증가**  
- **핵심 내용**:  
  - 2013~2023년 한국의 피인용 상위 1% 논문 비중은 1.07%로 세계 평균(1%)을 넘었으나, 순위에서는 14위에 머물렀습니다.  
  - 2012~2022년 기간의 1% 논문 비중은 1.03%로, 11년간 점유율이 1.2배 증가했습니다.  
- **출처**: **피인용 상위 1% 논문 세계 14위…최근 11년간 논문 점유율 1.2배 증가** ([링크](https://www.kyosu.net/news/articleView.html?idxno=147607))  

---  
### 더 읽어보면 좋은 자료  
- **네이처 인덱스 2024** ([링크](https://www.nature.com/collections/fhghjgibgi)): 글로벌 연구 성과 비교  
- **Scopus 2023 리포트** ([링크](https://www.scopus.com/): 인용 분석 방법론 설명  
- **한국연구재단 성과 보고서** ([링크](https://www.nrf.re.kr/): 국내 연구 동향 분석  

> 📌 **용어 설명**  
> - **피인용 횟수**: 논문이 다른 연구에서 얼마나 자주 인용되었는지 나타내는 지표로, 연구의 영향력을 반영합니다.  
> - **FWCI(Field-Weighted Citation Impact)**: 분야별 평균 대비 인용 비율로, 1.0이면 동일 분야 평균과 같습니다.
2025-11-06 11:52:47 | ================================================================================
