2025-11-05 23:57:10 | 첫 실행: 새 채팅 자동 생성 (난이도: easy)
2025-11-05 23:57:16 | 사용자 질문: Vision Transformer가 뭐야?
2025-11-05 23:57:16 | Agent 실행 시작 (난이도: easy)
2025-11-05 23:57:22 | 선택된 도구: glossary (📖 RAG 용어집)
2025-11-05 23:57:22 | 답변 생성 완료 (758 글자)
2025-11-05 23:57:30 | 용어집에 1개 용어 자동 저장 (설정: 1-5개)
2025-11-05 23:57:30 | 답변 품질 평가 시작
2025-11-05 23:57:49 | 평가 완료 - 총점: 26/40
2025-11-05 23:58:17 | 사용자 질문: 관련 논문 찾아줘 저장해줘
2025-11-05 23:58:17 | Agent 실행 시작 (난이도: easy)
2025-11-05 23:58:40 | 선택된 도구: search_paper (📚 RAG 논문 검색)
2025-11-05 23:58:40 | 답변 생성 완료 (1724 글자)
2025-11-05 23:58:48 | 답변 품질 평가 시작
2025-11-05 23:59:16 | 평가 완료 - 총점: 24/40
2025-11-06 00:05:10 | 사용자 질문: GPT 논문 찾아서 요약해줘
2025-11-06 00:05:10 | Agent 실행 시작 (난이도: easy)
2025-11-06 00:05:56 | 선택된 도구: summarize (📄 논문 요약)
2025-11-06 00:05:56 | 답변 생성 완료 (517 글자)
2025-11-06 00:06:06 | 용어집에 1개 용어 자동 저장 (설정: 1-5개)
2025-11-06 00:06:06 | 답변 품질 평가 시작
2025-11-06 00:06:48 | 평가 완료 - 총점: 26/40
