2025-11-05 09:28:16 | 첫 실행: 새 채팅 자동 생성 (난이도: easy)
2025-11-05 09:28:21 | 용어 추출 범위 변경 (슬라이더): 1-28개
2025-11-05 09:28:33 | 용어 추출 범위 변경 (수동): 1-6개
2025-11-05 09:28:33 | 용어 추출 범위 변경 (수동): 1-7개
2025-11-05 09:28:34 | 용어 추출 범위 변경 (수동): 1-8개
2025-11-05 09:28:34 | 용어 추출 범위 변경 (수동): 1-9개
2025-11-05 09:28:34 | 용어 추출 범위 변경 (수동): 1-10개
2025-11-05 09:28:34 | 용어 추출 범위 변경 (수동): 1-11개
2025-11-05 09:28:35 | 용어 추출 범위 변경 (수동): 1-12개
2025-11-05 09:28:35 | 용어 추출 범위 변경 (수동): 1-13개
2025-11-05 09:28:35 | 용어 추출 범위 변경 (수동): 1-14개
2025-11-05 09:28:36 | 용어 추출 범위 변경 (수동): 1-15개
2025-11-05 09:28:36 | 용어 추출 범위 변경 (수동): 1-16개
2025-11-05 09:28:36 | 용어 추출 범위 변경 (수동): 1-17개
2025-11-05 09:30:42 | 사용자 질문: ViT의 구조를 간단히 설명해줘
2025-11-05 09:30:42 | Agent 실행 시작 (난이도: easy)
2025-11-05 09:30:48 | 선택된 도구: general (🗣️ 일반 답변)
2025-11-05 09:30:48 | 답변 생성 완료 (1059 글자)
2025-11-05 09:31:00 | 용어집에 8개 용어 자동 저장 (설정: 1-17개)
2025-11-05 09:31:00 | 답변 품질 평가 시작
2025-11-05 09:31:17 | 평가 완료 - 총점: 29/40
2025-11-05 09:33:08 | 사용자 질문: 저장해줘
2025-11-05 09:33:08 | Agent 실행 시작 (난이도: easy)
2025-11-05 09:33:09 | 선택된 도구: save_file (💾 파일 저장)
2025-11-05 09:33:09 | 답변 생성 완료 (111 글자)
2025-11-05 09:33:09 | 용어 추출 스킵 (도구: save_file)
2025-11-05 09:33:09 | 답변 품질 평가 시작
2025-11-05 09:33:27 | 평가 완료 - 총점: 23/40
