2025-11-06 00:22:25 | 용어집 노드 실행: Vision Transformer가 뭐야?
2025-11-06 00:22:25 | 난이도: easy
2025-11-06 00:22:26 | 검색 결과: 258 글자
2025-11-06 00:22:26 | 수준 'elementary' 답변 생성 시작
2025-11-06 00:22:29 | 수준 'elementary' 답변 생성 완료: 294 글자
2025-11-06 00:22:29 | ================================================================================
2025-11-06 00:22:29 | [elementary 답변 전체 내용]
2025-11-06 00:22:29 | **Vision Transformer(ViT)**는 🖼️ **이미지를 이해하는 특별한 AI 친구**예요!  

✅ **책 페이지 한 장을 읽는 것**처럼, 이미지를 작은 조각(패치)으로 나눈 뒤, 각 조각을 '시각 단어'로 바꿔요.  
✅ 이 조각들이 서로 어떻게 연결되는지 트랜스포머 기술로 분석해, **전체 그림의 의미**를 파악해요!  
(예: 강아지 사진에서 꼬리·귀·눈 조각을 보고 "강아지!"라고 맞추는 것과 비슷 🐶✨)  

기존 CNN보다 **더 넓은 시야**로 이미지를 해석하는 마법 같은 모델이에요 🧙‍♂️!
2025-11-06 00:22:29 | ================================================================================
2025-11-06 00:22:29 | 수준 'beginner' 답변 생성 시작
2025-11-06 00:22:32 | 수준 'beginner' 답변 생성 완료: 745 글자
2025-11-06 00:22:32 | ================================================================================
2025-11-06 00:22:32 | [beginner 답변 전체 내용]
2025-11-06 00:22:32 | **Vision Transformer(ViT)**는 이미지 분석에 **트랜스포머**를 적용한 모델이에요! 원래는 텍스트 번역이나 문장 이해에 쓰이던 트랜스포머를 이미지 분야에 가져온 거죠.  

### 🌟 쉬운 비유로 이해하기
책 한 페이지를 읽을 때 단어 하나씩 보는 게 아니라 전체 문맥으로 의미를 파악하잖아요? ViT도 이미지를 **작은 조각(패치)**으로 나눈 뒤, 이 패치들이 서로 어떻게 연결되는지 분석해 전체 이미지를 이해해요. 마치 퍼즐을 맞추듯 말이죠!  

### 📌 핵심 개념 3문장  
1. 이미지를 **16x16 픽셀 크기의 패치**로 자르고, 이를 마치 단어처럼 처리합니다.  
2. 각 패치 간의 관계를 트랜스포머로 학습해 **"이 조각은 고양이의 귀일 확률이 높아"** 같은 특징을 추출해요.  
3. 텍스트 트랜스포머와 달리 **위치 정보**를 추가해 이미지의 공간적 구조를 보존합니다.  

### 🧪 예시  
- **고양이 이미지**: 꼬리 패치, 귀 패치, 눈 패치를 조합해 "고양이"로 분류  
- **X-ray 분석**: 병변 패치들이 모인 영역을 탐지해 질병 진단 지원  

### 💡 관련 개념  
- **반) 전통적인 CNN**: 이미지를 슬라이딩 윈도우로 분석하지만, ViT는 전체 맥락을 한 번에 봅니다.  
- **장점**: 큰 데이터셋에서 CNN보다 정확도 높음. 단, 작은 데이터에선 패치 분할로 인해 성능 저하될 수 있어요.  

궁금한 점이 있다면 추가로 물어봐 주세요! 😊
2025-11-06 00:22:32 | ================================================================================
