2025-11-05 22:26:28 | 용어집 노드 실행: 앞에 말한 답변 저장해줘
2025-11-05 22:26:28 | 난이도: easy
2025-11-05 22:26:29 | 검색 결과: 17 글자
2025-11-05 22:26:29 | 수준 'elementary' 답변 생성 시작
2025-11-05 22:26:31 | 수준 'elementary' 답변 생성 완료: 211 글자
2025-11-05 22:26:31 | ================================================================================
2025-11-05 22:26:31 | [elementary 답변 전체 내용]
2025-11-05 22:26:31 | 아쉽게도 이번에는 저장 기능이 없어요 😢  
예를 들어 설명해 드릴게요! ✨  

**"AI가 말하는 내용을 저장하는 것"** 은  
마치 **일기장에 친구의 말을 적어두는 것** 과 같아요 📔  
지금은 바로 저장할 수 없지만,  
다음에 또 물어보면 다시 설명해 줄게요! 👍  

(💡 나중에 컴퓨터에는 "메모장"이나 "클라우드" 같은 저장 공간이 있다는 걸 알려드릴게요!)
2025-11-05 22:26:31 | ================================================================================
2025-11-05 22:26:31 | 수준 'beginner' 답변 생성 시작
2025-11-05 22:26:34 | 수준 'beginner' 답변 생성 완료: 475 글자
2025-11-05 22:26:34 | ================================================================================
2025-11-05 22:26:34 | [beginner 답변 전체 내용]
2025-11-05 22:26:34 | 아, 현재 대화 기록을 저장하는 기능은 지원하지 않아요! 😅  
(마치 메모장에 글을 쓰지 않고 바로 지우는 것처럼, 이전 대화가 자동 저장되지 않는 거예요.)

### 쉽게 비유해 드릴게요!
- **실생활 예시**: 카페에서 바리스타에게 "아메리카노 주세요"라고 말한 후, "아까 그 주문 다시 해주세요"라고 해도 기록이 없으면 다시 말해야 하는 상황과 비슷해요.  
- **AI의 특징**: 저는 매번 새로운 대화를 시작할 때마다 '메모리 리셋'이 돼요. (반대의 경우: 채팅 기록 저장 기능이 있는 AI 봇은 이전 대화를 기억해 답변에 반영할 수 있어요.)

### 핵심 개념
1. 현재 시스템은 일회성 대화만 지원합니다.  
2. 중요한 내용은 직접 메모하시거나, 다음에 질문할 때 다시 설명해 주시면 돼요!  
3. (관련 용어) '컨텍스트 유지' 기능이 없는 상태라고 볼 수 있어요.  

더 궁금한 점이 있다면 언제든 물어봐 주세요! 😊
2025-11-05 22:26:34 | ================================================================================
