2025-11-05 14:08:11 | 용어집 노드 실행: Transformer가 뭐야?
2025-11-05 14:08:11 | 난이도: easy
2025-11-05 14:08:12 | 검색 결과: 783 글자
2025-11-05 14:08:12 | 수준 'elementary' 답변 생성 시작
2025-11-05 14:08:15 | 수준 'elementary' 답변 생성 완료: 436 글자
2025-11-05 14:08:15 | ================================================================================
2025-11-05 14:08:15 | [elementary 답변 전체 내용]
2025-11-05 14:08:15 | **Transformer**는 🤖 **초능력 번역 기계** 같아요!  

1️⃣ **주의 메커니즘(Attention)**을 사용해 문장의 **중요한 단어에 집중**해요  
→ "사과를 먹었다"에서 "사과"와 "먹었다"를 서로 연결하는 거죠! ✨  
(마치 책 읽을 때 중요한 단어에 밑줄 긋는 것처럼 📖)  

2️⃣ **모든 단어를 동시에 처리**해요  
→ 레고 블록을 한 번에 맞추듯 문장 전체를 빠르게 이해해요 🧱  

3️⃣ **밀집(Dense) 모델**과 달리 **효율적**이에요  
→ 필요 없는 계산은 건너뛰고 핵심 정보만 골라 처리해요 🎯  

예시) "고양이가 소파를 긁었다"를 번역할 때,  
- "고양이"와 "긁었다"가 연결됨을 바로 알아차리고,  
- "소파"는 부차적이라는 걸 이해해요!  

그래서 번역, 챗봇 등 **복잡한 언어 작업**에 최고예요 👍
2025-11-05 14:08:15 | ================================================================================
2025-11-05 14:08:15 | 수준 'beginner' 답변 생성 시작
2025-11-05 14:08:18 | 수준 'beginner' 답변 생성 완료: 983 글자
2025-11-05 14:08:18 | ================================================================================
2025-11-05 14:08:18 | [beginner 답변 전체 내용]
2025-11-05 14:08:18 | **Transformer(트랜스포머)**는 자연어 처리(NLP) 분야에서 혁명을 일으킨 딥러닝 모델 구조예요!  
(※ NLP: 컴퓨터가 인간의 언어를 이해하는 기술)

---

### 📌 핵심 개념 (3문장 요약)
1. **"Attention Mechanism"**을 핵심으로 사용해 문장 내 단어들 간의 관계를 집중적으로 분석합니다.  
   (예: "고양이가 쥐를 쫓는다"에서 "고양이"와 "쥐"의 연결성을 파악)
2. 순차적 처리 대신 **병렬 계산**이 가능해 처리 속도가 매우 빠릅니다.  
3. 번역, 요약, 챗봇 등 다양한 NLP 작업에 활용되며, GPT나 BERT 같은 초대형 모델의 기반이 됐어요.

---

### 🧠 쉬운 비유: **"실시간 번역 이어폰"**
- 긴 영어 문장을 들을 때, 중요한 단어(예: 동사·명사)만 집중해가며 **동시에** 전체 문맥을 이해합니다.  
- 기존 모델(예: LSTM)은 단어를 하나씩 순서대로 처리했지만, 트랜스포머는 모든 단어를 **한 번에** 분석해 효율적입니다.

---

### 🔍 구체적인 예시
1. **번역**: "The cat chased the mouse" → "고양이가 쥐를 쫓았다"에서 "chased"와 "쥐"의 관계를 정확히 포착해 자연스러운 번역 생성  
2. **문장 완성**: "아침에 ____를 마셨다" → "커피"가 빈칸에 들어갈 확률을 Attention으로 계산해 예측

---

### 💡 관련 용어
- **Self-Attention**: 동일한 문장 내에서 단어끼리 집중하는 핵심 기술  
- **Positional Encoding**: 단어 순서를 알려주는 추가 정보 (트랜스포머는 순서 무시 문제 해결을 위해 필요)  
- *반대 개념*: 순차적 처리 모델(예: RNN, LSTM) — 단어가 하나씩 입력되는 구조라 느린 단점 있음

---

트랜스포머는 마치 **"문맥의 신"**처럼 작용해, 복잡한 언어 패턴을 파악하는 현대 AI의 핵심 기술이 됐어요! 😊
2025-11-05 14:08:18 | ================================================================================
