2025-11-05 21:07:22 | 웹 검색 노드 실행: six challenges for neural machain translation 논문의 내용을 설명해줘
2025-11-05 21:07:22 | 난이도: easy
2025-11-05 21:07:22 | Tavily Search API 초기화 완료
2025-11-05 21:07:22 | Tavily Search API 호출 시작
2025-11-05 21:07:26 | 검색 결과 수: 5
2025-11-05 21:07:26 | ArxivPaperHandler 초기화: 저장 폴더=data/raw/pdfs
2025-11-05 21:07:26 | PDF 추출기: pypdf
2025-11-05 21:07:26 | arXiv 논문 발견: https://arxiv.org/abs/1706.03872
2025-11-05 21:07:26 | arXiv 논문 처리 시작: https://arxiv.org/abs/1706.03872
2025-11-05 21:07:26 | arXiv ID 추출 성공: 1706.03872
2025-11-05 21:07:26 | arXiv API 호출: 1706.03872
2025-11-05 21:07:26 | 메타데이터 추출 성공: Six Challenges for Neural Machine Translation
2025-11-05 21:07:26 | PDF 다운로드 시작: https://arxiv.org/pdf/1706.03872.pdf
2025-11-05 21:07:27 | PDF 다운로드 완료: data/raw/pdfs/1706.03872.pdf (190639 bytes)
2025-11-05 21:07:27 | papers 테이블 저장 완료: paper_id=106
2025-11-05 21:07:27 | PaperDocumentLoader 초기화 완료 (chunk_size=1000, overlap=200)
2025-11-05 21:07:27 | 고품질 청킹 완료: 58개 청크 (저작권 필터링 적용)
2025-11-05 21:07:27 | 중복 제거 후: 58개 청크
2025-11-05 21:07:27 | pgvector 저장 시작: 58개 청크
2025-11-05 21:07:29 | pgvector 저장 완료: 58개 청크
2025-11-05 21:07:29 | arXiv 논문 처리 완료: 1706.03872 (paper_id=106)
2025-11-05 21:07:29 | 고품질 청킹 적용: RecursiveCharacterTextSplitter + 저작권 필터링 + 중복 제거
2025-11-05 21:07:29 | arXiv 논문 저장 성공: https://arxiv.org/abs/1706.03872
2025-11-05 21:07:29 | 총 1개 arXiv 논문 저장 완료
2025-11-05 21:07:29 | 수준 'elementary' 답변 생성 시작
2025-11-05 21:07:36 | 수준 'elementary' 답변 생성 완료: 1526 글자
2025-11-05 21:07:36 | ================================================================================
2025-11-05 21:07:36 | [elementary 답변 전체 내용]
2025-11-05 21:07:36 | 🌟 **인공지능 번역기의 6가지 도전 과제** 🌟  
(초등학생도 이해할 수 있게 쉽게 설명해줄게요!)  

1. **"다른 분야에서 번역하기 어려워요"** 🌍  
   - 의학, 과학 같은 전문 분야 단어는 일상 단어와 다르게 번역해야 해요.  
   - 예: "apple"은 과일일 수도, 회사 이름일 수도 있죠!  
   🔗 여기서 더 보기: [RWS 블로그](https://www.rws.com/language-weaver/blog/issue-4-six-challenges-in-neural-mt/)  

2. **"많은 데이터가 필요해요"** 📊  
   - 번역기를 잘 가르치려면 수많은 문장 예시가 필요해요.  
   - 데이터가 적으면 이상한 번역이 나올 수 있어요.  
   🔗 여기서 더 보기: [Talkao 블로그](https://talkao.com/blog/the-challenges-and-opportunities-of-neural-machine-translation/)  

3. **"드문 단어는 번역하기 힘들어요"** 🔤  
   - "드래곤프루프" 같은 희귀한 단어는 번역기가 헷갈려 해요.  
   - 요즘은 단어를 조각내서 배우는 방법을 개발 중이에요!  
   📝 (예: "드래곤" + "프루프" → 각각 번역)  
   🔗 여기서 더 보기: [Medium 요약](https://medium.com/@ozinkegliyin/six-challenges-for-neural-machine-translation-8a780ead92ab)  

4. **"긴 문장은 번역하기 복잡해요"** 📜  
   - "오늘 학교에서..."로 시작하는 긴 문장을 번역하면 앞부분을 잊어버릴 수 있어요.  
   - "중요한 부분을 찾는 방법"(어텐션 메커니즘)으로 해결 중이에요!  
   🔗 여기서 더 보기: [arXiv 논문](https://arxiv.org/abs/1706.03872)  

5. **"단어 연결 정보가 부족해요"** 🔗  
   - "나는 사과를 먹었다"에서 "사과"가 영어 "apple"과 연결된다는 걸 정확히 알려줘야 해요.  
   - 예전 번역기보다 단어 연결이 덜 정확할 수 있어요.  
   🔗 여기서 더 보기: [ACL Anthology](https://aclanthology.org/W17-3204.pdf)  

6. **"번역 결과가 일관적이지 않아요"** 🔄  
   - 같은 문장을 번역해도 결과가 달라질 수 있어요.  
   - "빔 서치"라는 방법으로 여러 후보를 비교해 더 나은 번역을 찾고 있어요!  
   ✨ (예: "안녕" → "Hello" vs "Hi" 중 더 자연스러운 것 선택)  
   🔗 여기서 더 보기: [RWS 블로그](https://www.rws.com/language-weaver/blog/issue-4-six-challenges-in-neural-mt/)  

**결론**: 인공지능 번역기는 점점 발전하고 있지만,  
아직 6가지 문제를 해결하기 위해 많은 연구가 필요해요! 💡  
(여러분도 번역기를 사용할 때 이런 점을 눈여겨보세요~)
2025-11-05 21:07:36 | ================================================================================
2025-11-05 21:07:36 | 수준 'beginner' 답변 생성 시작
2025-11-05 21:07:45 | 수준 'beginner' 답변 생성 완료: 2580 글자
2025-11-05 21:07:45 | ================================================================================
2025-11-05 21:07:45 | [beginner 답변 전체 내용]
2025-11-05 21:07:45 | ### 1. Six Challenges for Neural Machine Translation (2017)  
- **핵심 내용 요약**  
  이 논문은 신경망 기계 번역(NMT)의 6가지 주요 과제를 분석합니다:  
  1. **도메인 불일치**: 훈련 데이터와 다른 분야(의료, 법률 등)의 텍스트를 번역할 때 성능 저하 문제.  
  2. **훈련 데이터 양**: 데이터가 적을 경우 통계적 기계 번역(SMT)보다 성능이 낮음.  
  3. **희귀 단어**: 훈련 데이터에 없는 단어는 번역 실패 가능성이 높음.  
  4. **긴 문장 처리**: NMT는 어텐션 메커니즘으로 개선되었지만, 긴 문장에서 여전히 오류 발생.  
  5. **단어 정렬 부재**: SMT와 달리 NMT는 단어 간 명확한 정렬 정보를 제공하지 않아 분석 어려움.  
  6. **빔 서치 문제**: 번역 생성 시 일관성 없는 결과 발생 가능성.  
  - 실험 결과, NMT는 특정 조건(도메인 일치, 충분한 데이터)에서 SMT를 능가하지만, 여전히 한계가 있음을 확인.  

- 출처: **Six Challenges for Neural Machine Translation** ([링크](https://arxiv.org/abs/1706.03872))  

---

### 2. Issue #4 - Six Challenges in Neural MT (RWS 블로그)  
- **핵심 내용 요약**  
  Koehn과 Knowles의 논문을 요약한 글로, 7번째 과제인 **"결과 해석의 어려움"**을 추가합니다.  
  - NMT는 블랙박스 성향이 강해 번역 결과의 근거를 설명하기 어려움.  
  - 각 과제(도메인 불일치, 희귀 단어 등)에 대한 간단한 설명과 현재 연구 동향을 소개.  

- 출처: **Issue #4 - Six Challenges in Neural MT** ([링크](https://www.rws.com/language-weaver/blog/issue-4-six-challenges-in-neural-mt/))  

---

### 3. Medium 요약 글 ("Six Challenges...")  
- **핵심 내용 요약**  
  - **긴 문장 처리**: 어텐션 메커니즘으로 개선되었지만, 문장 길이에 따라 정확도가 달라짐.  
  - **단어 정렬**: NMT의 어텐션 가중치와 SMT의 단어 정렬 결과를 비교한 실험 결과, 언어 쌍에 따라 일관성 차이 발생(예: 독일어-영어에서 오프셋 문제).  
  - **빔 서치**: 다양한 후보 번역을 생성하는 빔 서치 방식이 문맥 일관성을 해칠 수 있음을 지적.  

- 출처: **Six Challenges for Neural Machine Translation - Medium** ([링크](https://medium.com/@ozinkegliyin/six-challenges-for-neural-machine-translation-8a780ead92ab))  

---

### 4. ACL Anthology 논문 요약  
- **핵심 내용 요약**  
  - 결론: NMT는 최근 성공에도 불구하고 **도메인 불일치**와 **저자원 환경**(데이터 부족)에서 성능 한계가 뚜렷함.  
  - **도메인 불일치** 예시: "bank"는 금융 분야에서는 "은행", 강가에서는 "둑"으로 번역되어야 함.  
  - 연구자들에게 이러한 과제 해결을 촉구하는 메시지 강조.  

- 출처: **[PDF] Six Challenges for Neural Machine Translation - ACL Anthology** ([링크](https://aclanthology.org/W17-3204.pdf))  

---

### 5. Talkao 블로그 글  
- **핵심 내용 요약**  
  - **훈련 데이터 품질**: 고품질 병렬 코퍼스(문장 쌍)가 부족하면 번역 품질 저하, 특히 저자원 언어에서 문제.  
  - **OOV(Out-of-Vocabulary) 문제**: 사전에 없는 단어는 "unk"로 처리되며 번역 실패 가능성 높음. 해결 방안으로 **서브워드 분할**(예: BPE) 기술 소개.  
  - NMT의 잠재력 강조: 글로벌 커뮤니케이션 혁신 가능성.  

- 출처: **The challenges and opportunities of neural machine translation** ([링크](https://talkao.com/blog/the-challenges-and-opportunities-of-neural-machine-translation/))  

---

### 더 읽어보면 좋은 자료  
- [Hugging Face NMT 튜토리얼](https://huggingface.co/docs/transformers/tasks/translation)  
- [Google AI Blog: 번역 모델의 진화](https://ai.googleblog.com/2016/09/a-neural-network-for-machine.html)  
- [서브워드 분할(BPE) 설명](https://jalammar.github.io/illustrated-word2vec/part2-practical-examples-and-tips/)
2025-11-05 21:07:45 | ================================================================================
