2025-11-05 23:57:16 | 용어집 노드 실행: Vision Transformer가 뭐야?
2025-11-05 23:57:16 | 난이도: easy
2025-11-05 23:57:17 | 검색 결과: 258 글자
2025-11-05 23:57:17 | 수준 'elementary' 답변 생성 시작
2025-11-05 23:57:19 | 수준 'elementary' 답변 생성 완료: 237 글자
2025-11-05 23:57:19 | ================================================================================
2025-11-05 23:57:19 | [elementary 답변 전체 내용]
2025-11-05 23:57:19 | Vision Transformer(ViT)는 📷**사진을 이해하는 인공지능**이에요!  

예를 들어, **퍼즐 조각**처럼 이미지를 작은 네모들로 나눈 뒤,  
각 조각이 서로 어떻게 연결되는지 분석해요 🧩  
마치 📚**동화책**을 한 장씩 넘기며 전체 이야기를 이해하는 것과 비슷하답니다!  

기존 AI는 이미지를 픽셀 단위로 봤지만,  
ViT는 **"이미지 단어"**를 만들어 문장처럼 해석해요 ✨  
예쁘죠? 😊
2025-11-05 23:57:19 | ================================================================================
2025-11-05 23:57:19 | 수준 'beginner' 답변 생성 시작
2025-11-05 23:57:22 | 수준 'beginner' 답변 생성 완료: 758 글자
2025-11-05 23:57:22 | ================================================================================
2025-11-05 23:57:22 | [beginner 답변 전체 내용]
2025-11-05 23:57:22 | **Vision Transformer(ViT, 비전 트랜스포머)**는 사진을 이해하는 AI 모델이에요! 🖼️✨  
(트랜스포머: 원래 텍스트 분석에 쓰이던 AI 기술로, 단어 간 관계를 학습하는 모델이에요)

---

### ✅ 간단한 비유  
**"이미지 퍼즐 맞추기"**라고 생각해보세요!  
- 이미지를 작은 조각(패치)으로 나누고, 각 조각을 '시각 단어'로 처리해요  
- 마치 책 페이지를 단어 단위로 읽듯이, 전체 이미지의 관계를 파악해 강아지/나무 같은 객체를 인식합니다.

---

### 📌 핵심 개념 (3문장 요약)  
1. **이미지를 조각으로 분할** → 각 패치를 벡터(숫자 배열)로 변환  
2. **트랜스포머로 관계 학습** → 패치들 사이의 연결성(예: 눈과 코는 가까움) 분석  
3. **전체 문맥 이해** → 조각만 보는 CNN과 달리, 이미지 전체를 종합적으로 판단  

---

### 🧩 예시  
- **강아지 사진**: 귀/눈/꼬리 패치들이 서로 연결되어 있음을 학습해 "강아지"로 분류  
- **의료 영상**: X-ray 이미지를 조각내어 종양 위치를 정확히 파악  

---

### ⚖️ 관련 용어  
- **반대 개념**: CNN(Convolutional Neural Network) - 이미지를 지역적으로 분석하는 전통적 방식  
- **유사 기술**: Swin Transformer - ViT의 계산 효율성을 개선한 모델  

> "ViT는 이미지를 '언어'처럼 해석하는 혁신적인 접근법이에요!" 😊
2025-11-05 23:57:22 | ================================================================================
