2025-11-06 11:16:22 | 용어집 노드 실행: RAG가 뭔지 설명하고 관련 논문도 요약해서 저장해줘
2025-11-06 11:16:22 | 난이도: easy
2025-11-06 11:16:23 | 검색 결과: 17 글자
2025-11-06 11:16:23 | 수준 'elementary' 답변 생성 시작
2025-11-06 11:16:26 | 수준 'elementary' 답변 생성 완료: 735 글자
2025-11-06 11:16:26 | ================================================================================
2025-11-06 11:16:26 | [elementary 답변 전체 내용]
2025-11-06 11:16:26 | RAG(검색 증강 생성)는 **"책 속 정보를 찾아 창의적으로 답변하는 로봇 친구"** 같은 기술이에요! 🤖📚  

### 🌟 쉬운 비유 설명  
1. **레고 블록 조립**처럼:  
   - RAG는 "인터넷에서 정보를 찾아(검색) → 그 정보로 답변을 만들어내는(생성)" 2단계 과정이에요.  
   - 마치 선생님이 교과서(인터넷)에서 답을 찾아 학생들에게 설명해주듯 🎯  

2. **요리 레시피**처럼:  
   - 재료(인터넷 정보)를 모아 → 맛있는 요리(답변)를 만드는 것과 같아요. ✨  

---  

### 📑 관련 논문 간단 요약 (초판 기준)  
- **"Retrieval-Augmented Generation for Knowledge-Intensive NLP Tasks" (2020)**  
  - **핵심 아이디어**: AI가 모르는 질문이 나오면, 미리 준비된 지식 창고에서 관련 내용을 찾아 답변에 활용해요.  
  - **장점**:  
    - 기존 AI는 머릿속에 저장된 정보만 사용했지만, RAG는 **실시간 검색**으로 더 정확한 답변을 만들어요.  
    - 예) "2023년 월드컵 우승팀?" → 최신 뉴스 데이터를 검색해 답변 가능 🏆  

- **어린이 버전 비유**:  
  > "RAG는 숙제를 할 때, 교과서나 인터넷에서 답을 찾아 공책에 정리하는 것과 같아요. 모르는 문제가 나와도 당황하지 않죠!"  

추가로 궁금한 점이 있다면 언제든 물어봐 주세요! 😊
2025-11-06 11:16:26 | ================================================================================
2025-11-06 11:16:26 | 수준 'beginner' 답변 생성 시작
2025-11-06 11:16:31 | 수준 'beginner' 답변 생성 완료: 1194 글자
2025-11-06 11:16:31 | ================================================================================
2025-11-06 11:16:31 | [beginner 답변 전체 내용]
2025-11-06 11:16:31 | **RAG(Retrieval-Augmented Generation, 검색 증강 생성)**를 쉽게 설명해 드릴게요! 😊  

### 📌 **핵심 개념**  
RAG는 **AI가 답변을 생성할 때 외부 지식(인터넷, 문서 등)을 실시간으로 검색해 활용하는 기술**이에요.  
- "생성(Generation) 모델"이 답변을 만들 때, "검색(Retrieval) 모델"이 관련 정보를 찾아서 제공해 줍니다.  
- 예를 들어, "2024년 파리 올림픽 일정"을 물으면, AI가 웹에서 최신 정보를 검색해 정확한 날짜를 포함한 답변을 생성해 줘요.  

---

### 🏘 **실생활 비유**  
> 도서관에서 리포트를 쓸 때,  
> 1. **검색 단계**: 필요한 주제의 책을 찾아요. (Retrieval)  
> 2. **작성 단계**: 찾은 책을 참고해 리포트를 써요. (Generation)  
> RAG는 이 두 단계를 자동으로 하는 AI 시스템이에요!  

---

### 📚 **구체적인 예시**  
1. **고객 서비스 챗봇**: "제품 A 반품 정책은?" → 웹사이트 FAQ에서 최신 정책을 검색해 답변 생성.  
2. **의료 상담 AI**: "최근 당뇨병 치료법" → 의학 논문에서 관련 연구를 검색해 설명 제공.  

---

### 🔍 **관련 논문 요약** (2020년 Facebook AI 논문)  
- **제목**: "Retrieval-Augmented Generation for Knowledge-Intensive NLP Tasks"  
- **핵심 내용**:  
  - 기존 언어 모델(GPT 등)은 학습 데이터만 사용해 **오래된 정보**나 **사실 오류**가 발생할 수 있음.  
  - RAG는 외부 지식베이스(예: 위키피디아)를 검색해 **정확한 정보**를 반영한 답변 생성.  
  - 퀴즈 풀기, 개방형 QA에서 기존 모델 대비 **40% 이상 성능 향상**을 보임.  

---

### ⚠️ **반대 개념 & 한계**  
- **대조적 기술**: Fine-tuning(사전 학습된 모델을 특정 데이터로 추가 학습).  
  - RAG는 외부 지식을 **실시간으로** 활용하지만, Fine-tuning은 미리 학습된 지식에만 의존해요.  
- **한계**: 검색된 정보의 신뢰성 문제가 있을 수 있어요. (예: 가짜 뉴스 포함 문서)  

도움이 되셨다면 추가 질문도 언제든 물어봐 주세요! 😊
2025-11-06 11:16:31 | ================================================================================
