2025-11-03 05:44:25 | 첫 실행: 새 채팅 자동 생성 (난이도: easy)
2025-11-03 05:44:25 | 난이도 변경 감지: easy → hard (새 채팅 생성)
2025-11-03 05:44:51 | 사용자 질문: BERT 논문의 방법론 부분만 요약해줘
2025-11-03 05:44:51 | Agent 실행 시작 (난이도: hard)
2025-11-03 05:45:00 | 선택된 도구: summarize (📄 논문 요약)
2025-11-03 05:45:00 | 답변 생성 완료 (90 글자)
2025-11-03 05:45:25 | 새 채팅 생성: 2a676204 (난이도: hard)
2025-11-03 05:45:32 | 채팅 전환: 376617c1
2025-11-03 05:45:36 | 채팅 전환: 9ff70274
2025-11-03 05:45:36 | 난이도 변경 감지: easy → hard (새 채팅 생성)
2025-11-03 05:45:36 | 용어집에 3개 용어 자동 저장
2025-11-03 05:45:39 | 채팅 전환: 9ff70274
2025-11-03 05:45:39 | 난이도 변경 감지: easy → hard (새 채팅 생성)
2025-11-03 05:45:45 | 채팅 전환: 2a676204
2025-11-03 05:45:48 | 채팅 전환: 9ff70274
2025-11-03 05:45:48 | 난이도 변경 감지: easy → hard (새 채팅 생성)
2025-11-03 05:45:49 | 채팅 삭제: aa73c349
2025-11-03 05:45:51 | 채팅 삭제: a1b1b541
2025-11-03 05:45:51 | 채팅 삭제: 2a676204
2025-11-03 05:45:52 | 채팅 삭제: 9ff70274
2025-11-03 05:45:58 | 난이도 변경 감지: hard → easy (새 채팅 생성)
2025-11-03 05:48:07 | 새 채팅 생성: 1a98210b (난이도: easy)
2025-11-03 05:51:15 | 난이도 변경 감지: easy → hard (새 채팅 생성)
2025-11-03 05:51:20 | 채팅 삭제: 1a98210b
2025-11-03 05:51:20 | 채팅 삭제: b871dc7e
2025-11-03 05:51:21 | 채팅 삭제: 5dbcb72c
2025-11-03 05:51:23 | 난이도 변경 감지: hard → easy (새 채팅 생성)
2025-11-03 05:53:00 | 사용자 질문: "딥러닝과 머신러닝의 차이는 뭐야?"
2025-11-03 05:53:00 | Agent 실행 시작 (난이도: easy)
2025-11-03 05:53:03 | 선택된 도구: glossary (📖 RAG 용어집)
2025-11-03 05:53:03 | 답변 생성 완료 (32 글자)
2025-11-03 05:53:07 | 용어집에 2개 용어 자동 저장
2025-11-03 05:55:10 | 채팅 전환: 376617c1
2025-11-03 05:55:10 | 난이도 변경 감지: hard → easy (새 채팅 생성)
2025-11-03 05:55:16 | 채팅 전환: 37148ca7
2025-11-03 06:00:20 | 사용자 질문: 안녕?
2025-11-03 06:00:20 | Agent 실행 시작 (난이도: easy)
2025-11-03 06:00:22 | 선택된 도구: general (🗣️ 일반 답변)
2025-11-03 06:00:22 | 답변 생성 완료 (151 글자)
