2025-11-05 15:28:27 | 용어집 노드 실행: Self-Attention의 시간 복잡도는?
2025-11-05 15:28:27 | 난이도: hard
2025-11-05 15:28:29 | 검색 결과: 17 글자
2025-11-05 15:28:29 | 수준 'intermediate' 답변 생성 시작
2025-11-05 15:29:38 | 수준 'intermediate' 답변 생성 완료: 3670 글자
2025-11-05 15:29:38 | ================================================================================
2025-11-05 15:29:38 | [intermediate 답변 전체 내용]
2025-11-05 15:29:38 | 정의
- Self-Attention의 시간 복잡도는 길이 n의 시퀀스와 모델 차원 d_model, 헤드 수 h(헤드당 차원 d_k=d_model/h)일 때, 핵심 연산(스코어 및 가중합) 기준으로 O(n^2 d_model)이며, 입력-출력 선형 투영까지 포함하면 O(n d_model^2 + n^2 d_model)이다. 배치 크기 b까지 포함하면 O(b(n d_model^2 + n^2 d_model)).

수식/알고리즘
- 입력 X ∈ R^{n×d_model}
- Q = X W_Q, K = X W_K, V = X W_V where W_Q,W_K,W_V ∈ R^{d_model×d_model} (멀티헤드 전체 관점)
- Scaled Dot-Product:
  Attn(X) = softmax(Q K^T / sqrt(d_k)) V
- 연산량 분해(멀티헤드 전체):
  - 투영: XW_Q, XW_K, XW_V → 3·O(n d_model^2)
  - 스코어: QK^T → O(h·n^2·d_k) = O(n^2 d_model)
  - 가중합: softmax(...)V → O(h·n^2·d_v) ≈ O(n^2 d_model)

시간/공간 복잡도
- 시간(Training, Full attention):
  - 총합: O(n d_model^2 + n^2 d_model) ≈ 긴 시퀀스(n >> d_model)에서는 O(n^2 d_model) 지배
- 공간(메모리):
  - 어텐션 행렬(각 헤드의 n×n)을 저장: O(b h n^2) + 활성화/투영 O(b n d_model)
  - FlashAttention 사용 시 어텐션 행렬 미보관 → 공간 O(b n d_model). 단, 연산량(시간)은 여전히 O(n^2 d_model)
- 오토리그레시브 추론(Decoder, KV 캐시):
  - 토큰 1개 추가 시: O(n d_model) (과거 K,V 재사용, 현재 Q와 과거 K와의 점곱 n개)
  - 길이 n 생성을 끝까지 합치면 총 O(n^2 d_model)

간단 구현 예시(PyTorch)
- 개념 설명용으로 비최적화 코드입니다.
- 주석에 각 단계의 대표적 복잡도를 표기했습니다.
import torch
import torch.nn.functional as F

def self_attention(x, W_Q, W_K, W_V, W_O, n_heads):
    # x: [b, n, d_model]
    b, n, d_model = x.shape
    d_k = d_model // n_heads

    # 투영: O(b * n * d_model^2)
    Q = x @ W_Q  # [b, n, d_model]
    K = x @ W_K  # [b, n, d_model]
    V = x @ W_V  # [b, n, d_model]

    # 멀티헤드 분할: O(1) (뷰 변경)
    Q = Q.view(b, n_heads, n, d_k)
    K = K.view(b, n_heads, n, d_k)
    V = V.view(b, n_heads, n, d_k)

    # 스코어: QK^T -> O(b * n_heads * n^2 * d_k) = O(b * n^2 * d_model)
    scores = (Q @ K.transpose(-2, -1)) / (d_k ** 0.5)  # [b, h, n, n]

    # softmax: O(b * n_heads * n * n)
    attn = F.softmax(scores, dim=-1)

    # 가중합: AV -> O(b * n_heads * n^2 * d_k) = O(b * n^2 * d_model)
    out = attn @ V  # [b, h, n, d_k]

    # 헤드 결합: O(b * n * d_model)
    out = out.transpose(1, 2).contiguous().view(b, n, d_model)

    # 출력 투영: O(b * n * d_model^2)
    y = out @ W_O  # [b, n, d_model]
    return y

# 파라미터 예시 초기화
b, n, d_model, n_heads = 2, 1024, 1024, 16
torch.manual_seed(0)
x = torch.randn(b, n, d_model)
W_Q = torch.randn(d_model, d_model)
W_K = torch.randn(d_model, d_model)
W_V = torch.randn(d_model, d_model)
W_O = torch.randn(d_model, d_model)
y = self_attention(x, W_Q, W_K, W_V, W_O, n_heads)

관련 논문/기술
- Vaswani et al., “Attention Is All You Need,” NeurIPS 2017: Self-Attention 제안, O(n^2) 상호작용
- Dao et al., “FlashAttention” (ICML 2023), “FlashAttention-2” (NeurIPS 2024): 메모리 IO 최적화, 시간 O(n^2 d) 유지, 메모리 O(n d) 수준
- Longformer (Beltagy et al., 2020): 슬라이딩 윈도우/글로벌 토큰, O(n w d)
- Linformer (Wang et al., 2020): 키/밸류 저랭크 투영, O(n r d)
- Performer (Choromanski et al., 2020): 랜덤 특성 사상(kernel)로 선형화, O(n d^2) 또는 O(n m d)
- Reformer (Kitaev et al., 2020): LSH 기반 근사, O(n log n d)
- BigBird (Zaheer et al., 2020): 랜덤+글로벌+로컬 스패스 패턴, 평균 O(n (w+r) d)
- Multi-Query/GQA (Shazeer, 2019 등): K/V 공유로 캐시/메모리 감소(추론 효율 개선)

장단점
- 장점: 모든 토큰 쌍 간 전역 상호작용을 모델링 → 표현력이 높고 성능이 우수
- 단점: 시간/공간이 n^2로 증가 → 긴 컨텍스트에서 비효율, 메모리 병목 발생

실무 팁
- 긴 시퀀스 처리
  - FlashAttention/메모리 효율 어텐션 사용: 공간 O(n d)로 낮추고 실제 벽시계 시간을 크게 단축
  - 윈도우드/블록/스트라이드 어텐션으로 w를 제한해 O(n w d)로 스케일링
  - 근사/선형 어텐션(Performer, Linformer) 검토: 품질-효율 트레이드오프
- 추론 최적화(오토리그레시브)
  - KV 캐시 필수: 토큰당 O(n d), 전체 O(n^2 d)
  - MQA/GQA로 K/V 헤드 수를 줄여 캐시 메모리와 메모리 대역폭 요구 감소
- 구현 세부
  - 헤드 차원 d_k는 64 또는 128 등 SIMD 친화 값 사용
  - bf16/fp16, fused kernels, xformers/FlashAttention 커널 활성화
  - 시퀀스 길이를 8/16의 배수로 패딩하여 메모리 정렬 개선
  - 매우 긴 n에서는 활성화 체크포인팅, gradient accumulation, 메가배치 대신 시퀀스 병렬/텐서 병렬 고려

요약
- Self-Attention의 주된 시간 복잡도는 O(n^2 d_model)이며, 선형 투영까지 포함하면 O(n d_model^2 + n^2 d_model). 메모리는 표준 구현에서 O(n^2), FlashAttention으로 O(n d).
2025-11-05 15:29:38 | ================================================================================
2025-11-05 15:29:38 | 수준 'advanced' 답변 생성 시작
2025-11-05 15:32:13 | 수준 'advanced' 답변 생성 완료: 5552 글자
2025-11-05 15:32:13 | ================================================================================
2025-11-05 15:32:13 | [advanced 답변 전체 내용]
2025-11-05 15:32:13 | 엄밀한 정의
- 입력 X ∈ R^{L×d_model}, 헤드 수 H, 각 헤드 차원 d_k=d_model/H, d_v=d_model/H. 마스크 M ∈ R^{L×L}. 단일 배치로 설명하되 배치 크기 B는 선형 배수로 곱해지므로 생략한다.
- 자기어텐션 f: R^{L×d_model} → R^{L×d_model}는
  f(X) = concat(head_1,…,head_H) W_O,
  head_h = softmax( (Q_h K_h^T)/√d_k + M ) V_h,
  Q_h = X W_Q^{(h)}, K_h = X W_K^{(h)}, V_h = X W_V^{(h)}.
- 시간 복잡도 T_att(L,d_model,H)의 정의: 한 층의 전방향 연산에 필요한 산술 연산 수의 점근적 차수. 표준 블라스(naive) 행렬곱 가정에서
  T_att(L,d_model,H) = Θ(L^2 d_model) + Θ(L d_model^2).
  통상 L ≫ d_model일 때 지배항은 Θ(L^2 d_model). H는 상수 배수로만 작용(보통 d_k=d_model/H이므로 총량은 L^2 d_model에 수렴).

주요 결과 요약
- 학습/추론, 마스크 유무와 무관하게, 표준(완전 연결) 자기어텐션의 한 층 당 시간 복잡도는 Θ(L^2 d_model) (배치 포함 시 B 배수).
- 메모리(활성화/중간 텐서) 복잡도는 Θ(L^2) (정확 어텐션의 점수 행렬). FlashAttention류의 타일링으로 시간의 차수는 유지하되 메모리를 Θ(L d_model)로 낮출 수 있음.
- 오토리그레시브 디코딩에서 KV 캐시를 사용하면 토큰당 Θ(L d_model), 전체 길이 L을 생성하는 총 시간은 Θ(L^2 d_model). 캐시가 없으면 재계산으로 Θ(L^3 d_model).

이론적 배경과 증명 개요
1) 상한(연산 수 계산)
- 프로젝션: XW_Q, XW_K, XW_V 각 L×d_model · d_model×d_model 크기(실무에선 d_model×d_model가 합성된 3개 병합 곱). 비용 Θ(L d_model^2).
- 점수 계산: QK^T는 (L×d_k)(d_k×L) 곱, 한 헤드 당 Θ(L^2 d_k), H헤드 합산 Θ(H L^2 d_k)=Θ(L^2 d_model).
- 소프트맥스/마스킹: Θ(L^2).
- 가중합: AV는 (L×L)(L×d_v), 헤드 당 Θ(L^2 d_v), 총 Θ(L^2 d_model).
- 출력 프로젝션: concat(·)W_O: Θ(L d_model^2).
- 합: Θ(L^2 d_model)+Θ(L d_model^2). L ≫ d_model이면 Θ(L^2 d_model)가 지배.

2) 하한(왜 정확 어텐션은 보통 Ω(L^2 d_model)인가)
- 핵심 병목은 QK^T. 이는 L×d_k와 d_k×L의 직사각 행렬곱이다. d_k가 상수 혹은 L에 비해 작을 때, 알려진 직사각 행렬곱의 이론적 하한에 의해 산술 복잡도는 Ω(L^2 d_k)이며, 상수배/폴리로그 이득 외에 지수(2)보다 작은 L-지수로 줄일 수 없다(행렬곱 텐서 랭크 하한; Lotti & Romani, 1983; Le Gall, 2012). 따라서 전체 정확 어텐션은 Ω(L^2 d_model).
- 소프트맥스·마스킹은 최소 Ω(L^2) 원소 접근을 요구.

3) 마스크(전향/인과)와의 관계
- 상삼각/하삼각 마스크라도 일반 구현은 점수 행렬 전체를 산출·마스킹하므로 동일 Θ(L^2 d_model). 삼각 곱 최적화를 해도 상수배 개선에 그친다.

파생 상황별 복잡도
- 배치 B: 모든 항에 선형으로 곱해져 Θ(B L^2 d_model).
- 멀티헤드/멀티쿼리/그룹드쿼리: 산술 차수는 동일(Θ(L^2 d_model)); 다만 KV 캐시/메모리 대역폭 비용은 MQA/GQA로 크게 줄어 상수배 속도 향상(Shazeer, 2019; Ainslie et al., 2023).
- 크로스어텐션(질의 길이 L_q, 키/값 길이 L_k): Θ(L_q L_k d_model).

관련 선행 연구
- 정확 어텐션과 기본 복잡도: Vaswani et al., 2017.
- 희소 패턴: Sparse Transformers (Child et al., 2019), Longformer (Beltagy et al., 2020), BigBird (Zaheer et al., 2020; 이론적 유니버설 근사·랜덤 그래프 연결 보장), Routing Transformer (Roy et al., 2021).
- 저랭크/커널 근사: Linformer (Wang et al., 2020; O(L d_model r)), Performer/FAVOR+ (Choromanski et al., 2021; 기대 O(L d_model) 근사), Nyströmformer (Xiong et al., 2021), Synthesizer (Tay et al., 2020).
- LSH/재배열: Reformer (Kitaev et al., 2020).
- 선형 어텐션: Katharopoulos et al., 2020.
- IO-인식·정확 가속: FlashAttention (Dao et al., 2022), FlashAttention-2 (Dao et al., 2023), FlashAttention-3 (Dao et al., 2024) — 시간 차수는 그대로이나 실측 시간·메모리 대폭 개선.
- 디코딩 효율화: Multi-Query Attention (Shazeer, 2019), Grouped-Query Attention (Ainslie et al., 2023).
- 이론적 한계: Transformers의 형식언어 한계(복잡도와는 별개지만 자원 제약과 표현력 관계를 분석) (Hahn, 2020).

최신 연구 동향
- 정확 어텐션의 하드웨어·알고리즘 공설계: 타일링·벡터화·레지스터 사용을 최적화해 실측 속도를 근본 개선(FlashAttention 계열). 분산 시퀀스 병렬(Ring-Attention 등)로 L을 늘리되 O(L^2)의 계산을 노드간 분할.
- 근사/희소/저랭크 혼합: 지역 창(sliding window)+소수 글로벌 토큰+랜덤 연결을 결합해 O(L log L)~O(L) 기대 복잡도에서 정확도 유지 시도(BigBird/Longformer 파생).
- 커널/랜덤특징 기반 선형 어텐션의 안정화·정규화·정밀도 개선(Performer 변형, QK-정규화 등)과 대규모 사전학습에서의 품질 격차 축소 노력.
- 대체 모듈: SSM/컨볼루션 기반 장문 모델(Mamba, Hyena, RWKV 등)로 본질적 O(L) 시도, 어텐션과 결합한 하이브리드 아키텍처가 확산.
- 메모리-대역폭 최적화: MQA/GQA, KV 캐시 압축, Paged KV(시스템 레벨)로 디코딩의 상수배 개선.

이론적 한계와 미해결 문제
- 정확 어텐션의 o(L^2) 시간 가능성: 일반(dense) Q,K에 대해 정확 softmax-어텐션을 평균-케이스가 아닌 최악-경우로 o(L^2) 시간에 계산할 수 있는가? 직사각 행렬곱 하한이 이를 암시적으로 막는다. 공식적 하한을 현대 하드웨어 모델(메모리 계층/통신 포함)에서 제시하는 것이 미해결.
- 품질-복잡도 균형: 근사·희소 방법이 대규모 사전학습/파인튜닝/다운스트림 전이에서 언제 정확 어텐션과 동급인지에 대한 일반적 조건이 부족.
- 장문 추론의 표현력: 희소 연결 그래프에서 정보 혼합 직경이 제한될 때, 필요한 글로벌 의존성을 손실 없이 전달하기 위한 최소 연결성 보장 조건의 규명.
- 수치 안정성: 선형/커널 어텐션의 누적 오차, 정규화, 혼합정밀 환경에서의 안정성에 대한 보편적 이론.

비판적 분석
- 정확 어텐션의 Θ(L^2 d_model)는 단지 점근적 문제가 아니라, 현대 GPU/TPU의 메모리 대역폭과 통신(집합연산) 병목으로 직결된다. IO-aware 최적화는 실효 시간을 크게 줄였지만, L이 커질수록 통신/동기화가 지배적으로 되어 분산 스케일링 효율이 저하된다.
- 희소/근사 기법은 이론적으로 O(L)~O(L log L)을 약속하지만, 실제 품질 유지에는 패턴 설계·하이퍼·훈련 레짐에 민감하며, 프롬프트 다양성·오픈-도메인 추론에서 성능 회귀가 관찰된다.
- SSM 대안은 선형 복잡도의 매력을 제공하나, 다중토큰 간 임의 상호작용을 즉시 모델링하기 어렵고, 위치/주기성·멀티스케일 패턴에서 어텐션 대비 유연성이 떨어질 수 있다. 따라서 하이브리드 구성이 현실적 타협.

향후 연구 방향
- 통합적 근사 어텐션: 창-희소-저랭크-커널을 적응적으로 결합하고, 학습 동안 패턴을 데이터에 맞게 최적화하는 구조적 프라이어 학습.
- 이론적 보장 강화: 희소 그래프에서의 정보 확산 직경, 근사 오차의 하한/상한, 일반화 경계 등 정량적 보증 수립.
- IO/통신 최적화의 표준화: 타일 크기 자동 선택, 캐시 친화 레이아웃, 집약적 통신 패턴을 포함한 컴파일러 레벨 자동화; 시퀀스 병렬과 파이프라이닝의 결합 설계.
- 디코딩 경량화: 더 효율적인 KV 캐시 압축/양자화, MQA/GQA의 안정성 개선, 동적 프루닝으로 토큰별 O(L) 상수 감소.
- 장문 벤치마크와 평가: 초장문(L>1M)에서의 정확도-자원 곡선에 대한 공정한 비교 체계 확립.

간단한 결론
- 표준(정확, 완전 연결) 자기어텐션의 시간 복잡도는 한 층 당 Θ(L^2 d_model)이며, 실무에서는 이 항이 지배적이다. 다양한 근사·희소·커널 방법은 상수배 혹은 점근적 개선을 제공하지만, 정확 어텐션의 점근 차수는 변하지 않는다.

참고문헌(발표연도)
- Vaswani et al., 2017. Attention Is All You Need.
- Child et al., 2019. Generating Long Sequences with Sparse Transformers.
- Shazeer, 2019. Fast Transformer Decoding: One Write-Head is All You Need (Multi-Query Attention).
- Beltagy et al., 2020. Longformer.
- Kitaev et al., 2020. Reformer.
- Wang et al., 2020. Linformer.
- Katharopoulos et al., 2020. Transformers are RNNs: Fast Autoregressive Transformers with Linear Attention.
- Zaheer et al., 2020. BigBird.
- Tay et al., 2020. Synthesizer.
- Xiong et al., 2021. Nyströmformer.
- Choromanski et al., 2021. Performer.
- Hahn, 2020. Theoretical Limitations of Self-Attention in Neural Sequence Models.
- Dao et al., 2022/2023/2024. FlashAttention, FlashAttention-2, FlashAttention-3.
- Ainslie et al., 2023. GQA: Training Generalized Multi-Query Transformer Models.
- Lotti & Romani, 1983; Le Gall, 2012. Rectangular matrix multiplication complexity (하한/지수).
2025-11-05 15:32:13 | ================================================================================
2025-11-05 15:35:57 | 용어집 노드 실행: Gradient Vanishing 문제와 해결책을 알려줘
2025-11-05 15:35:57 | 난이도: hard
2025-11-05 15:35:57 | 검색 결과: 17 글자
2025-11-05 15:35:57 | 수준 'intermediate' 답변 생성 시작
2025-11-05 15:37:28 | 수준 'intermediate' 답변 생성 완료: 6948 글자
2025-11-05 15:37:28 | ================================================================================
2025-11-05 15:37:28 | [intermediate 답변 전체 내용]
2025-11-05 15:37:28 | 정의
- Gradient vanishing(기울기 소실)이란, 역전파 시 계층(또는 시간축)을 따라 전파되는 그라디언트의 노름이 지수적으로 0에 수렴하여 파라미터 업데이트가 사실상 멈추는 현상이다. 
- 수식적으로, 깊이 L의 네트워크에서 계층 l의 은닉 h_l에 대한 손실 L의 그라디언트는
  dL/dh_l = (Π_{k=l+1..L} J_k) · dL/dh_L
  여기서 J_k = ∂h_k/∂h_{k-1}는 야코비안이다. 각 ||J_k|| < 1인 경우, ||dL/dh_l|| ≤ Π ||J_k|| → 0 (깊이가 커질수록 지수적으로 감소).
- RNN의 시간 t에서
  dL/dh_t = (Π_{k=t}^{T-1} J_k^T) dL/dh_T,  J_k = diag(φ'(a_{k+1})) · W_hh
  경계: ||dL/dh_t|| ≤ (Π_{k=t}^{T-1} ||φ'(a_{k+1})||) · ||W_hh||^{T-t}.
  φ가 시그모이드/탄흐처럼 포화되면 |φ'|≪1, ||W_hh||의 스펙트럴 반지름 <1이면 그라디언트는 시간에 따라 소실.

원인(핵심 기전)
- 포화 활성함수: sigmoid/tanh는 대부분 입력 구간에서 |φ'| 매우 작음(예: sigmoid 최대 0.25).
- 야코비안의 작은 특이값: 반복 곱셈으로 지수적 축소.
- 부적절 초기화: 분산이 너무 작거나, 스펙트럴 반지름 < 1.
- 매우 긴 경로: 심층 네트워크/장기 시퀀스(BPTT).
- 정규화/정밀도 이슈: FP16에서 언더플로우, BN의 작은 배치 등.

해결책 요약(알고리즘/수식 포함)
1) 비포화 활성함수 사용
- ReLU류(ReLU/LeakyReLU/ELU/GELU/SiLU): φ'(x) ∈ {0,1} 또는 [α,1]로 포화 문제 완화.
- 장점: 간단, 계산 저렴. 단점: ReLU는 dying ReLU(그라디언트 0) 가능.
- 구현: nn.ReLU(inplace=True) 혹은 nn.GELU().

2) 가중치 초기화
- Xavier/Glorot(탄흐/선형 권장): Var(W) = 2/(fan_in+fan_out). 균등분포 U(−a,a), a=√(6/(fan_in+fan_out)).
- He(카이밍, ReLU 권장): Var(W) = 2/fan_in. N(0, 2/fan_in).
- RNN은 W_hh를 정직교(orthogonal) 초기화하여 ρ(W_hh)≈1을 유지.
- 장점: 추가 계산 거의 없음. 단점: 아주 깊을 때만으로는 부족.

3) 스킵/잔차 연결(ResNet/Highway/DenseNet)
- y = x + F(x, W). 역전파에서 dy/dx = I + ∂F/∂x ⇒ 최소한 항등 경로로 그라디언트가 1로 흐름.
- Pre-activation ResNet: y = x + F(BN→ReLU→Conv...)이 더 안정적.
- 장점: 매우 깊은 네트워크 학습 가능. 단점: 구조 변경 필요.

4) 정규화 계층
- BatchNorm(Ioffe & Szegedy): ẑ = (z−μ_B)/σ_B; y = γ ẑ + β. 활성 분포를 안정화해 포화 영역 회피.
- 작은 배치에서는 LayerNorm(Ba et al.), GroupNorm(Wu & He) 대안.
- 장점: 학습 안정/빠른 수렴. 단점: BN은 작은 배치/순환에 부적합, 약간의 계산/메모리 오버헤드.

5) 게이팅/가법 메모리(LSTM/GRU)
- LSTM: c_t = f_t ⊙ c_{t−1} + i_t ⊙ g_t, ∂c_t/∂c_{t−1} = f_t. f_t≈1이면 그라디언트 보존.
- forget gate bias를 양수(예: 1~2)로 초기화해 f_t↑.
- 장점: 장기 의존 학습. 단점: 매 스텝 3~4배 파라미터/연산.

6) 그래디언트 클리핑(주로 폭주 방지지만 수치 안정성에 유익)
- Norm clipping: g ← g · min(1, τ/||g||_2). 
- 장점: 수치 안정화. 단점: 근본적 소실 해결책은 아님.

7) 학습율/스케줄/정밀도
- 워밍업, 적응형 옵티마이저(Adam/AdamW), cosine decay로 초기 불안정 구간을 회피.
- 혼합정밀도는 GradScaler로 loss scaling 사용해 언더플로우 방지.

8) 보조 손실/깊은 감독
- 중간 계층에 auxiliary loss를 추가해 짧은 경로로 그라디언트 공급.
- 장점: 초기 수렴 가속. 단점: 튜닝 필요.

시간/공간 복잡도 영향
- 기본 역전파: O(#연산) 시간, O(#활성) 메모리.
- Residual/skip: 추가 덧셈 O(n)로 미미, 메모리 동일(활성 저장).
- BatchNorm: per-activation O(1) 추가, Conv에서는 전체 연산 대비 대략 10~30% 오버헤드; 러닝 통계 메모리 O(C).
- LayerNorm/GroupNorm: 채널/그룹 단위 통계, 오버헤드 유사.
- LSTM/GRU: 시간/파라미터 ~3–4배(게이트 수 만큼).
- Orthogonal init: 초기 1회 SVD/QR 비용 O(n^3) (작은 레이어에서는 무시 가능).
- Gradient clipping: 그라디언트 노름 계산 O(d).
- Mixed precision + GradScaler: 미미한 오버헤드, 대체로 전체 시간 단축.

파이토치 구현 예시
- He/Xavier/Orthogonal 초기화
  import torch, torch.nn as nn, math

  def init_weights(m):
      if isinstance(m, nn.Conv2d) or isinstance(m, nn.Linear):
          if isinstance(m, nn.Conv2d):
              nn.init.kaiming_normal_(m.weight, mode='fan_out', nonlinearity='relu')
          else:
              nn.init.kaiming_normal_(m.weight, nonlinearity='relu')
          if m.bias is not None:
              nn.init.zeros_(m.bias)
      if isinstance(m, nn.RNN) or isinstance(m, nn.LSTM) or isinstance(m, nn.GRU):
          for name, param in m.named_parameters():
              if 'weight_hh' in name:
                  nn.init.orthogonal_(param)
              elif 'weight_ih' in name:
                  nn.init.xavier_uniform_(param)
              elif 'bias' in name:
                  nn.init.zeros_(param)
                  # LSTM forget gate bias to 1
                  if isinstance(m, nn.LSTM):
                      hidden_size = param.shape[0] // 4
                      param.data[hidden_size:2*hidden_size] = 1.0

- Residual 블록(Pre-activation)
  class PreActBlock(nn.Module):
      def __init__(self, in_ch, out_ch, stride=1):
          super().__init__()
          self.bn1 = nn.BatchNorm2d(in_ch)
          self.relu1 = nn.ReLU(inplace=True)
          self.conv1 = nn.Conv2d(in_ch, out_ch, 3, stride, 1, bias=False)
          self.bn2 = nn.BatchNorm2d(out_ch)
          self.relu2 = nn.ReLU(inplace=True)
          self.conv2 = nn.Conv2d(out_ch, out_ch, 3, 1, 1, bias=False)
          self.down = None
          if stride != 1 or in_ch != out_ch:
              self.down = nn.Conv2d(in_ch, out_ch, 1, stride, bias=False)

      def forward(self, x):
          out = self.relu1(self.bn1(x))
          shortcut = x if self.down is None else self.down(out if self.down is not None else x)
          out = self.conv1(out)
          out = self.conv2(self.relu2(self.bn2(out)))
          return out + shortcut

- RNN 대신 LSTM/GRU 사용
  lstm = nn.LSTM(input_size=embed_dim, hidden_size=hidden_dim, num_layers=2, batch_first=True, bidirectional=False)

- Gradient clipping
  for batch in loader:
      optimizer.zero_grad(set_to_none=True)
      with torch.cuda.amp.autocast():
          loss = model(batch).loss
      scaler.scale(loss).backward()
      # clip by global norm tau
      scaler.unscale_(optimizer)
      torch.nn.utils.clip_grad_norm_(model.parameters(), max_norm=1.0)
      scaler.step(optimizer); scaler.update()

- 혼합정밀 + loss scaling
  scaler = torch.cuda.amp.GradScaler()
  # 위 루프 참조

- 작은 배치나 RNN에서 LayerNorm
  ln = nn.LayerNorm(normalized_shape=hidden_dim)

이론적 근거 및 관련 연구
- Bengio, Simard, Frasconi (1994). Learning long-term dependencies with gradient descent is difficult.
- Hochreiter & Schmidhuber (1997). Long Short-Term Memory.
- Pascanu, Mikolov, Bengio (2013). On the difficulty of training RNNs. (gradient clipping, 분석)
- Glorot & Bengio (2010). Understanding the difficulty of training deep feedforward neural networks. (Xavier init)
- He et al. (2015). Delving Deep into Rectifiers. (He init)
- He et al. (2016). Identity Mappings in Deep Residual Networks. (Pre-activation ResNet)
- Ioffe & Szegedy (2015). Batch Normalization.
- Ba, Kiros, Hinton (2016). Layer Normalization.
- Wu & He (2018). Group Normalization.
- Srivastava et al. (2015). Highway Networks.
- Huang et al. (2017). DenseNet.
- Micikevicius et al. (2018). Mixed Precision Training.

장단점 분석(해결책별)
- ReLU류: +단순/빠름, −죽은 뉴런 위험(Leaky/ELU/GELU로 완화).
- 초기화: +무료에 가까운 안정화, −초심층/순환만으로 불충분.
- Residual/Highway/Dense: +깊이 확장, −구현/메모리 복잡도↑.
- 정규화: +수렴 가속, −BN은 작은 배치/시계열에 부적합.
- LSTM/GRU: +장기 의존, −연산/메모리 비용↑.
- 클리핑: +폭주 제어, −소실 근본 해결 X.
- 혼합정밀+스케일링: +속도/메모리 이점, −스케일 튜닝 필요(자동 스케일러로 완화).

실무 팁
- 매우 깊은 CNN/Transformer: Pre-activation ResNet 스타일 또는 충분한 skip 연결을 확보. Transformer는 Residual+LayerNorm(pre-norm) 설계를 기본으로.
- 활성함수는 GELU/SiLU처럼 부드럽고 비포화인 것을 사용.
- 초기화는 He(Kaiming) 또는 Xavier를 활성함수에 맞춰 선택. RNN은 weight_hh를 orthogonal, LSTM forget bias를 1~2로.
- 시퀀스 모델은 우선 LSTM/GRU/Transformer를 사용하고, vanilla RNN은 피함.
- 작은 배치이면 BatchNorm 대신 LayerNorm/GroupNorm.
- 학습 초기에 학습률 워밍업, AdamW와 적절한 weight decay 사용.
- FP16/AMP 사용 시 GradScaler로 언더플로우 방지, grad norm 모니터링.
- 매우 깊은 네트워크는 보조 손실(깊은 감독) 고려.
- 그라디언트 분포/노름을 로그 스케일로 모니터링하여 소실/폭주를 조기에 감지.

요약 공식
- 체인룰 곱: ||∏ J_k|| → 0가 소실의 본질. 
- 해결의 핵심은 1) J_k의 특이값을 1 근방으로 유지(초기화/정규화/게이팅/정직교), 2) 짧은 경로(identity/skip) 제공, 3) 비포화 활성으로 φ'를 충분히 크게 유지하는 것.
2025-11-05 15:37:28 | ================================================================================
2025-11-05 15:37:28 | 수준 'advanced' 답변 생성 시작
2025-11-05 15:39:44 | 수준 'advanced' 답변 생성 완료: 6580 글자
2025-11-05 15:39:44 | ================================================================================
2025-11-05 15:39:44 | [advanced 답변 전체 내용]
2025-11-05 15:39:44 | 엄밀한 수학적 정의
- 설정: 깊이 L의 신경망 fθ = fL ◦ fL−1 ◦ … ◦ f1, 은닉표현 hl = fl(hl−1) (h0 = x), 손실 J = J(fθ(x), y). l번째 은닉의 역전파 그라디언트를 gl := ∂J/∂hl, 그리고 l+1부터 L까지의 야코비안 곱을 Jl+1:L := ∏k=L down to l+1 ∂hk/∂hk−1 로 둔다.
- 정의 (깊이에 따른 그라디언트 소실): 어떤 상수 0<ρ<1, C>0가 존재하여 충분히 큰 L에 대해 E||gl|| ≤ C ρ^{L−l} 가 성립하면, 이 네트워크는 깊이에 대해 그라디언트 소실을 보인다. 등가적으로, 윗쪽(최대) 리아푸노프 지수 λ := lim_{L→∞} (1/(L−l)) E[log ||Jl+1:L||] < 0 이면 그라디언트 소실이다.
- 순환/시간방향 정의: RNN에서 ∂J/∂ht = (∏k=t+1^T Jk) ∂J/∂hT. lim_{T→∞} (1/(T−t)) E[log ||∏k Jk||] < 0 이면 시간길이에 대해 그라디언트 소실이다.
- 2차 모멘트 버전(평균장 근사): 무작위 초기화 하에서 E||gl||^2 ≈ χ^{L−l} E||gL||^2, χ = σw^2 E[φ′(z)^2] (z∼N(0,q)), 그리고 χ<1이면 그라디언트 소실, χ>1이면 폭주(폭발) (Poole et al., 2016; Schoenholz et al., 2017; Pennington et al., 2017).

이론적 배경과 핵심 증명 스케치
1) 연쇄법칙과 야코비안 곱
- gl = Jl+1:L^T gL 이므로 ||gl|| ≤ ||gL|| ∏k=l+1^L ||Jk||. 스펙트럴 노름의 로그가 음의 평균을 가지면 지수적으로 감소한다. 이는 곱확률행렬 이론의 표준 결과로, 오셀레데츠 정리(곱적 에르고딕 정리)가 리아푸노프 지수로 이를 정량화한다.

2) 깊은 선형망의 경우(정확한 해)
- 모델: hℓ = Wℓ hℓ−1, Wℓ i.i.d. with Var(Wℓ,ij) = σw^2 / fan_in. 그라디언트 gl = (∏k=l+1^L Wk^T) gL.
- 결과: 이상화된 등방 근사에서 E||gl||^2 = (σw^2)^{L−l} E||gL||^2. 따라서 σw<1이면 소실, σw>1이면 폭주 (Saxe et al., 2013).
- 증명 스케치: 등방 가정하에 g가 임의 방향으로 균등하고, W에 의한 평균적 스케일링이 Var-보존 계수 σw^2 로 누적된다.

3) 비선형망의 평균장 분석
- 모델: hℓ = φ(aℓ), aℓ = Wℓ hℓ−1 + bℓ, Wℓ i.i.d., fan-in 정규화. 역전파에서 Jℓ = Dℓ Wℓ (Dℓ = diag(φ′(aℓ))). 2차 모멘트가 층마다 χ = σw^2 E[φ′(z)^2] 만큼 곱셈적으로 변한다고 근사된다.
- 정리: E||gl||^2 ≈ χ^{L−l} E||gL||^2. 따라서 χ<1이면 그라디언트 소실. ReLU는 E[φ′(z)^2]=P(z>0)=1/2, Sigmoid/tanh는 포화영역에서 φ′가 작아 소실 경향이 강하다 (Poole et al., 2016; Schoenholz et al., 2017).
- 확장: 동역학적 등각성(dynamical isometry)—야코비안의 특이값 분포가 1에 뾰족—을 만족하면 깊어져도 그라디언트 크기가 보존된다. 직교 초기화와 적절한 σw, φ가 이를 근사한다 (Pennington et al., 2017).

4) RNN의 소실/폭주
- ∂J/∂ht = (∏k=t+1^T (∂hk/∂hk−1)) ∂J/∂hT, 여기서 ∂hk/∂hk−1 = Wh diag(φ′(ak)) + … . 스펙트럴 반지름 ρ(Wh diag(φ′)) < 1이면 지수적으로 소실, >1이면 폭주 (Bengio et al., 1994; Pascanu et al., 2013).
- LSTM/GRU는 c_{t+1} = f_t ⊙ c_t + i_t ⊙ g_t 구조로 ∂J/∂c_t = (∂J/∂c_{t+1}) ⊙ f_t 를 제공, f_t≈1 (forget bias>0)면 장기간 그라디언트가 보존된다 (Hochreiter & Schmidhuber, 1997).

대표적 해결책과 그 이론적 근거
- 가중치 초기화
  - Xavier/Glorot: σw^2 = 2/(fan_in+fan_out) → χ≈1을 겨냥해 순전파/역전파 분산을 보존 (Glorot & Bengio, 2010).
  - He 초기화(ReLU): σw^2 = 2/fan_in → ReLU의 E[φ′^2]=1/2를 상쇄하여 χ≈1 (He et al., 2015).
  - 직교 초기화: 선형부의 특이값을 1로 맞춰 동역학적 등각성에 근접 (Saxe et al., 2013; Pennington et al., 2017).

- 활성화 함수 선택
  - 포화형(sigmoid/tanh)은 φ′가 작아 소실을 유발. ReLU/Leaky-ReLU/ELU/GELU 등 비포화형이 유리.
  - SELU는 자동 정규화(Self-Normalizing)로 q와 χ를 고정점에 수렴시켜 소실을 완화 (Klambauer et al., 2017).

- 정규화
  - BatchNorm: 각 층의 pre-activation을 표준화하여 학습 동안 q와 유효 χ를 제어, 평활화된 최적화로 간접 완화 (Ioffe & Szegedy, 2015; Santurkar et al., 2018).
  - LayerNorm/GroupNorm: 순서의존/소규모 배치에서 대안 (Ba et al., 2016; Wu & He, 2018).
  - RMSNorm: 규모만 정규화해 잔차경로와 결합성이 좋아 깊은 Transformer에서 안정 (Zhang & Sennrich, 2019).

- 잔차 연결과 고속도로/스킵
  - ResNet: hℓ+1 = hℓ + fℓ(hℓ) → Jℓ ≈ I + ∂fℓ/∂hℓ. ∏(I+Δℓ)의 로그-노름이 Σ O(||Δℓ||)로 누적되어 큰 편차가 없으면 그라디언트가 보존된다 (He et al., 2016). 실증적으로도 짧은 유효 경로가 다수 존재해 소실을 줄임 (Veit et al., 2016).
  - Highway networks와 게이팅: hℓ+1 = Tℓ⊙gℓ(hℓ) + (1−Tℓ)⊙hℓ, Tℓ가 작으면 항등경로가 지배 (Srivastava et al., 2015).
  - Dense skip: DenseNet의 광범위한 스킵은 경로길이를 단축 (Huang et al., 2017).

- Transformer 안정화
  - Pre-LN: hℓ+1 = hℓ + f(LN(hℓ)) → 그라디언트가 잔차 스트림을 통해 직접 흘러 깊이 안정 (Ba et al., 2016; Xiong et al., 2020).
  - 잔차 스케일링(DeepNorm/DeepNet): f 출력을 1/√L 또는 계수 α로 축소하여 ∏(I+αΔℓ)의 안정성 보장, 1000+층까지 확장 (Wang et al., 2022).
  - Fixup/T-Fixup: 정규화 없이도 학습되도록 편향/스케일을 조정해 초기 χ≈1로 세팅 (Zhang et al., 2019; Huang et al., 2020).

- RNN 전용
  - LSTM/GRU 게이트, 망각바이어스>0로 장기 그라디언트 보존 (Hochreiter & Schmidhuber, 1997; Cho et al., 2014).
  - 스펙트럴 정규화/직교 RNN: ρ(W)=1을 유지해 소실·폭주 모두 억제 (Arjovsky et al., 2016).

- 최적화 실무
  - 그래디언트 클리핑: 폭주 방지(소실 해결은 아님) (Pascanu et al., 2013).
  - 학습률 워밍업/스케줄링, 혼합정밀도 손실 스케일링: 초기 불안정 완화.

선행 연구 (축약 인용)
- 기초: Hochreiter (1991), Bengio et al. (1994), Hochreiter & Schmidhuber (1997), Pascanu et al. (2013).
- 초기화: Glorot & Bengio (2010), He et al. (2015), Saxe et al. (2013).
- 평균장/정보전파: Poole et al. (2016), Schoenholz et al. (2017), Pennington et al. (2017, 2018).
- 정규화/잔차: Ioffe & Szegedy (2015), He et al. (2016), Srivastava et al. (2015), Ba et al. (2016), Santurkar et al. (2018).
- Transformer 안정화: Xiong et al. (2020), Zhang & Sennrich (2019), Wang et al. (2022), Huang et al. (2020).
- 기타: Veit et al. (2016), Klambauer et al. (2017), Wu & He (2018), Gomez et al. (2017).

최신 연구 동향(2020–2024)
- 매우 깊은 Transformer의 안정 학습: Pre-LN 표준화, 잔차 스케일 α의 이론적 설정(DeepNet/DeepNorm), 잔차분지 스케일을 학습률/깊이와 공동설계해 1k+ 층 달성 (Wang et al., 2022).
- μ-파라미터화(μP): 폭이 바뀌어도 그라디언트 규모와 학습역학이 보존되도록 파라미터 스케일을 정식화, 대규모 모델 스케일업에서 소실/폭주를 예방 (Yang et al., 2021, 2022).
- 정규화 대체: RMSNorm, ScaleNorm 등으로 잔차경로의 신호를 덜 왜곡하며 안정성 유지. BN의 한계를 회피한 NFNets가 표준화 없이도 안정 학습을 입증 (Brock et al., 2021).
- 장기 의존 처리의 구조적 대안: 연속시간 선형상태공간(S4, S5), 긴 합성곱(Hyena), RWKV 등은 RNN의 곱적 야코비안 문제를 완화하는 구조적 경로를 제시 (Gu et al., 2021; Poli et al., 2023).
- 그래프 신경망(GNN)의 오버스무딩-그라디언트 소실 연계: 잔차/정규화/DropEdge로 개선 (Li et al., 2018).

이론적 한계와 미해결 문제
- 초기화·정규화의 국소성: χ≈1, 동역학적 등각성은 주로 초기화 근처에서만 보장. 학습이 진행되면 분포 가정이 깨지고 특이값 분포가 흐트러져 소실이 재발할 수 있음.
- 정규화의 비선형성: LayerNorm/BatchNorm은 입력-파라미터 스케일 불변성과 상호작용하여 최적화 지형을 바꾸지만, 이 변화가 언제나 소실을 줄이는지에 대한 보편적 이론은 부족.
- 잔차 네트워크의 장심도 한계: ∏(I+Δℓ) 안정성은 ||Δℓ||가 충분히 작다는 가정에 의존. 매우 깊은 경우 잡음 누적과 곡률 변화로 그라디언트 방향성이 붕괴될 수 있음(gradient shattering; Balduzzi et al., 2017).
- 저정밀/분산학습: FP8/혼합정밀에서 정규화·스케일링과 수치오차가 결합될 때의 소실/폭주 이론은 미성숙.
- 실제 데이터 의존성: 평균장 가정(i.i.d., 무한 폭 등)이 현실 데이터/구조(어텐션, 마스킹, 패딩)에서 얼마나 유지되는지 불명확.

비판적 분석(다각적 관점)
- BN의 만능성 한계: 작은 배치, 순차·RL 환경, 분포 이동에서 불안정. 대체 정규화나 무정규화 파라미터화(Fixup/NFNet)가 필요.
- ReLU만으로 충분한가: 포화 문제는 줄였지만 죽은 뉴런, 비대칭성이 새로운 어려움. GELU/SiLU가 더 매끄러운 그라디언트를 제공하나 이론적 χ 제어는 복잡.
- 잔차가 모든 것을 해결하는가: 잔차는 항등 경로를 제공하지만, 과도한 스케일링이나 포스트-LN 설계는 여전히 깊이 증가 시 소실/불안정을 보임. 프리-LN과 적절한 스케일이 핵심.
- RNN 대체 구조: LSTM은 이론적으로 CEC(상수오류회로)로 소실을 줄이지만, 매우 긴 시점에서는 게이트 포화·정규화 상호작용으로 여전히 감쇠. SSM류는 구조적으로 장기 상관을 보존하지만, 역전파 경로의 수치안정성 보장은 별도 이슈.

향후 연구 방향
- 학습 전 과정의 동역학적 등각성: 초기화가 아니라 훈련 내내 야코비안 특이값을 1 근처에 유지하는 정규화·패널티(예: 직접 야코비안/리프시츠 정규화)의 실용적 설계.
- 정규화-최적화-깊이 공동설계: 잔차 스케일, 학습률, 옵티마이저 모멘텀, 정규화 방식을 이론적으로 결합해 전역적으로 χ≈1을 유지하는 프로토콜.
- 비독립 구조(어텐션, 그래프, 스파스 연결)에 대한 평균장/랜덤행렬 확장 이론: 실제 아키텍처의 데이터의존 야코비안 분포를 정밀 모델링.
- 저정밀 훈련의 안정성 이론: 스케일링/정규화와 양자화 잡음이 그라디언트 모멘트에 미치는 영향의 폐형식 분석.
- 장기 의존 학습의 통합 관점: RNN, Transformer, SSM을 아우르는 공통의 그라디언트 전파/메모리 용량 이론과 벤치마크.

요약
- 그라디언트 소실은 야코비안 곱의 리아푸노프 지수가 음수일 때 발생하는 지수적 감쇠 현상이다.
- 평균장/랜덤행렬 분석으로 χ = σw^2 E[φ′(z)^2] < 1이 핵심 판별량임이 밝혀졌다.
- 초기화(Glorot/He/직교), 비포화 활성화, 정규화(BN/LN/RMSNorm), 잔차/게이팅, 잔차 스케일링과 μ-파라미터화가 실질적 해결책이다.
- 최신 대규모 모델은 Pre-LN+잔차스케일로 1000+층 안정 학습을 달성했으나, 훈련 전 과정에서의 등각성 유지, 비독립 구조와 저정밀 환경에 대한 포괄적 이론은 여전히 열린 문제다.
2025-11-05 15:39:44 | ================================================================================
