2025-11-05 15:04:34 | RAG 검색 노드 실행: "Attention Is All You Need" 논문 요약해서 저장해줘
2025-11-05 15:04:34 | 난이도: easy
2025-11-05 15:04:35 | 검색 결과: 4382 글자
2025-11-05 15:04:35 | 수준 'elementary' 답변 생성 시작
2025-11-05 15:04:38 | 수준 'elementary' 답변 생성 완료: 657 글자
2025-11-05 15:04:38 | ================================================================================
2025-11-05 15:04:38 | [elementary 답변 전체 내용]
2025-11-05 15:04:38 | 📚 **"중요한 것 찾기 대작전"** (Attention Is All You Need) 논문을 소개할게요!  

1. **"번역 기계의 핵심 기술"** 🌐  
   - 이 논문은 컴퓨터 번역(예: 영어→한국어)을 더 정확하게 만드는 방법을 연구해요.  
   - "중요한 단어"만 집중해서 번역하는 기술로, 번역 품질이 엄청 올라갔대요! ✨  
   - (저자: Vaswani 과학자 팀, 2017)  

2. **"다양한 답변 찾기"** 🔍  
   - 번역이나 문장에서 여러 가지 가능한 결과를 창의적으로 제시하는 방법이에요.  
   - 예를 들어 "사과"라는 단어가 과일인지, 컴퓨터 회사인지 구분하는 데 도움을 줘요!  
   - (저자: Vijayakumar 과학자 팀, 2016)  

3. **"음성 인식 업그레이드"** 🎤  
   - 사람의 말을 텍스트로 바꿀 때 불필요한 정보를 걸러내고 핵심만 잡는 기술이에요.  
   - 긴 음성도 빠르게 정확하게 변환할 수 있게 해줘요!  
   - (저자: Zhao 과학자 팀, 2022)  

> 🔍 **참고**: "Attention Is All You Need"는 모든 AI 모델에 적용 가능한 핵심 아이디어로,  
> 요즘 대부분의 번역/음성 인식 기술에 사용되고 있답니다! (예: 구글 번역, Siri 등)
2025-11-05 15:04:38 | ================================================================================
2025-11-05 15:04:38 | 수준 'beginner' 답변 생성 시작
2025-11-05 15:04:44 | 수준 'beginner' 답변 생성 완료: 1480 글자
2025-11-05 15:04:44 | ================================================================================
2025-11-05 15:04:44 | [beginner 답변 전체 내용]
2025-11-05 15:04:44 | "Attention Is All You Need" 논문은 검색 결과에 직접 포함되지 않았지만, 관련 논문들에서 자주 인용되고 있습니다. 아래는 해당 논문의 핵심 내용을 쉽게 요약한 것입니다:

---

### 1. **"Attention Is All You Need" (Vaswani et al., 2017)**  
- **핵심 내용**:  
  - 기존의 순환신경망(RNN, LSTM)이나 합성곱신경망(CNN) 없이 **"트랜스포머(Transformer)"** 라는 새로운 모델 제안.  
  - 모든 작업이 **"셀프 어텐션(Self-Attention)"** 메커니즘으로 처리되며, 입력 데이터의 장기적 의존성(Long-Term Dependencies)을 효과적으로 학습.  
  - 병렬 처리가 가능해 RNN보다 훨씬 빠른 훈련 속도.  
  - 번역 작업에서 기존 모델 대비 뛰어난 성능 달성.  

- **중요한 이유**:  
  - 현재 대부분의 자연어 처리(NLP) 및 생성 모델(예: GPT, BERT)의 기반이 되는 아키텍처.  
  - 어텐션 메커니즘의 중요성을 입증하며, AI 분야의 패러다임을 바꾼 논문.  

- **유사도 점수**:  
  - 검색된 논문에서 간접적으로 참조되며, 특히 **논문 4, 5**에서 어텐션 개선 연구로 연결됨.  

---

### 검색 결과 중 관련 논문 요약 (최대 2개)  
#### 1. **"Neural Machine Translation: A Review and Survey" (Stahlberg, 2019)**  
- **핵심 내용**:  
  - 신경망 기반 기계 번역(NMT)의 발전사를 종합적으로 리뷰.  
  - 어텐션 메커니즘, 트랜스포머 모델 등 주요 기술 설명.  
- **중요성**:  
  - NMT 분야의 전체 맥락을 이해하는 데 도움이 되는 길잡이 논문.  

#### 4. **"Adaptive Sparse and Monotonic Attention..." (Zhao et al., 2022)**  
- **핵심 내용**:  
  - 트랜스포머의 어텐션 메커니즘을 **음성 인식**에 적용해 효율성 개선.  
  - 불필요한 계산을 줄이는 "희소 어텐션(Sparse Attention)" 제안.  
- **중요성**:  
  - 트랜스포머를 실제 응용 분야(음성 인식)에 최적화한 사례.  

---

### 쉽게 이해하는 키워드  
- **트랜스포머**: 문장을 처리할 때 단어 간 관계를 동시에 분석하는 모델.  
- **어텐션 메커니즘**: 중요한 단어에 가중치를 주어 집중하는 기술 (예: "사과를 먹는다"에서 "사과"에 집중).  
- **셀프 어텐션**: 문장 내 모든 단어 간의 관계를 스스로 계산하는 방식.  

참고로, "Attention Is All You Need" 논문의 PDF는 [이곳](http://papers.nips.cc/paper/7181-attention-is-all-you-need.pdf)에서 무료로 볼 수 있습니다! 😊
2025-11-05 15:04:44 | ================================================================================
